Dec 14, 2012 11:01:02 AM project5.ActorLogger$class log
INFO: id:project5.Node@37de41ce | ts:1 | event:SEND | to/from:project5.Node@6266458b | msg:joinNW(project5.Node@37de41ce) | desc:
Dec 14, 2012 11:01:02 AM project5.ActorLogger$class log
INFO: id:project5.Node@37de41ce | ts:98 | event:RECEIVE | to/from:project5.Node@6266458b | msg:ackJoin(project5.routingTable@2e1972bf) | desc:
Dec 14, 2012 11:01:02 AM project5.ActorLogger$class log
INFO: id:project5.Node@37de41ce | ts:99 | event:SEND | to/from:project5.Node@6266458b | msg:joinedNW | desc:
Dec 14, 2012 11:01:02 AM project5.ActorLogger$class log
INFO: id:project5.Node@37de41ce | ts:102 | event:RECEIVE | to/from:project5.Node@6266458b | msg:joinedNWAck | desc:
Dec 14, 2012 11:01:03 AM project5.ActorLogger$class log
INFO: id:project5.Node@37de41ce | ts:105 | event:RECEIVE | to/from:project5.Node@6266458b | msg:MsgMsg(project5.Node@6266458b,f485aa8a,0) | desc:
Dec 14, 2012 11:01:03 AM project5.ActorLogger$class log
INFO: id:project5.Node@37de41ce | ts:106 | event:SEND | to/from:project5.Node@6266458b | msg:MsgDelivered(1) | desc:
Dec 14, 2012 11:01:03 AM project5.ActorLogger$class log
INFO: id:project5.Node@37de41ce | ts:107 | event:RECEIVE | to/from:project5.Node@6266458b | msg:MsgMsg(project5.Node@6266458b,d17dabdd,0) | desc:
Dec 14, 2012 11:01:03 AM project5.ActorLogger$class log
INFO: id:project5.Node@37de41ce | ts:108 | event:SEND | to/from:project5.Node@6266458b | msg:MsgDelivered(1) | desc:
Dec 14, 2012 11:01:03 AM project5.ActorLogger$class log
INFO: id:project5.Node@37de41ce | ts:109 | event:RECEIVE | to/from:project5.Node@6266458b | msg:MsgMsg(project5.Node@6266458b,001740ff,0) | desc:
Dec 14, 2012 11:01:03 AM project5.ActorLogger$class log
INFO: id:project5.Node@37de41ce | ts:110 | event:SEND | to/from:project5.Node@6266458b | msg:MsgDelivered(1) | desc:
Dec 14, 2012 11:01:03 AM project5.ActorLogger$class log
INFO: id:project5.Node@37de41ce | ts:111 | event:RECEIVE | to/from:project5.Node@6266458b | msg:MsgMsg(project5.Node@6266458b,73837ba1,0) | desc:
Dec 14, 2012 11:01:03 AM project5.ActorLogger$class log
INFO: id:project5.Node@37de41ce | ts:112 | event:SEND | to/from:project5.Node@6266458b | msg:MsgDelivered(1) | desc:
Dec 14, 2012 11:01:03 AM project5.ActorLogger$class log
INFO: id:project5.Node@37de41ce | ts:113 | event:RECEIVE | to/from:project5.Node@6266458b | msg:MsgMsg(project5.Node@6266458b,25fd6831,0) | desc:
Dec 14, 2012 11:01:03 AM project5.ActorLogger$class log
INFO: id:project5.Node@37de41ce | ts:114 | event:SEND | to/from:project5.Node@6266458b | msg:MsgDelivered(1) | desc:
Dec 14, 2012 11:01:03 AM project5.ActorLogger$class log
INFO: id:project5.Node@37de41ce | ts:115 | event:RECEIVE | to/from:project5.Node@6266458b | msg:MsgMsg(project5.Node@6266458b,a5cc64b5,0) | desc:
Dec 14, 2012 11:01:03 AM project5.ActorLogger$class log
INFO: id:project5.Node@37de41ce | ts:116 | event:SEND | to/from:project5.Node@6266458b | msg:MsgDelivered(1) | desc:
Dec 14, 2012 11:01:03 AM project5.ActorLogger$class log
INFO: id:project5.Node@37de41ce | ts:117 | event:RECEIVE | to/from:project5.Node@6266458b | msg:MsgMsg(project5.Node@6266458b,7076119a,0) | desc:
Dec 14, 2012 11:01:03 AM project5.ActorLogger$class log
INFO: id:project5.Node@37de41ce | ts:118 | event:SEND | to/from:project5.Node@6266458b | msg:MsgDelivered(1) | desc:
Dec 14, 2012 11:01:03 AM project5.ActorLogger$class log
INFO: id:project5.Node@37de41ce | ts:119 | event:RECEIVE | to/from:project5.Node@6266458b | msg:MsgMsg(project5.Node@6266458b,386af8d9,0) | desc:
Dec 14, 2012 11:01:03 AM project5.ActorLogger$class log
INFO: id:project5.Node@37de41ce | ts:120 | event:SEND | to/from:project5.Node@6266458b | msg:MsgDelivered(1) | desc:
Dec 14, 2012 11:01:03 AM project5.ActorLogger$class log
INFO: id:project5.Node@37de41ce | ts:121 | event:RECEIVE | to/from:project5.Node@6266458b | msg:MsgMsg(project5.Node@6266458b,a36789ce,0) | desc:
Dec 14, 2012 11:01:03 AM project5.ActorLogger$class log
INFO: id:project5.Node@37de41ce | ts:122 | event:SEND | to/from:project5.Node@6266458b | msg:MsgDelivered(1) | desc:
Dec 14, 2012 11:01:03 AM project5.ActorLogger$class log
INFO: id:project5.Node@37de41ce | ts:123 | event:RECEIVE | to/from:project5.Node@6266458b | msg:MsgMsg(project5.Node@689fda41,794acab4,2) | desc:
Dec 14, 2012 11:01:03 AM project5.ActorLogger$class log
INFO: id:project5.Node@37de41ce | ts:124 | event:SEND | to/from:project5.Node@689fda41 | msg:MsgDelivered(3) | desc:
Dec 14, 2012 11:01:03 AM project5.ActorLogger$class log
INFO: id:project5.Node@37de41ce | ts:125 | event:RECEIVE | to/from:project5.Node@6266458b | msg:MsgMsg(project5.Node@689fda41,2d30048c,2) | desc:
Dec 14, 2012 11:01:03 AM project5.ActorLogger$class log
INFO: id:project5.Node@37de41ce | ts:126 | event:SEND | to/from:project5.Node@689fda41 | msg:MsgDelivered(3) | desc:
Dec 14, 2012 11:01:03 AM project5.ActorLogger$class log
INFO: id:project5.Node@37de41ce | ts:127 | event:RECEIVE | to/from:project5.Node@6266458b | msg:MsgMsg(project5.Node@689fda41,9e101d55,2) | desc:
Dec 14, 2012 11:01:03 AM project5.ActorLogger$class log
INFO: id:project5.Node@37de41ce | ts:128 | event:SEND | to/from:project5.Node@689fda41 | msg:MsgDelivered(3) | desc:
Dec 14, 2012 11:01:03 AM project5.ActorLogger$class log
INFO: id:project5.Node@37de41ce | ts:129 | event:RECEIVE | to/from:project5.Node@6266458b | msg:MsgMsg(project5.Node@689fda41,a220d6eb,2) | desc:
Dec 14, 2012 11:01:03 AM project5.ActorLogger$class log
INFO: id:project5.Node@37de41ce | ts:130 | event:SEND | to/from:project5.Node@689fda41 | msg:MsgDelivered(3) | desc:
Dec 14, 2012 11:01:03 AM project5.ActorLogger$class log
INFO: id:project5.Node@37de41ce | ts:131 | event:RECEIVE | to/from:project5.Node@6266458b | msg:MsgMsg(project5.Node@689fda41,9894a5fe,2) | desc:
Dec 14, 2012 11:01:03 AM project5.ActorLogger$class log
INFO: id:project5.Node@37de41ce | ts:132 | event:SEND | to/from:project5.Node@689fda41 | msg:MsgDelivered(3) | desc:
Dec 14, 2012 11:01:03 AM project5.ActorLogger$class log
INFO: id:project5.Node@37de41ce | ts:133 | event:RECEIVE | to/from:project5.Node@6266458b | msg:MsgMsg(project5.Node@5dccb1dd,a452afbf,1) | desc:
Dec 14, 2012 11:01:03 AM project5.ActorLogger$class log
INFO: id:project5.Node@37de41ce | ts:134 | event:SEND | to/from:project5.Node@5dccb1dd | msg:MsgDelivered(2) | desc:
Dec 14, 2012 11:01:03 AM project5.ActorLogger$class log
INFO: id:project5.Node@37de41ce | ts:135 | event:RECEIVE | to/from:project5.Node@6266458b | msg:MsgMsg(project5.Node@5dccb1dd,47904d9c,1) | desc:
Dec 14, 2012 11:01:03 AM project5.ActorLogger$class log
INFO: id:project5.Node@37de41ce | ts:136 | event:SEND | to/from:project5.Node@5dccb1dd | msg:MsgDelivered(2) | desc:
Dec 14, 2012 11:01:03 AM project5.ActorLogger$class log
INFO: id:project5.Node@37de41ce | ts:137 | event:RECEIVE | to/from:project5.Node@6266458b | msg:MsgMsg(project5.Node@5dccb1dd,82b751ec,1) | desc:
Dec 14, 2012 11:01:03 AM project5.ActorLogger$class log
INFO: id:project5.Node@37de41ce | ts:138 | event:SEND | to/from:project5.Node@5dccb1dd | msg:MsgDelivered(2) | desc:
Dec 14, 2012 11:01:03 AM project5.ActorLogger$class log
INFO: id:project5.Node@37de41ce | ts:139 | event:RECEIVE | to/from:project5.Node@6266458b | msg:MsgMsg(project5.Node@5dccb1dd,672c27ea,1) | desc:
Dec 14, 2012 11:01:03 AM project5.ActorLogger$class log
INFO: id:project5.Node@37de41ce | ts:140 | event:SEND | to/from:project5.Node@5dccb1dd | msg:MsgDelivered(2) | desc:
Dec 14, 2012 11:01:03 AM project5.ActorLogger$class log
INFO: id:project5.Node@37de41ce | ts:141 | event:RECEIVE | to/from:project5.Node@6266458b | msg:MsgMsg(project5.Node@5dccb1dd,75c76ab4,1) | desc:
Dec 14, 2012 11:01:03 AM project5.ActorLogger$class log
INFO: id:project5.Node@37de41ce | ts:142 | event:SEND | to/from:project5.Node@5dccb1dd | msg:MsgDelivered(2) | desc:
Dec 14, 2012 11:01:04 AM project5.ActorLogger$class log
INFO: id:project5.Node@37de41ce | ts:143 | event:RECEIVE | to/from:project5.Node@6266458b | msg:MsgMsg(project5.Node@5dccb1dd,d0f4c68f,1) | desc:
Dec 14, 2012 11:01:04 AM project5.ActorLogger$class log
INFO: id:project5.Node@37de41ce | ts:144 | event:SEND | to/from:project5.Node@5dccb1dd | msg:MsgDelivered(2) | desc:
Dec 14, 2012 11:01:04 AM project5.ActorLogger$class log
INFO: id:project5.Node@37de41ce | ts:145 | event:RECEIVE | to/from:project5.Node@6266458b | msg:MsgMsg(project5.Node@5dccb1dd,f5033af4,1) | desc:
Dec 14, 2012 11:01:04 AM project5.ActorLogger$class log
INFO: id:project5.Node@37de41ce | ts:146 | event:SEND | to/from:project5.Node@5dccb1dd | msg:MsgDelivered(2) | desc:
Dec 14, 2012 11:01:04 AM project5.ActorLogger$class log
INFO: id:project5.Node@37de41ce | ts:147 | event:RECEIVE | to/from:project5.Node@6266458b | msg:MsgMsg(project5.Node@5dccb1dd,a4830f3e,1) | desc:
Dec 14, 2012 11:01:04 AM project5.ActorLogger$class log
INFO: id:project5.Node@37de41ce | ts:148 | event:SEND | to/from:project5.Node@5dccb1dd | msg:MsgDelivered(2) | desc:
Dec 14, 2012 11:01:04 AM project5.ActorLogger$class log
INFO: id:project5.Node@37de41ce | ts:149 | event:RECEIVE | to/from:project5.Node@6266458b | msg:MsgMsg(project5.Node@5dccb1dd,01a4ea89,1) | desc:
Dec 14, 2012 11:01:04 AM project5.ActorLogger$class log
INFO: id:project5.Node@37de41ce | ts:150 | event:SEND | to/from:project5.Node@5dccb1dd | msg:MsgDelivered(2) | desc:
Dec 14, 2012 11:01:04 AM project5.ActorLogger$class log
INFO: id:project5.Node@37de41ce | ts:152 | event:RECEIVE | to/from:project5.Node@6266458b | msg:MsgMsg(project5.Node@28d47c65,8d7333fb,1) | desc:
Dec 14, 2012 11:01:04 AM project5.ActorLogger$class log
INFO: id:project5.Node@37de41ce | ts:153 | event:SEND | to/from:project5.Node@28d47c65 | msg:MsgDelivered(2) | desc:
Dec 14, 2012 11:01:04 AM project5.ActorLogger$class log
INFO: id:project5.Node@37de41ce | ts:154 | event:RECEIVE | to/from:project5.Node@6266458b | msg:MsgMsg(project5.Node@28d47c65,270d2be6,1) | desc:
Dec 14, 2012 11:01:04 AM project5.ActorLogger$class log
INFO: id:project5.Node@37de41ce | ts:155 | event:SEND | to/from:project5.Node@28d47c65 | msg:MsgDelivered(2) | desc:
Dec 14, 2012 11:01:04 AM project5.ActorLogger$class log
INFO: id:project5.Node@37de41ce | ts:156 | event:RECEIVE | to/from:project5.Node@6266458b | msg:MsgMsg(project5.Node@28d47c65,5a83bbad,1) | desc:
Dec 14, 2012 11:01:04 AM project5.ActorLogger$class log
INFO: id:project5.Node@37de41ce | ts:157 | event:SEND | to/from:project5.Node@28d47c65 | msg:MsgDelivered(2) | desc:
Dec 14, 2012 11:01:04 AM project5.ActorLogger$class log
INFO: id:project5.Node@37de41ce | ts:158 | event:RECEIVE | to/from:project5.Node@6266458b | msg:MsgMsg(project5.Node@28d47c65,49dc13c9,1) | desc:
Dec 14, 2012 11:01:04 AM project5.ActorLogger$class log
INFO: id:project5.Node@37de41ce | ts:159 | event:SEND | to/from:project5.Node@28d47c65 | msg:MsgDelivered(2) | desc:
Dec 14, 2012 11:01:04 AM project5.ActorLogger$class log
INFO: id:project5.Node@37de41ce | ts:160 | event:RECEIVE | to/from:project5.Node@6266458b | msg:MsgMsg(project5.Node@28d47c65,5a4b2dd7,1) | desc:
Dec 14, 2012 11:01:04 AM project5.ActorLogger$class log
INFO: id:project5.Node@37de41ce | ts:161 | event:SEND | to/from:project5.Node@28d47c65 | msg:MsgDelivered(2) | desc:
Dec 14, 2012 11:01:04 AM project5.ActorLogger$class log
INFO: id:project5.Node@37de41ce | ts:162 | event:RECEIVE | to/from:project5.Node@6266458b | msg:MsgMsg(project5.Node@28d47c65,2db4d77d,1) | desc:
Dec 14, 2012 11:01:04 AM project5.ActorLogger$class log
INFO: id:project5.Node@37de41ce | ts:163 | event:SEND | to/from:project5.Node@28d47c65 | msg:MsgDelivered(2) | desc:
Dec 14, 2012 11:01:04 AM project5.ActorLogger$class log
INFO: id:project5.Node@37de41ce | ts:164 | event:RECEIVE | to/from:project5.Node@6266458b | msg:MsgMsg(project5.Node@28d47c65,2b9bf02c,1) | desc:
Dec 14, 2012 11:01:04 AM project5.ActorLogger$class log
INFO: id:project5.Node@37de41ce | ts:165 | event:SEND | to/from:project5.Node@28d47c65 | msg:MsgDelivered(2) | desc:
Dec 14, 2012 11:01:04 AM project5.ActorLogger$class log
INFO: id:project5.Node@37de41ce | ts:166 | event:RECEIVE | to/from:project5.Node@6266458b | msg:MsgMsg(project5.Node@28d47c65,2600eecc,1) | desc:
Dec 14, 2012 11:01:04 AM project5.ActorLogger$class log
INFO: id:project5.Node@37de41ce | ts:167 | event:SEND | to/from:project5.Node@28d47c65 | msg:MsgDelivered(2) | desc:
Dec 14, 2012 11:01:04 AM project5.ActorLogger$class log
INFO: id:project5.Node@37de41ce | ts:170 | event:RECEIVE | to/from:project5.Node@6266458b | msg:MsgMsg(project5.Node@10d42d49,70460db0,5) | desc:
Dec 14, 2012 11:01:04 AM project5.ActorLogger$class log
INFO: id:project5.Node@37de41ce | ts:171 | event:SEND | to/from:project5.Node@10d42d49 | msg:MsgDelivered(6) | desc:
Dec 14, 2012 11:01:04 AM project5.ActorLogger$class log
INFO: id:project5.Node@37de41ce | ts:172 | event:RECEIVE | to/from:project5.Node@6266458b | msg:MsgMsg(project5.Node@10d42d49,a13fd115,5) | desc:
Dec 14, 2012 11:01:04 AM project5.ActorLogger$class log
INFO: id:project5.Node@37de41ce | ts:173 | event:SEND | to/from:project5.Node@10d42d49 | msg:MsgDelivered(6) | desc:
Dec 14, 2012 11:01:04 AM project5.ActorLogger$class log
INFO: id:project5.Node@37de41ce | ts:174 | event:RECEIVE | to/from:project5.Node@6266458b | msg:MsgMsg(project5.Node@10d42d49,9ec7d4b0,5) | desc:
Dec 14, 2012 11:01:04 AM project5.ActorLogger$class log
INFO: id:project5.Node@37de41ce | ts:175 | event:SEND | to/from:project5.Node@10d42d49 | msg:MsgDelivered(6) | desc:
Dec 14, 2012 11:01:04 AM project5.ActorLogger$class log
INFO: id:project5.Node@37de41ce | ts:176 | event:RECEIVE | to/from:project5.Node@6266458b | msg:MsgMsg(project5.Node@10d42d49,dc0289c6,5) | desc:
Dec 14, 2012 11:01:04 AM project5.ActorLogger$class log
INFO: id:project5.Node@37de41ce | ts:177 | event:SEND | to/from:project5.Node@10d42d49 | msg:MsgDelivered(6) | desc:
Dec 14, 2012 11:01:04 AM project5.ActorLogger$class log
INFO: id:project5.Node@37de41ce | ts:178 | event:RECEIVE | to/from:project5.Node@6266458b | msg:MsgMsg(project5.Node@10d42d49,29c8f663,5) | desc:
Dec 14, 2012 11:01:04 AM project5.ActorLogger$class log
INFO: id:project5.Node@37de41ce | ts:179 | event:SEND | to/from:project5.Node@10d42d49 | msg:MsgDelivered(6) | desc:
Dec 14, 2012 11:01:04 AM project5.ActorLogger$class log
INFO: id:project5.Node@37de41ce | ts:180 | event:RECEIVE | to/from:project5.Node@6266458b | msg:MsgMsg(project5.Node@10d42d49,decadcb9,5) | desc:
Dec 14, 2012 11:01:04 AM project5.ActorLogger$class log
INFO: id:project5.Node@37de41ce | ts:181 | event:SEND | to/from:project5.Node@10d42d49 | msg:MsgDelivered(6) | desc:
