Dec 14, 2012 11:01:00 AM project5.ActorLogger$class log
INFO: id:project5.Node@562e5771 | ts:1 | event:SEND | to/from:project5.Node@12d3e679 | msg:joinNW(project5.Node@562e5771) | desc:
Dec 14, 2012 11:01:00 AM project5.ActorLogger$class log
INFO: id:project5.Node@562e5771 | ts:8 | event:RECEIVE | to/from:project5.Node@12d3e679 | msg:ackJoin(project5.routingTable@32089335) | desc:
Dec 14, 2012 11:01:00 AM project5.ActorLogger$class log
INFO: id:project5.Node@562e5771 | ts:9 | event:SEND | to/from:project5.Node@12d3e679 | msg:joinedNW | desc:
Dec 14, 2012 11:01:00 AM project5.ActorLogger$class log
INFO: id:project5.Node@562e5771 | ts:10 | event:RECEIVE | to/from:scala.actors.ActorProxy@549e3065 | msg:joinNW(project5.Node@724cb162) | desc:
Dec 14, 2012 11:01:00 AM project5.ActorLogger$class log
INFO: id:project5.Node@562e5771 | ts:11 | event:SEND | to/from:project5.Node@724cb162 | msg:ackJoin(project5.routingTable@144aee53) | desc:
Dec 14, 2012 11:01:00 AM project5.ActorLogger$class log
INFO: id:project5.Node@562e5771 | ts:12 | event:RECEIVE | to/from:project5.Node@12d3e679 | msg:joinedNWAck | desc:
Dec 14, 2012 11:01:00 AM project5.ActorLogger$class log
INFO: id:project5.Node@562e5771 | ts:14 | event:RECEIVE | to/from:project5.Node@724cb162 | msg:joinedNW | desc:
Dec 14, 2012 11:01:00 AM project5.ActorLogger$class log
INFO: id:project5.Node@562e5771 | ts:15 | event:SEND | to/from:project5.Node@724cb162 | msg:joinedNWAck | desc:
Dec 14, 2012 11:01:00 AM project5.ActorLogger$class log
INFO: id:project5.Node@562e5771 | ts:18 | event:RECEIVE | to/from:project5.Node@12d3e679 | msg:MsgMsg(project5.Node@12d3e679,d7875968,0) | desc:
Dec 14, 2012 11:01:00 AM project5.ActorLogger$class log
INFO: id:project5.Node@562e5771 | ts:19 | event:SEND | to/from:project5.Node@724cb162 | msg:MsgMsg(project5.Node@12d3e679,d7875968,1) | desc:
Dec 14, 2012 11:01:00 AM project5.ActorLogger$class log
INFO: id:project5.Node@562e5771 | ts:20 | event:RECEIVE | to/from:scala.actors.ActorProxy@549e3065 | msg:joinNW(project5.Node@2d298123) | desc:
Dec 14, 2012 11:01:00 AM project5.ActorLogger$class log
INFO: id:project5.Node@562e5771 | ts:21 | event:SEND | to/from:project5.Node@2d298123 | msg:ackJoin(project5.routingTable@144aee53) | desc:
Dec 14, 2012 11:01:01 AM project5.ActorLogger$class log
INFO: id:project5.Node@562e5771 | ts:24 | event:RECEIVE | to/from:project5.Node@2d298123 | msg:joinedNW | desc:
Dec 14, 2012 11:01:01 AM project5.ActorLogger$class log
INFO: id:project5.Node@562e5771 | ts:25 | event:SEND | to/from:project5.Node@2d298123 | msg:joinedNWAck | desc:
Dec 14, 2012 11:01:01 AM project5.ActorLogger$class log
INFO: id:project5.Node@562e5771 | ts:26 | event:RECEIVE | to/from:project5.Node@12d3e679 | msg:MsgMsg(project5.Node@12d3e679,b65224c7,0) | desc:
Dec 14, 2012 11:01:01 AM project5.ActorLogger$class log
INFO: id:project5.Node@562e5771 | ts:27 | event:SEND | to/from:project5.Node@724cb162 | msg:MsgMsg(project5.Node@12d3e679,b65224c7,1) | desc:
Dec 14, 2012 11:01:01 AM project5.ActorLogger$class log
INFO: id:project5.Node@562e5771 | ts:28 | event:RECEIVE | to/from:project5.Node@12d3e679 | msg:MsgMsg(project5.Node@12d3e679,5e8f2256,0) | desc:
Dec 14, 2012 11:01:01 AM project5.ActorLogger$class log
INFO: id:project5.Node@562e5771 | ts:29 | event:SEND | to/from:project5.Node@12d3e679 | msg:MsgDelivered(1) | desc:
Dec 14, 2012 11:01:01 AM project5.ActorLogger$class log
INFO: id:project5.Node@562e5771 | ts:30 | event:RECEIVE | to/from:project5.Node@12d3e679 | msg:MsgMsg(project5.Node@12d3e679,ee65505d,0) | desc:
Dec 14, 2012 11:01:01 AM project5.ActorLogger$class log
INFO: id:project5.Node@562e5771 | ts:31 | event:SEND | to/from:project5.Node@724cb162 | msg:MsgMsg(project5.Node@12d3e679,ee65505d,1) | desc:
Dec 14, 2012 11:01:01 AM project5.ActorLogger$class log
INFO: id:project5.Node@562e5771 | ts:32 | event:RECEIVE | to/from:project5.Node@12d3e679 | msg:MsgMsg(project5.Node@12d3e679,49f53255,0) | desc:
Dec 14, 2012 11:01:01 AM project5.ActorLogger$class log
INFO: id:project5.Node@562e5771 | ts:33 | event:SEND | to/from:project5.Node@724cb162 | msg:MsgMsg(project5.Node@12d3e679,49f53255,1) | desc:
Dec 14, 2012 11:01:01 AM project5.ActorLogger$class log
INFO: id:project5.Node@562e5771 | ts:34 | event:RECEIVE | to/from:project5.Node@12d3e679 | msg:MsgMsg(project5.Node@12d3e679,162351b4,0) | desc:
Dec 14, 2012 11:01:01 AM project5.ActorLogger$class log
INFO: id:project5.Node@562e5771 | ts:35 | event:SEND | to/from:project5.Node@724cb162 | msg:MsgMsg(project5.Node@12d3e679,162351b4,1) | desc:
Dec 14, 2012 11:01:01 AM project5.ActorLogger$class log
INFO: id:project5.Node@562e5771 | ts:36 | event:RECEIVE | to/from:project5.Node@12d3e679 | msg:MsgMsg(project5.Node@12d3e679,342f827d,0) | desc:
Dec 14, 2012 11:01:01 AM project5.ActorLogger$class log
INFO: id:project5.Node@562e5771 | ts:37 | event:SEND | to/from:project5.Node@724cb162 | msg:MsgMsg(project5.Node@12d3e679,342f827d,1) | desc:
Dec 14, 2012 11:01:01 AM project5.ActorLogger$class log
INFO: id:project5.Node@562e5771 | ts:38 | event:RECEIVE | to/from:project5.Node@12d3e679 | msg:MsgMsg(project5.Node@12d3e679,6926349f,0) | desc:
Dec 14, 2012 11:01:02 AM project5.ActorLogger$class log
INFO: id:project5.Node@562e5771 | ts:39 | event:SEND | to/from:project5.Node@724cb162 | msg:MsgMsg(project5.Node@12d3e679,6926349f,1) | desc:
Dec 14, 2012 11:01:02 AM project5.ActorLogger$class log
INFO: id:project5.Node@562e5771 | ts:40 | event:RECEIVE | to/from:project5.Node@12d3e679 | msg:MsgMsg(project5.Node@5632af89,0324069a,1) | desc:
Dec 14, 2012 11:01:02 AM project5.ActorLogger$class log
INFO: id:project5.Node@562e5771 | ts:41 | event:SEND | to/from:project5.Node@724cb162 | msg:MsgMsg(project5.Node@5632af89,0324069a,2) | desc:
Dec 14, 2012 11:01:02 AM project5.ActorLogger$class log
INFO: id:project5.Node@562e5771 | ts:42 | event:RECEIVE | to/from:project5.Node@12d3e679 | msg:MsgMsg(project5.Node@5632af89,ff7f9e5b,1) | desc:
Dec 14, 2012 11:01:02 AM project5.ActorLogger$class log
INFO: id:project5.Node@562e5771 | ts:43 | event:SEND | to/from:project5.Node@724cb162 | msg:MsgMsg(project5.Node@5632af89,ff7f9e5b,2) | desc:
Dec 14, 2012 11:01:02 AM project5.ActorLogger$class log
INFO: id:project5.Node@562e5771 | ts:44 | event:RECEIVE | to/from:project5.Node@12d3e679 | msg:MsgMsg(project5.Node@5632af89,1df43d85,1) | desc:
Dec 14, 2012 11:01:02 AM project5.ActorLogger$class log
INFO: id:project5.Node@562e5771 | ts:45 | event:SEND | to/from:project5.Node@724cb162 | msg:MsgMsg(project5.Node@5632af89,1df43d85,2) | desc:
Dec 14, 2012 11:01:02 AM project5.ActorLogger$class log
INFO: id:project5.Node@562e5771 | ts:46 | event:RECEIVE | to/from:project5.Node@12d3e679 | msg:MsgMsg(project5.Node@5632af89,dbd81de9,1) | desc:
Dec 14, 2012 11:01:02 AM project5.ActorLogger$class log
INFO: id:project5.Node@562e5771 | ts:47 | event:SEND | to/from:project5.Node@724cb162 | msg:MsgMsg(project5.Node@5632af89,dbd81de9,2) | desc:
Dec 14, 2012 11:01:02 AM project5.ActorLogger$class log
INFO: id:project5.Node@562e5771 | ts:48 | event:RECEIVE | to/from:project5.Node@12d3e679 | msg:MsgMsg(project5.Node@5632af89,37058e89,1) | desc:
Dec 14, 2012 11:01:02 AM project5.ActorLogger$class log
INFO: id:project5.Node@562e5771 | ts:49 | event:SEND | to/from:project5.Node@724cb162 | msg:MsgMsg(project5.Node@5632af89,37058e89,2) | desc:
Dec 14, 2012 11:01:02 AM project5.ActorLogger$class log
INFO: id:project5.Node@562e5771 | ts:50 | event:RECEIVE | to/from:project5.Node@12d3e679 | msg:MsgMsg(project5.Node@5632af89,57787a8a,1) | desc:
Dec 14, 2012 11:01:02 AM project5.ActorLogger$class log
INFO: id:project5.Node@562e5771 | ts:51 | event:SEND | to/from:project5.Node@5632af89 | msg:MsgDelivered(2) | desc:
Dec 14, 2012 11:01:02 AM project5.ActorLogger$class log
INFO: id:project5.Node@562e5771 | ts:52 | event:RECEIVE | to/from:project5.Node@12d3e679 | msg:MsgMsg(project5.Node@5632af89,4eb0305a,1) | desc:
Dec 14, 2012 11:01:02 AM project5.ActorLogger$class log
INFO: id:project5.Node@562e5771 | ts:53 | event:SEND | to/from:project5.Node@724cb162 | msg:MsgMsg(project5.Node@5632af89,4eb0305a,2) | desc:
Dec 14, 2012 11:01:02 AM project5.ActorLogger$class log
INFO: id:project5.Node@562e5771 | ts:54 | event:RECEIVE | to/from:project5.Node@12d3e679 | msg:MsgMsg(project5.Node@5632af89,d6b86448,1) | desc:
Dec 14, 2012 11:01:02 AM project5.ActorLogger$class log
INFO: id:project5.Node@562e5771 | ts:55 | event:SEND | to/from:project5.Node@724cb162 | msg:MsgMsg(project5.Node@5632af89,d6b86448,2) | desc:
Dec 14, 2012 11:01:02 AM project5.ActorLogger$class log
INFO: id:project5.Node@562e5771 | ts:56 | event:RECEIVE | to/from:project5.Node@12d3e679 | msg:joinNW(project5.Node@e18a9e8) | desc:
Dec 14, 2012 11:01:02 AM project5.ActorLogger$class log
INFO: id:project5.Node@562e5771 | ts:57 | event:SEND | to/from:project5.Node@e18a9e8 | msg:ackJoin(project5.routingTable@144aee53) | desc:
Dec 14, 2012 11:01:02 AM project5.ActorLogger$class log
INFO: id:project5.Node@562e5771 | ts:58 | event:RECEIVE | to/from:project5.Node@12d3e679 | msg:MsgMsg(project5.Node@7531f745,6e9c4b13,2) | desc:
Dec 14, 2012 11:01:02 AM project5.ActorLogger$class log
INFO: id:project5.Node@562e5771 | ts:59 | event:SEND | to/from:project5.Node@724cb162 | msg:MsgMsg(project5.Node@7531f745,6e9c4b13,3) | desc:
Dec 14, 2012 11:01:02 AM project5.ActorLogger$class log
INFO: id:project5.Node@562e5771 | ts:60 | event:RECEIVE | to/from:project5.Node@12d3e679 | msg:MsgMsg(project5.Node@7531f745,69383133,2) | desc:
Dec 14, 2012 11:01:02 AM project5.ActorLogger$class log
INFO: id:project5.Node@562e5771 | ts:61 | event:SEND | to/from:project5.Node@724cb162 | msg:MsgMsg(project5.Node@7531f745,69383133,3) | desc:
Dec 14, 2012 11:01:02 AM project5.ActorLogger$class log
INFO: id:project5.Node@562e5771 | ts:62 | event:RECEIVE | to/from:project5.Node@12d3e679 | msg:MsgMsg(project5.Node@7531f745,f379a74e,2) | desc:
Dec 14, 2012 11:01:02 AM project5.ActorLogger$class log
INFO: id:project5.Node@562e5771 | ts:63 | event:SEND | to/from:project5.Node@724cb162 | msg:MsgMsg(project5.Node@7531f745,f379a74e,3) | desc:
Dec 14, 2012 11:01:02 AM project5.ActorLogger$class log
INFO: id:project5.Node@562e5771 | ts:64 | event:RECEIVE | to/from:project5.Node@12d3e679 | msg:MsgMsg(project5.Node@7531f745,b8a321ef,2) | desc:
Dec 14, 2012 11:01:02 AM project5.ActorLogger$class log
INFO: id:project5.Node@562e5771 | ts:65 | event:SEND | to/from:project5.Node@724cb162 | msg:MsgMsg(project5.Node@7531f745,b8a321ef,3) | desc:
Dec 14, 2012 11:01:02 AM project5.ActorLogger$class log
INFO: id:project5.Node@562e5771 | ts:66 | event:RECEIVE | to/from:project5.Node@12d3e679 | msg:MsgMsg(project5.Node@7531f745,033fb3d7,2) | desc:
Dec 14, 2012 11:01:02 AM project5.ActorLogger$class log
INFO: id:project5.Node@562e5771 | ts:67 | event:SEND | to/from:project5.Node@724cb162 | msg:MsgMsg(project5.Node@7531f745,033fb3d7,3) | desc:
Dec 14, 2012 11:01:02 AM project5.ActorLogger$class log
INFO: id:project5.Node@562e5771 | ts:68 | event:RECEIVE | to/from:project5.Node@12d3e679 | msg:MsgMsg(project5.Node@7531f745,86bdef22,2) | desc:
Dec 14, 2012 11:01:03 AM project5.ActorLogger$class log
INFO: id:project5.Node@562e5771 | ts:69 | event:SEND | to/from:project5.Node@724cb162 | msg:MsgMsg(project5.Node@7531f745,86bdef22,3) | desc:
Dec 14, 2012 11:01:03 AM project5.ActorLogger$class log
INFO: id:project5.Node@562e5771 | ts:70 | event:RECEIVE | to/from:project5.Node@e18a9e8 | msg:MsgMsg(project5.Node@e18a9e8,03f4170d,0) | desc:
Dec 14, 2012 11:01:03 AM project5.ActorLogger$class log
INFO: id:project5.Node@562e5771 | ts:71 | event:SEND | to/from:project5.Node@724cb162 | msg:MsgMsg(project5.Node@e18a9e8,03f4170d,1) | desc:
Dec 14, 2012 11:01:03 AM project5.ActorLogger$class log
INFO: id:project5.Node@562e5771 | ts:72 | event:RECEIVE | to/from:project5.Node@e18a9e8 | msg:MsgMsg(project5.Node@e18a9e8,06f681d5,0) | desc:
Dec 14, 2012 11:01:03 AM project5.ActorLogger$class log
INFO: id:project5.Node@562e5771 | ts:73 | event:SEND | to/from:project5.Node@724cb162 | msg:MsgMsg(project5.Node@e18a9e8,06f681d5,1) | desc:
Dec 14, 2012 11:01:03 AM project5.ActorLogger$class log
INFO: id:project5.Node@562e5771 | ts:74 | event:RECEIVE | to/from:project5.Node@e18a9e8 | msg:MsgMsg(project5.Node@e18a9e8,ee1232cd,0) | desc:
Dec 14, 2012 11:01:03 AM project5.ActorLogger$class log
INFO: id:project5.Node@562e5771 | ts:75 | event:SEND | to/from:project5.Node@724cb162 | msg:MsgMsg(project5.Node@e18a9e8,ee1232cd,1) | desc:
Dec 14, 2012 11:01:03 AM project5.ActorLogger$class log
INFO: id:project5.Node@562e5771 | ts:76 | event:RECEIVE | to/from:project5.Node@e18a9e8 | msg:MsgMsg(project5.Node@e18a9e8,c39509fc,0) | desc:
Dec 14, 2012 11:01:03 AM project5.ActorLogger$class log
INFO: id:project5.Node@562e5771 | ts:77 | event:SEND | to/from:project5.Node@724cb162 | msg:MsgMsg(project5.Node@e18a9e8,c39509fc,1) | desc:
Dec 14, 2012 11:01:03 AM project5.ActorLogger$class log
INFO: id:project5.Node@562e5771 | ts:78 | event:RECEIVE | to/from:project5.Node@e18a9e8 | msg:MsgMsg(project5.Node@e18a9e8,0976bfbb,0) | desc:
Dec 14, 2012 11:01:03 AM project5.ActorLogger$class log
INFO: id:project5.Node@562e5771 | ts:79 | event:SEND | to/from:project5.Node@724cb162 | msg:MsgMsg(project5.Node@e18a9e8,0976bfbb,1) | desc:
Dec 14, 2012 11:01:03 AM project5.ActorLogger$class log
INFO: id:project5.Node@562e5771 | ts:80 | event:RECEIVE | to/from:project5.Node@e18a9e8 | msg:MsgMsg(project5.Node@e18a9e8,e1e7c51d,0) | desc:
Dec 14, 2012 11:01:03 AM project5.ActorLogger$class log
INFO: id:project5.Node@562e5771 | ts:81 | event:SEND | to/from:project5.Node@724cb162 | msg:MsgMsg(project5.Node@e18a9e8,e1e7c51d,1) | desc:
Dec 14, 2012 11:01:03 AM project5.ActorLogger$class log
INFO: id:project5.Node@562e5771 | ts:82 | event:RECEIVE | to/from:project5.Node@e18a9e8 | msg:MsgMsg(project5.Node@e18a9e8,9cddf747,0) | desc:
Dec 14, 2012 11:01:03 AM project5.ActorLogger$class log
INFO: id:project5.Node@562e5771 | ts:83 | event:SEND | to/from:project5.Node@2d298123 | msg:MsgMsg(project5.Node@e18a9e8,9cddf747,1) | desc:
Dec 14, 2012 11:01:03 AM project5.ActorLogger$class log
INFO: id:project5.Node@562e5771 | ts:84 | event:RECEIVE | to/from:project5.Node@e18a9e8 | msg:MsgMsg(project5.Node@e18a9e8,d76e046d,0) | desc:
Dec 14, 2012 11:01:03 AM project5.ActorLogger$class log
INFO: id:project5.Node@562e5771 | ts:85 | event:SEND | to/from:project5.Node@724cb162 | msg:MsgMsg(project5.Node@e18a9e8,d76e046d,1) | desc:
Dec 14, 2012 11:01:03 AM project5.ActorLogger$class log
INFO: id:project5.Node@562e5771 | ts:86 | event:RECEIVE | to/from:project5.Node@e18a9e8 | msg:MsgMsg(project5.Node@753ac592,887ab0ed,2) | desc:
Dec 14, 2012 11:01:03 AM project5.ActorLogger$class log
INFO: id:project5.Node@562e5771 | ts:87 | event:SEND | to/from:project5.Node@724cb162 | msg:MsgMsg(project5.Node@753ac592,887ab0ed,3) | desc:
Dec 14, 2012 11:01:03 AM project5.ActorLogger$class log
INFO: id:project5.Node@562e5771 | ts:88 | event:RECEIVE | to/from:project5.Node@e18a9e8 | msg:MsgMsg(project5.Node@753ac592,faa4c3ee,2) | desc:
Dec 14, 2012 11:01:03 AM project5.ActorLogger$class log
INFO: id:project5.Node@562e5771 | ts:89 | event:SEND | to/from:project5.Node@724cb162 | msg:MsgMsg(project5.Node@753ac592,faa4c3ee,3) | desc:
Dec 14, 2012 11:01:03 AM project5.ActorLogger$class log
INFO: id:project5.Node@562e5771 | ts:90 | event:RECEIVE | to/from:project5.Node@e18a9e8 | msg:MsgMsg(project5.Node@753ac592,6106da0d,2) | desc:
Dec 14, 2012 11:01:03 AM project5.ActorLogger$class log
INFO: id:project5.Node@562e5771 | ts:91 | event:SEND | to/from:project5.Node@724cb162 | msg:MsgMsg(project5.Node@753ac592,6106da0d,3) | desc:
Dec 14, 2012 11:01:03 AM project5.ActorLogger$class log
INFO: id:project5.Node@562e5771 | ts:92 | event:RECEIVE | to/from:project5.Node@e18a9e8 | msg:MsgMsg(project5.Node@753ac592,8e05ea51,2) | desc:
Dec 14, 2012 11:01:03 AM project5.ActorLogger$class log
INFO: id:project5.Node@562e5771 | ts:93 | event:SEND | to/from:project5.Node@724cb162 | msg:MsgMsg(project5.Node@753ac592,8e05ea51,3) | desc:
Dec 14, 2012 11:01:03 AM project5.ActorLogger$class log
INFO: id:project5.Node@562e5771 | ts:94 | event:RECEIVE | to/from:project5.Node@e18a9e8 | msg:MsgMsg(project5.Node@753ac592,6129755a,2) | desc:
Dec 14, 2012 11:01:03 AM project5.ActorLogger$class log
INFO: id:project5.Node@562e5771 | ts:95 | event:SEND | to/from:project5.Node@724cb162 | msg:MsgMsg(project5.Node@753ac592,6129755a,3) | desc:
Dec 14, 2012 11:01:03 AM project5.ActorLogger$class log
INFO: id:project5.Node@562e5771 | ts:96 | event:RECEIVE | to/from:project5.Node@e18a9e8 | msg:MsgMsg(project5.Node@753ac592,23c4e123,2) | desc:
Dec 14, 2012 11:01:03 AM project5.ActorLogger$class log
INFO: id:project5.Node@562e5771 | ts:97 | event:SEND | to/from:project5.Node@724cb162 | msg:MsgMsg(project5.Node@753ac592,23c4e123,3) | desc:
Dec 14, 2012 11:01:03 AM project5.ActorLogger$class log
INFO: id:project5.Node@562e5771 | ts:98 | event:RECEIVE | to/from:project5.Node@e18a9e8 | msg:MsgMsg(project5.Node@753ac592,fa3da8d8,2) | desc:
Dec 14, 2012 11:01:03 AM project5.ActorLogger$class log
INFO: id:project5.Node@562e5771 | ts:99 | event:SEND | to/from:project5.Node@724cb162 | msg:MsgMsg(project5.Node@753ac592,fa3da8d8,3) | desc:
Dec 14, 2012 11:01:04 AM project5.ActorLogger$class log
INFO: id:project5.Node@562e5771 | ts:100 | event:RECEIVE | to/from:project5.Node@e18a9e8 | msg:MsgMsg(project5.Node@753ac592,9f70fb6f,2) | desc:
Dec 14, 2012 11:01:04 AM project5.ActorLogger$class log
INFO: id:project5.Node@562e5771 | ts:101 | event:SEND | to/from:project5.Node@2d298123 | msg:MsgMsg(project5.Node@753ac592,9f70fb6f,3) | desc:
Dec 14, 2012 11:01:04 AM project5.ActorLogger$class log
INFO: id:project5.Node@562e5771 | ts:102 | event:RECEIVE | to/from:project5.Node@e18a9e8 | msg:MsgMsg(project5.Node@753ac592,8b684681,2) | desc:
Dec 14, 2012 11:01:04 AM project5.ActorLogger$class log
INFO: id:project5.Node@562e5771 | ts:103 | event:SEND | to/from:project5.Node@724cb162 | msg:MsgMsg(project5.Node@753ac592,8b684681,3) | desc:
Dec 14, 2012 11:01:04 AM project5.ActorLogger$class log
INFO: id:project5.Node@562e5771 | ts:104 | event:RECEIVE | to/from:project5.Node@e18a9e8 | msg:MsgMsg(project5.Node@7531f745,f543b0dc,3) | desc:
Dec 14, 2012 11:01:04 AM project5.ActorLogger$class log
INFO: id:project5.Node@562e5771 | ts:105 | event:SEND | to/from:project5.Node@724cb162 | msg:MsgMsg(project5.Node@7531f745,f543b0dc,4) | desc:
Dec 14, 2012 11:01:04 AM project5.ActorLogger$class log
INFO: id:project5.Node@562e5771 | ts:106 | event:RECEIVE | to/from:project5.Node@e18a9e8 | msg:MsgMsg(project5.Node@7531f745,ea11d768,3) | desc:
Dec 14, 2012 11:01:04 AM project5.ActorLogger$class log
INFO: id:project5.Node@562e5771 | ts:107 | event:SEND | to/from:project5.Node@724cb162 | msg:MsgMsg(project5.Node@7531f745,ea11d768,4) | desc:
Dec 14, 2012 11:01:04 AM project5.ActorLogger$class log
INFO: id:project5.Node@562e5771 | ts:108 | event:RECEIVE | to/from:scala.actors.ActorProxy@549e3065 | msg:joinNW(project5.Node@701b9555) | desc:
Dec 14, 2012 11:01:04 AM project5.ActorLogger$class log
INFO: id:project5.Node@562e5771 | ts:109 | event:SEND | to/from:project5.Node@701b9555 | msg:ackJoin(project5.routingTable@144aee53) | desc:
Dec 14, 2012 11:01:04 AM project5.ActorLogger$class log
INFO: id:project5.Node@562e5771 | ts:110 | event:RECEIVE | to/from:project5.Node@e18a9e8 | msg:MsgMsg(project5.Node@4f262c96,69dd7717,2) | desc:
Dec 14, 2012 11:01:04 AM project5.ActorLogger$class log
INFO: id:project5.Node@562e5771 | ts:111 | event:SEND | to/from:project5.Node@724cb162 | msg:MsgMsg(project5.Node@4f262c96,69dd7717,3) | desc:
Dec 14, 2012 11:01:04 AM project5.ActorLogger$class log
INFO: id:project5.Node@562e5771 | ts:112 | event:RECEIVE | to/from:project5.Node@597c3925 | msg:MsgMsg(project5.Node@597c3925,123bc63e,0) | desc:
Dec 14, 2012 11:01:04 AM project5.ActorLogger$class log
INFO: id:project5.Node@562e5771 | ts:113 | event:SEND | to/from:project5.Node@724cb162 | msg:MsgMsg(project5.Node@597c3925,123bc63e,1) | desc:
Dec 14, 2012 11:01:04 AM project5.ActorLogger$class log
INFO: id:project5.Node@562e5771 | ts:114 | event:RECEIVE | to/from:project5.Node@597c3925 | msg:MsgMsg(project5.Node@597c3925,a821fc72,0) | desc:
Dec 14, 2012 11:01:04 AM project5.ActorLogger$class log
INFO: id:project5.Node@562e5771 | ts:115 | event:SEND | to/from:project5.Node@724cb162 | msg:MsgMsg(project5.Node@597c3925,a821fc72,1) | desc:
Dec 14, 2012 11:01:04 AM project5.ActorLogger$class log
INFO: id:project5.Node@562e5771 | ts:116 | event:RECEIVE | to/from:project5.Node@597c3925 | msg:MsgMsg(project5.Node@597c3925,07376cd7,0) | desc:
Dec 14, 2012 11:01:04 AM project5.ActorLogger$class log
INFO: id:project5.Node@562e5771 | ts:117 | event:SEND | to/from:project5.Node@724cb162 | msg:MsgMsg(project5.Node@597c3925,07376cd7,1) | desc:
Dec 14, 2012 11:01:04 AM project5.ActorLogger$class log
INFO: id:project5.Node@562e5771 | ts:118 | event:RECEIVE | to/from:project5.Node@597c3925 | msg:MsgMsg(project5.Node@597c3925,ab98e2ae,0) | desc:
Dec 14, 2012 11:01:04 AM project5.ActorLogger$class log
INFO: id:project5.Node@562e5771 | ts:119 | event:SEND | to/from:project5.Node@724cb162 | msg:MsgMsg(project5.Node@597c3925,ab98e2ae,1) | desc:
Dec 14, 2012 11:01:04 AM project5.ActorLogger$class log
INFO: id:project5.Node@562e5771 | ts:120 | event:RECEIVE | to/from:project5.Node@597c3925 | msg:MsgMsg(project5.Node@597c3925,58aeb783,0) | desc:
Dec 14, 2012 11:01:04 AM project5.ActorLogger$class log
INFO: id:project5.Node@562e5771 | ts:121 | event:SEND | to/from:project5.Node@597c3925 | msg:MsgDelivered(1) | desc:
Dec 14, 2012 11:01:04 AM project5.ActorLogger$class log
INFO: id:project5.Node@562e5771 | ts:122 | event:RECEIVE | to/from:project5.Node@597c3925 | msg:MsgMsg(project5.Node@597c3925,41cf8ca1,0) | desc:
Dec 14, 2012 11:01:04 AM project5.ActorLogger$class log
INFO: id:project5.Node@562e5771 | ts:123 | event:SEND | to/from:project5.Node@724cb162 | msg:MsgMsg(project5.Node@597c3925,41cf8ca1,1) | desc:
Dec 14, 2012 11:01:04 AM project5.ActorLogger$class log
INFO: id:project5.Node@562e5771 | ts:124 | event:RECEIVE | to/from:project5.Node@597c3925 | msg:MsgMsg(project5.Node@597c3925,3f9978e6,0) | desc:
Dec 14, 2012 11:01:04 AM project5.ActorLogger$class log
INFO: id:project5.Node@562e5771 | ts:125 | event:SEND | to/from:project5.Node@724cb162 | msg:MsgMsg(project5.Node@597c3925,3f9978e6,1) | desc:
Dec 14, 2012 11:01:04 AM project5.ActorLogger$class log
INFO: id:project5.Node@562e5771 | ts:126 | event:RECEIVE | to/from:project5.Node@597c3925 | msg:MsgMsg(project5.Node@597c3925,2b84b54d,0) | desc:
Dec 14, 2012 11:01:04 AM project5.ActorLogger$class log
INFO: id:project5.Node@562e5771 | ts:127 | event:SEND | to/from:project5.Node@724cb162 | msg:MsgMsg(project5.Node@597c3925,2b84b54d,1) | desc:
Dec 14, 2012 11:01:04 AM project5.ActorLogger$class log
INFO: id:project5.Node@562e5771 | ts:128 | event:RECEIVE | to/from:project5.Node@597c3925 | msg:MsgMsg(project5.Node@597c3925,9db7b3ff,0) | desc:
Dec 14, 2012 11:01:04 AM project5.ActorLogger$class log
INFO: id:project5.Node@562e5771 | ts:129 | event:SEND | to/from:project5.Node@2d298123 | msg:MsgMsg(project5.Node@597c3925,9db7b3ff,1) | desc:
Dec 14, 2012 11:01:04 AM project5.ActorLogger$class log
INFO: id:project5.Node@562e5771 | ts:130 | event:RECEIVE | to/from:project5.Node@597c3925 | msg:MsgMsg(project5.Node@597c3925,56b2cda4,0) | desc:
Dec 14, 2012 11:01:04 AM project5.ActorLogger$class log
INFO: id:project5.Node@562e5771 | ts:131 | event:SEND | to/from:project5.Node@597c3925 | msg:MsgDelivered(1) | desc:
Dec 14, 2012 11:01:04 AM project5.ActorLogger$class log
INFO: id:project5.Node@562e5771 | ts:132 | event:RECEIVE | to/from:scala.actors.ActorProxy@549e3065 | msg:joinNW(project5.Node@520a4ee7) | desc:
Dec 14, 2012 11:01:04 AM project5.ActorLogger$class log
INFO: id:project5.Node@562e5771 | ts:133 | event:SEND | to/from:project5.Node@520a4ee7 | msg:ackJoin(project5.routingTable@144aee53) | desc:
Dec 14, 2012 11:01:04 AM project5.ActorLogger$class log
INFO: id:project5.Node@562e5771 | ts:134 | event:RECEIVE | to/from:project5.Node@e18a9e8 | msg:MsgMsg(project5.Node@1182e445,3f3dc8e7,3) | desc:
Dec 14, 2012 11:01:04 AM project5.ActorLogger$class log
INFO: id:project5.Node@562e5771 | ts:135 | event:SEND | to/from:project5.Node@724cb162 | msg:MsgMsg(project5.Node@1182e445,3f3dc8e7,4) | desc:
Dec 14, 2012 11:01:04 AM project5.ActorLogger$class log
INFO: id:project5.Node@562e5771 | ts:136 | event:RECEIVE | to/from:project5.Node@e18a9e8 | msg:MsgMsg(project5.Node@1182e445,0ca47936,3) | desc:
Dec 14, 2012 11:01:04 AM project5.ActorLogger$class log
INFO: id:project5.Node@562e5771 | ts:137 | event:SEND | to/from:project5.Node@724cb162 | msg:MsgMsg(project5.Node@1182e445,0ca47936,4) | desc:
Dec 14, 2012 11:01:04 AM project5.ActorLogger$class log
INFO: id:project5.Node@562e5771 | ts:138 | event:RECEIVE | to/from:project5.Node@e18a9e8 | msg:MsgMsg(project5.Node@1182e445,2d4d29f6,3) | desc:
Dec 14, 2012 11:01:04 AM project5.ActorLogger$class log
INFO: id:project5.Node@562e5771 | ts:139 | event:SEND | to/from:project5.Node@724cb162 | msg:MsgMsg(project5.Node@1182e445,2d4d29f6,4) | desc:
Dec 14, 2012 11:01:04 AM project5.ActorLogger$class log
INFO: id:project5.Node@562e5771 | ts:140 | event:RECEIVE | to/from:project5.Node@e18a9e8 | msg:joinedNW | desc:
Dec 14, 2012 11:01:04 AM project5.ActorLogger$class log
INFO: id:project5.Node@562e5771 | ts:141 | event:SEND | to/from:project5.Node@e18a9e8 | msg:joinedNWAck | desc:
Dec 14, 2012 11:01:04 AM project5.ActorLogger$class log
INFO: id:project5.Node@562e5771 | ts:142 | event:RECEIVE | to/from:project5.Node@15e6356d | msg:MsgMsg(project5.Node@15e6356d,2e3e4278,0) | desc:
Dec 14, 2012 11:01:04 AM project5.ActorLogger$class log
INFO: id:project5.Node@562e5771 | ts:143 | event:SEND | to/from:project5.Node@724cb162 | msg:MsgMsg(project5.Node@15e6356d,2e3e4278,1) | desc:
Dec 14, 2012 11:01:04 AM project5.ActorLogger$class log
INFO: id:project5.Node@562e5771 | ts:144 | event:RECEIVE | to/from:project5.Node@15e6356d | msg:MsgMsg(project5.Node@15e6356d,fd8100fd,0) | desc:
Dec 14, 2012 11:01:04 AM project5.ActorLogger$class log
INFO: id:project5.Node@562e5771 | ts:145 | event:SEND | to/from:project5.Node@724cb162 | msg:MsgMsg(project5.Node@15e6356d,fd8100fd,1) | desc:
Dec 14, 2012 11:01:04 AM project5.ActorLogger$class log
INFO: id:project5.Node@562e5771 | ts:146 | event:RECEIVE | to/from:project5.Node@15e6356d | msg:MsgMsg(project5.Node@15e6356d,9959196f,0) | desc:
Dec 14, 2012 11:01:04 AM project5.ActorLogger$class log
INFO: id:project5.Node@562e5771 | ts:147 | event:SEND | to/from:project5.Node@2d298123 | msg:MsgMsg(project5.Node@15e6356d,9959196f,1) | desc:
Dec 14, 2012 11:01:04 AM project5.ActorLogger$class log
INFO: id:project5.Node@562e5771 | ts:148 | event:RECEIVE | to/from:project5.Node@15e6356d | msg:MsgMsg(project5.Node@15e6356d,56d465c9,0) | desc:
Dec 14, 2012 11:01:04 AM project5.ActorLogger$class log
INFO: id:project5.Node@562e5771 | ts:149 | event:SEND | to/from:project5.Node@15e6356d | msg:MsgDelivered(1) | desc:
Dec 14, 2012 11:01:04 AM project5.ActorLogger$class log
INFO: id:project5.Node@562e5771 | ts:150 | event:RECEIVE | to/from:project5.Node@15e6356d | msg:MsgMsg(project5.Node@15e6356d,f8131b0e,0) | desc:
Dec 14, 2012 11:01:04 AM project5.ActorLogger$class log
INFO: id:project5.Node@562e5771 | ts:151 | event:SEND | to/from:project5.Node@724cb162 | msg:MsgMsg(project5.Node@15e6356d,f8131b0e,1) | desc:
Dec 14, 2012 11:01:04 AM project5.ActorLogger$class log
INFO: id:project5.Node@562e5771 | ts:152 | event:RECEIVE | to/from:project5.Node@15e6356d | msg:MsgMsg(project5.Node@15e6356d,d783dc88,0) | desc:
Dec 14, 2012 11:01:04 AM project5.ActorLogger$class log
INFO: id:project5.Node@562e5771 | ts:153 | event:SEND | to/from:project5.Node@724cb162 | msg:MsgMsg(project5.Node@15e6356d,d783dc88,1) | desc:
Dec 14, 2012 11:01:04 AM project5.ActorLogger$class log
INFO: id:project5.Node@562e5771 | ts:154 | event:RECEIVE | to/from:project5.Node@15e6356d | msg:MsgMsg(project5.Node@15e6356d,1d76a7fb,0) | desc:
Dec 14, 2012 11:01:04 AM project5.ActorLogger$class log
INFO: id:project5.Node@562e5771 | ts:155 | event:SEND | to/from:project5.Node@724cb162 | msg:MsgMsg(project5.Node@15e6356d,1d76a7fb,1) | desc:
Dec 14, 2012 11:01:04 AM project5.ActorLogger$class log
INFO: id:project5.Node@562e5771 | ts:156 | event:RECEIVE | to/from:project5.Node@15e6356d | msg:MsgMsg(project5.Node@15e6356d,0d57d1bf,0) | desc:
Dec 14, 2012 11:01:04 AM project5.ActorLogger$class log
INFO: id:project5.Node@562e5771 | ts:157 | event:SEND | to/from:project5.Node@724cb162 | msg:MsgMsg(project5.Node@15e6356d,0d57d1bf,1) | desc:
Dec 14, 2012 11:01:04 AM project5.ActorLogger$class log
INFO: id:project5.Node@562e5771 | ts:158 | event:RECEIVE | to/from:project5.Node@15e6356d | msg:MsgMsg(project5.Node@15e6356d,d0ebb67d,0) | desc:
Dec 14, 2012 11:01:04 AM project5.ActorLogger$class log
INFO: id:project5.Node@562e5771 | ts:159 | event:SEND | to/from:project5.Node@724cb162 | msg:MsgMsg(project5.Node@15e6356d,d0ebb67d,1) | desc:
Dec 14, 2012 11:01:04 AM project5.ActorLogger$class log
INFO: id:project5.Node@562e5771 | ts:160 | event:RECEIVE | to/from:project5.Node@15e6356d | msg:MsgMsg(project5.Node@15e6356d,318d0890,0) | desc:
Dec 14, 2012 11:01:04 AM project5.ActorLogger$class log
INFO: id:project5.Node@562e5771 | ts:161 | event:SEND | to/from:project5.Node@724cb162 | msg:MsgMsg(project5.Node@15e6356d,318d0890,1) | desc:
Dec 14, 2012 11:01:04 AM project5.ActorLogger$class log
INFO: id:project5.Node@562e5771 | ts:162 | event:RECEIVE | to/from:project5.Node@640eac4a | msg:MsgMsg(project5.Node@640eac4a,a211db7c,0) | desc:
Dec 14, 2012 11:01:04 AM project5.ActorLogger$class log
INFO: id:project5.Node@562e5771 | ts:163 | event:SEND | to/from:project5.Node@724cb162 | msg:MsgMsg(project5.Node@640eac4a,a211db7c,1) | desc:
Dec 14, 2012 11:01:04 AM project5.ActorLogger$class log
INFO: id:project5.Node@562e5771 | ts:164 | event:RECEIVE | to/from:project5.Node@640eac4a | msg:MsgMsg(project5.Node@640eac4a,41f51164,0) | desc:
Dec 14, 2012 11:01:04 AM project5.ActorLogger$class log
INFO: id:project5.Node@562e5771 | ts:165 | event:SEND | to/from:project5.Node@724cb162 | msg:MsgMsg(project5.Node@640eac4a,41f51164,1) | desc:
Dec 14, 2012 11:01:04 AM project5.ActorLogger$class log
INFO: id:project5.Node@562e5771 | ts:166 | event:RECEIVE | to/from:project5.Node@640eac4a | msg:MsgMsg(project5.Node@640eac4a,caea9cb4,0) | desc:
Dec 14, 2012 11:01:04 AM project5.ActorLogger$class log
INFO: id:project5.Node@562e5771 | ts:167 | event:SEND | to/from:project5.Node@724cb162 | msg:MsgMsg(project5.Node@640eac4a,caea9cb4,1) | desc:
Dec 14, 2012 11:01:04 AM project5.ActorLogger$class log
INFO: id:project5.Node@562e5771 | ts:168 | event:RECEIVE | to/from:project5.Node@640eac4a | msg:MsgMsg(project5.Node@640eac4a,e1d06a5a,0) | desc:
Dec 14, 2012 11:01:04 AM project5.ActorLogger$class log
INFO: id:project5.Node@562e5771 | ts:169 | event:SEND | to/from:project5.Node@724cb162 | msg:MsgMsg(project5.Node@640eac4a,e1d06a5a,1) | desc:
Dec 14, 2012 11:01:04 AM project5.ActorLogger$class log
INFO: id:project5.Node@562e5771 | ts:170 | event:RECEIVE | to/from:project5.Node@640eac4a | msg:MsgMsg(project5.Node@640eac4a,67267ea9,0) | desc:
Dec 14, 2012 11:01:04 AM project5.ActorLogger$class log
INFO: id:project5.Node@562e5771 | ts:171 | event:SEND | to/from:project5.Node@724cb162 | msg:MsgMsg(project5.Node@640eac4a,67267ea9,1) | desc:
Dec 14, 2012 11:01:04 AM project5.ActorLogger$class log
INFO: id:project5.Node@562e5771 | ts:172 | event:RECEIVE | to/from:project5.Node@640eac4a | msg:MsgMsg(project5.Node@640eac4a,461a4c46,0) | desc:
Dec 14, 2012 11:01:04 AM project5.ActorLogger$class log
INFO: id:project5.Node@562e5771 | ts:173 | event:SEND | to/from:project5.Node@724cb162 | msg:MsgMsg(project5.Node@640eac4a,461a4c46,1) | desc:
Dec 14, 2012 11:01:04 AM project5.ActorLogger$class log
INFO: id:project5.Node@562e5771 | ts:174 | event:RECEIVE | to/from:project5.Node@640eac4a | msg:MsgMsg(project5.Node@640eac4a,f1d25b19,0) | desc:
Dec 14, 2012 11:01:04 AM project5.ActorLogger$class log
INFO: id:project5.Node@562e5771 | ts:175 | event:SEND | to/from:project5.Node@724cb162 | msg:MsgMsg(project5.Node@640eac4a,f1d25b19,1) | desc:
Dec 14, 2012 11:01:04 AM project5.ActorLogger$class log
INFO: id:project5.Node@562e5771 | ts:176 | event:RECEIVE | to/from:project5.Node@61d22f35 | msg:MsgMsg(project5.Node@61d22f35,e60105fa,0) | desc:
Dec 14, 2012 11:01:04 AM project5.ActorLogger$class log
INFO: id:project5.Node@562e5771 | ts:177 | event:SEND | to/from:project5.Node@724cb162 | msg:MsgMsg(project5.Node@61d22f35,e60105fa,1) | desc:
Dec 14, 2012 11:01:04 AM project5.ActorLogger$class log
INFO: id:project5.Node@562e5771 | ts:178 | event:RECEIVE | to/from:project5.Node@61d22f35 | msg:MsgMsg(project5.Node@61d22f35,409d2a63,0) | desc:
Dec 14, 2012 11:01:04 AM project5.ActorLogger$class log
INFO: id:project5.Node@562e5771 | ts:179 | event:SEND | to/from:project5.Node@724cb162 | msg:MsgMsg(project5.Node@61d22f35,409d2a63,1) | desc:
Dec 14, 2012 11:01:04 AM project5.ActorLogger$class log
INFO: id:project5.Node@562e5771 | ts:180 | event:RECEIVE | to/from:project5.Node@61d22f35 | msg:MsgMsg(project5.Node@61d22f35,36d4e4e4,0) | desc:
Dec 14, 2012 11:01:04 AM project5.ActorLogger$class log
INFO: id:project5.Node@562e5771 | ts:181 | event:SEND | to/from:project5.Node@724cb162 | msg:MsgMsg(project5.Node@61d22f35,36d4e4e4,1) | desc:
Dec 14, 2012 11:01:04 AM project5.ActorLogger$class log
INFO: id:project5.Node@562e5771 | ts:182 | event:RECEIVE | to/from:project5.Node@61d22f35 | msg:MsgMsg(project5.Node@61d22f35,2cb16e44,0) | desc:
Dec 14, 2012 11:01:04 AM project5.ActorLogger$class log
INFO: id:project5.Node@562e5771 | ts:183 | event:SEND | to/from:project5.Node@724cb162 | msg:MsgMsg(project5.Node@61d22f35,2cb16e44,1) | desc:
Dec 14, 2012 11:01:04 AM project5.ActorLogger$class log
INFO: id:project5.Node@562e5771 | ts:184 | event:RECEIVE | to/from:project5.Node@61d22f35 | msg:MsgMsg(project5.Node@61d22f35,e15933e5,0) | desc:
Dec 14, 2012 11:01:04 AM project5.ActorLogger$class log
INFO: id:project5.Node@562e5771 | ts:185 | event:SEND | to/from:project5.Node@724cb162 | msg:MsgMsg(project5.Node@61d22f35,e15933e5,1) | desc:
Dec 14, 2012 11:01:04 AM project5.ActorLogger$class log
INFO: id:project5.Node@562e5771 | ts:186 | event:RECEIVE | to/from:project5.Node@61d22f35 | msg:MsgMsg(project5.Node@61d22f35,c7ec5147,0) | desc:
Dec 14, 2012 11:01:04 AM project5.ActorLogger$class log
INFO: id:project5.Node@562e5771 | ts:187 | event:SEND | to/from:project5.Node@724cb162 | msg:MsgMsg(project5.Node@61d22f35,c7ec5147,1) | desc:
Dec 14, 2012 11:01:05 AM project5.ActorLogger$class log
INFO: id:project5.Node@562e5771 | ts:188 | event:RECEIVE | to/from:project5.Node@61d22f35 | msg:MsgMsg(project5.Node@61d22f35,852d4516,0) | desc:
Dec 14, 2012 11:01:05 AM project5.ActorLogger$class log
INFO: id:project5.Node@562e5771 | ts:189 | event:SEND | to/from:project5.Node@724cb162 | msg:MsgMsg(project5.Node@61d22f35,852d4516,1) | desc:
Dec 14, 2012 11:01:05 AM project5.ActorLogger$class log
INFO: id:project5.Node@562e5771 | ts:190 | event:RECEIVE | to/from:project5.Node@61d22f35 | msg:MsgMsg(project5.Node@61d22f35,a2772cbd,0) | desc:
Dec 14, 2012 11:01:05 AM project5.ActorLogger$class log
INFO: id:project5.Node@562e5771 | ts:191 | event:SEND | to/from:project5.Node@724cb162 | msg:MsgMsg(project5.Node@61d22f35,a2772cbd,1) | desc:
Dec 14, 2012 11:01:05 AM project5.ActorLogger$class log
INFO: id:project5.Node@562e5771 | ts:192 | event:RECEIVE | to/from:project5.Node@61d22f35 | msg:MsgMsg(project5.Node@61d22f35,11bcc99d,0) | desc:
Dec 14, 2012 11:01:05 AM project5.ActorLogger$class log
INFO: id:project5.Node@562e5771 | ts:193 | event:SEND | to/from:project5.Node@724cb162 | msg:MsgMsg(project5.Node@61d22f35,11bcc99d,1) | desc:
Dec 14, 2012 11:01:05 AM project5.ActorLogger$class log
INFO: id:project5.Node@562e5771 | ts:194 | event:RECEIVE | to/from:project5.Node@61d22f35 | msg:MsgMsg(project5.Node@61d22f35,96a4660a,0) | desc:
Dec 14, 2012 11:01:05 AM project5.ActorLogger$class log
INFO: id:project5.Node@562e5771 | ts:195 | event:SEND | to/from:project5.Node@2d298123 | msg:MsgMsg(project5.Node@61d22f35,96a4660a,1) | desc:
Dec 14, 2012 11:01:05 AM project5.ActorLogger$class log
INFO: id:project5.Node@562e5771 | ts:196 | event:RECEIVE | to/from:project5.Node@2fcdbaf7 | msg:MsgMsg(project5.Node@2fcdbaf7,e2c67c93,0) | desc:
Dec 14, 2012 11:01:05 AM project5.ActorLogger$class log
INFO: id:project5.Node@562e5771 | ts:197 | event:SEND | to/from:project5.Node@724cb162 | msg:MsgMsg(project5.Node@2fcdbaf7,e2c67c93,1) | desc:
Dec 14, 2012 11:01:05 AM project5.ActorLogger$class log
INFO: id:project5.Node@562e5771 | ts:198 | event:RECEIVE | to/from:project5.Node@2fcdbaf7 | msg:MsgMsg(project5.Node@2fcdbaf7,d92d9fa6,0) | desc:
Dec 14, 2012 11:01:05 AM project5.ActorLogger$class log
INFO: id:project5.Node@562e5771 | ts:199 | event:SEND | to/from:project5.Node@724cb162 | msg:MsgMsg(project5.Node@2fcdbaf7,d92d9fa6,1) | desc:
Dec 14, 2012 11:01:05 AM project5.ActorLogger$class log
INFO: id:project5.Node@562e5771 | ts:200 | event:RECEIVE | to/from:project5.Node@2fcdbaf7 | msg:MsgMsg(project5.Node@2fcdbaf7,3886727f,0) | desc:
Dec 14, 2012 11:01:05 AM project5.ActorLogger$class log
INFO: id:project5.Node@562e5771 | ts:201 | event:SEND | to/from:project5.Node@724cb162 | msg:MsgMsg(project5.Node@2fcdbaf7,3886727f,1) | desc:
Dec 14, 2012 11:01:05 AM project5.ActorLogger$class log
INFO: id:project5.Node@562e5771 | ts:202 | event:RECEIVE | to/from:project5.Node@2fcdbaf7 | msg:MsgMsg(project5.Node@2fcdbaf7,d512a1aa,0) | desc:
Dec 14, 2012 11:01:05 AM project5.ActorLogger$class log
INFO: id:project5.Node@562e5771 | ts:203 | event:SEND | to/from:project5.Node@724cb162 | msg:MsgMsg(project5.Node@2fcdbaf7,d512a1aa,1) | desc:
Dec 14, 2012 11:01:05 AM project5.ActorLogger$class log
INFO: id:project5.Node@562e5771 | ts:204 | event:RECEIVE | to/from:project5.Node@2fcdbaf7 | msg:MsgMsg(project5.Node@2fcdbaf7,9b1f305d,0) | desc:
Dec 14, 2012 11:01:05 AM project5.ActorLogger$class log
INFO: id:project5.Node@562e5771 | ts:205 | event:SEND | to/from:project5.Node@2d298123 | msg:MsgMsg(project5.Node@2fcdbaf7,9b1f305d,1) | desc:
Dec 14, 2012 11:01:05 AM project5.ActorLogger$class log
INFO: id:project5.Node@562e5771 | ts:206 | event:RECEIVE | to/from:project5.Node@2fcdbaf7 | msg:MsgMsg(project5.Node@2fcdbaf7,d22430e2,0) | desc:
Dec 14, 2012 11:01:05 AM project5.ActorLogger$class log
INFO: id:project5.Node@562e5771 | ts:207 | event:SEND | to/from:project5.Node@724cb162 | msg:MsgMsg(project5.Node@2fcdbaf7,d22430e2,1) | desc:
Dec 14, 2012 11:01:05 AM project5.ActorLogger$class log
INFO: id:project5.Node@562e5771 | ts:208 | event:RECEIVE | to/from:project5.Node@2fcdbaf7 | msg:MsgMsg(project5.Node@2fcdbaf7,e4ab4be9,0) | desc:
Dec 14, 2012 11:01:05 AM project5.ActorLogger$class log
INFO: id:project5.Node@562e5771 | ts:209 | event:SEND | to/from:project5.Node@724cb162 | msg:MsgMsg(project5.Node@2fcdbaf7,e4ab4be9,1) | desc:
Dec 14, 2012 11:01:05 AM project5.ActorLogger$class log
INFO: id:project5.Node@562e5771 | ts:210 | event:RECEIVE | to/from:project5.Node@2fcdbaf7 | msg:MsgMsg(project5.Node@2fcdbaf7,0f18b25e,0) | desc:
Dec 14, 2012 11:01:05 AM project5.ActorLogger$class log
INFO: id:project5.Node@562e5771 | ts:211 | event:SEND | to/from:project5.Node@724cb162 | msg:MsgMsg(project5.Node@2fcdbaf7,0f18b25e,1) | desc:
Dec 14, 2012 11:01:05 AM project5.ActorLogger$class log
INFO: id:project5.Node@562e5771 | ts:212 | event:RECEIVE | to/from:project5.Node@2fcdbaf7 | msg:MsgMsg(project5.Node@2fcdbaf7,147494d5,0) | desc:
Dec 14, 2012 11:01:05 AM project5.ActorLogger$class log
INFO: id:project5.Node@562e5771 | ts:213 | event:SEND | to/from:project5.Node@724cb162 | msg:MsgMsg(project5.Node@2fcdbaf7,147494d5,1) | desc:
Dec 14, 2012 11:01:05 AM project5.ActorLogger$class log
INFO: id:project5.Node@562e5771 | ts:214 | event:RECEIVE | to/from:project5.Node@513a4ad0 | msg:MsgMsg(project5.Node@513a4ad0,6ce0d372,0) | desc:
Dec 14, 2012 11:01:05 AM project5.ActorLogger$class log
INFO: id:project5.Node@562e5771 | ts:215 | event:SEND | to/from:project5.Node@724cb162 | msg:MsgMsg(project5.Node@513a4ad0,6ce0d372,1) | desc:
Dec 14, 2012 11:01:05 AM project5.ActorLogger$class log
INFO: id:project5.Node@562e5771 | ts:216 | event:RECEIVE | to/from:project5.Node@513a4ad0 | msg:MsgMsg(project5.Node@513a4ad0,d93b999a,0) | desc:
Dec 14, 2012 11:01:05 AM project5.ActorLogger$class log
INFO: id:project5.Node@562e5771 | ts:217 | event:SEND | to/from:project5.Node@724cb162 | msg:MsgMsg(project5.Node@513a4ad0,d93b999a,1) | desc:
Dec 14, 2012 11:01:05 AM project5.ActorLogger$class log
INFO: id:project5.Node@562e5771 | ts:218 | event:RECEIVE | to/from:project5.Node@513a4ad0 | msg:MsgMsg(project5.Node@513a4ad0,080e89ea,0) | desc:
Dec 14, 2012 11:01:05 AM project5.ActorLogger$class log
INFO: id:project5.Node@562e5771 | ts:219 | event:SEND | to/from:project5.Node@724cb162 | msg:MsgMsg(project5.Node@513a4ad0,080e89ea,1) | desc:
Dec 14, 2012 11:01:05 AM project5.ActorLogger$class log
INFO: id:project5.Node@562e5771 | ts:220 | event:RECEIVE | to/from:project5.Node@513a4ad0 | msg:MsgMsg(project5.Node@513a4ad0,ee39c897,0) | desc:
Dec 14, 2012 11:01:05 AM project5.ActorLogger$class log
INFO: id:project5.Node@562e5771 | ts:221 | event:SEND | to/from:project5.Node@724cb162 | msg:MsgMsg(project5.Node@513a4ad0,ee39c897,1) | desc:
Dec 14, 2012 11:01:05 AM project5.ActorLogger$class log
INFO: id:project5.Node@562e5771 | ts:222 | event:RECEIVE | to/from:project5.Node@513a4ad0 | msg:MsgMsg(project5.Node@513a4ad0,673e7756,0) | desc:
Dec 14, 2012 11:01:05 AM project5.ActorLogger$class log
INFO: id:project5.Node@562e5771 | ts:223 | event:SEND | to/from:project5.Node@724cb162 | msg:MsgMsg(project5.Node@513a4ad0,673e7756,1) | desc:
Dec 14, 2012 11:01:05 AM project5.ActorLogger$class log
INFO: id:project5.Node@562e5771 | ts:224 | event:RECEIVE | to/from:project5.Node@513a4ad0 | msg:MsgMsg(project5.Node@513a4ad0,3ba7645a,0) | desc:
Dec 14, 2012 11:01:05 AM project5.ActorLogger$class log
INFO: id:project5.Node@562e5771 | ts:225 | event:SEND | to/from:project5.Node@724cb162 | msg:MsgMsg(project5.Node@513a4ad0,3ba7645a,1) | desc:
Dec 14, 2012 11:01:05 AM project5.ActorLogger$class log
INFO: id:project5.Node@562e5771 | ts:226 | event:RECEIVE | to/from:project5.Node@513a4ad0 | msg:MsgMsg(project5.Node@513a4ad0,3285de5f,0) | desc:
Dec 14, 2012 11:01:05 AM project5.ActorLogger$class log
INFO: id:project5.Node@562e5771 | ts:227 | event:SEND | to/from:project5.Node@724cb162 | msg:MsgMsg(project5.Node@513a4ad0,3285de5f,1) | desc:
Dec 14, 2012 11:01:05 AM project5.ActorLogger$class log
INFO: id:project5.Node@562e5771 | ts:228 | event:RECEIVE | to/from:project5.Node@513a4ad0 | msg:MsgMsg(project5.Node@513a4ad0,6e3825bb,0) | desc:
Dec 14, 2012 11:01:05 AM project5.ActorLogger$class log
INFO: id:project5.Node@562e5771 | ts:229 | event:SEND | to/from:project5.Node@724cb162 | msg:MsgMsg(project5.Node@513a4ad0,6e3825bb,1) | desc:
Dec 14, 2012 11:01:05 AM project5.ActorLogger$class log
INFO: id:project5.Node@562e5771 | ts:230 | event:RECEIVE | to/from:project5.Node@701b9555 | msg:joinedNW | desc:
Dec 14, 2012 11:01:05 AM project5.ActorLogger$class log
INFO: id:project5.Node@562e5771 | ts:231 | event:SEND | to/from:project5.Node@701b9555 | msg:joinedNWAck | desc:
Dec 14, 2012 11:01:05 AM project5.ActorLogger$class log
INFO: id:project5.Node@562e5771 | ts:232 | event:RECEIVE | to/from:project5.Node@520a4ee7 | msg:joinedNW | desc:
Dec 14, 2012 11:01:05 AM project5.ActorLogger$class log
INFO: id:project5.Node@562e5771 | ts:233 | event:SEND | to/from:project5.Node@520a4ee7 | msg:joinedNWAck | desc:
