Dec 14, 2012 11:01:00 AM project5.ActorLogger$class log
INFO: id:project5.Node@911d38e | ts:1 | event:SEND | to/from:project5.Node@3927ce5e | msg:joinNW(project5.Node@911d38e) | desc:
Dec 14, 2012 11:01:00 AM project5.ActorLogger$class log
INFO: id:project5.Node@911d38e | ts:15 | event:RECEIVE | to/from:project5.Node@3927ce5e | msg:ackJoin(project5.routingTable@60bffa22) | desc:
Dec 14, 2012 11:01:00 AM project5.ActorLogger$class log
INFO: id:project5.Node@911d38e | ts:16 | event:SEND | to/from:project5.Node@3927ce5e | msg:joinedNW | desc:
Dec 14, 2012 11:01:01 AM project5.ActorLogger$class log
INFO: id:project5.Node@911d38e | ts:17 | event:RECEIVE | to/from:scala.actors.ActorProxy@549e3065 | msg:joinNW(project5.Node@3d16e9d8) | desc:
Dec 14, 2012 11:01:01 AM project5.ActorLogger$class log
INFO: id:project5.Node@911d38e | ts:18 | event:SEND | to/from:project5.Node@3d16e9d8 | msg:ackJoin(project5.routingTable@63e02678) | desc:
Dec 14, 2012 11:01:01 AM project5.ActorLogger$class log
INFO: id:project5.Node@911d38e | ts:22 | event:RECEIVE | to/from:project5.Node@3927ce5e | msg:joinedNWAck | desc:
Dec 14, 2012 11:01:01 AM project5.ActorLogger$class log
INFO: id:project5.Node@911d38e | ts:23 | event:RECEIVE | to/from:project5.Node@3d16e9d8 | msg:joinedNW | desc:
Dec 14, 2012 11:01:01 AM project5.ActorLogger$class log
INFO: id:project5.Node@911d38e | ts:24 | event:SEND | to/from:project5.Node@3d16e9d8 | msg:joinedNWAck | desc:
Dec 14, 2012 11:01:01 AM project5.ActorLogger$class log
INFO: id:project5.Node@911d38e | ts:30 | event:RECEIVE | to/from:project5.Node@47ec3263 | msg:MsgMsg(project5.Node@47ec3263,5771140f,0) | desc:
Dec 14, 2012 11:01:01 AM project5.ActorLogger$class log
INFO: id:project5.Node@911d38e | ts:31 | event:SEND | to/from:project5.Node@3d16e9d8 | msg:MsgMsg(project5.Node@47ec3263,5771140f,1) | desc:
Dec 14, 2012 11:01:01 AM project5.ActorLogger$class log
INFO: id:project5.Node@911d38e | ts:32 | event:RECEIVE | to/from:project5.Node@47ec3263 | msg:MsgMsg(project5.Node@47ec3263,f4e43d1d,0) | desc:
Dec 14, 2012 11:01:01 AM project5.ActorLogger$class log
INFO: id:project5.Node@911d38e | ts:33 | event:SEND | to/from:project5.Node@3d16e9d8 | msg:MsgMsg(project5.Node@47ec3263,f4e43d1d,1) | desc:
Dec 14, 2012 11:01:01 AM project5.ActorLogger$class log
INFO: id:project5.Node@911d38e | ts:34 | event:RECEIVE | to/from:project5.Node@47ec3263 | msg:MsgMsg(project5.Node@47ec3263,36f9915e,0) | desc:
Dec 14, 2012 11:01:01 AM project5.ActorLogger$class log
INFO: id:project5.Node@911d38e | ts:35 | event:SEND | to/from:project5.Node@3d16e9d8 | msg:MsgMsg(project5.Node@47ec3263,36f9915e,1) | desc:
Dec 14, 2012 11:01:01 AM project5.ActorLogger$class log
INFO: id:project5.Node@911d38e | ts:36 | event:RECEIVE | to/from:project5.Node@47ec3263 | msg:MsgMsg(project5.Node@47ec3263,4ce1e618,0) | desc:
Dec 14, 2012 11:01:01 AM project5.ActorLogger$class log
INFO: id:project5.Node@911d38e | ts:37 | event:SEND | to/from:project5.Node@3d16e9d8 | msg:MsgMsg(project5.Node@47ec3263,4ce1e618,1) | desc:
Dec 14, 2012 11:01:01 AM project5.ActorLogger$class log
INFO: id:project5.Node@911d38e | ts:38 | event:RECEIVE | to/from:project5.Node@47ec3263 | msg:MsgMsg(project5.Node@47ec3263,3c462a37,0) | desc:
Dec 14, 2012 11:01:01 AM project5.ActorLogger$class log
INFO: id:project5.Node@911d38e | ts:39 | event:SEND | to/from:project5.Node@3d16e9d8 | msg:MsgMsg(project5.Node@47ec3263,3c462a37,1) | desc:
Dec 14, 2012 11:01:01 AM project5.ActorLogger$class log
INFO: id:project5.Node@911d38e | ts:40 | event:RECEIVE | to/from:project5.Node@47ec3263 | msg:MsgMsg(project5.Node@47ec3263,3a65b0a6,0) | desc:
Dec 14, 2012 11:01:01 AM project5.ActorLogger$class log
INFO: id:project5.Node@911d38e | ts:41 | event:SEND | to/from:project5.Node@3d16e9d8 | msg:MsgMsg(project5.Node@47ec3263,3a65b0a6,1) | desc:
Dec 14, 2012 11:01:02 AM project5.ActorLogger$class log
INFO: id:project5.Node@911d38e | ts:42 | event:RECEIVE | to/from:project5.Node@47ec3263 | msg:MsgMsg(project5.Node@47ec3263,a5627e1d,0) | desc:
Dec 14, 2012 11:01:02 AM project5.ActorLogger$class log
INFO: id:project5.Node@911d38e | ts:43 | event:SEND | to/from:project5.Node@3d16e9d8 | msg:MsgMsg(project5.Node@47ec3263,a5627e1d,1) | desc:
Dec 14, 2012 11:01:02 AM project5.ActorLogger$class log
INFO: id:project5.Node@911d38e | ts:44 | event:RECEIVE | to/from:project5.Node@47ec3263 | msg:MsgMsg(project5.Node@47ec3263,a33f6ffc,0) | desc:
Dec 14, 2012 11:01:02 AM project5.ActorLogger$class log
INFO: id:project5.Node@911d38e | ts:45 | event:SEND | to/from:project5.Node@3d16e9d8 | msg:MsgMsg(project5.Node@47ec3263,a33f6ffc,1) | desc:
Dec 14, 2012 11:01:02 AM project5.ActorLogger$class log
INFO: id:project5.Node@911d38e | ts:46 | event:RECEIVE | to/from:project5.Node@47ec3263 | msg:MsgMsg(project5.Node@47ec3263,bdde34c6,0) | desc:
Dec 14, 2012 11:01:02 AM project5.ActorLogger$class log
INFO: id:project5.Node@911d38e | ts:47 | event:SEND | to/from:project5.Node@47ec3263 | msg:MsgDelivered(1) | desc:
Dec 14, 2012 11:01:02 AM project5.ActorLogger$class log
INFO: id:project5.Node@911d38e | ts:48 | event:RECEIVE | to/from:project5.Node@47ec3263 | msg:MsgMsg(project5.Node@47ec3263,0e524e33,0) | desc:
Dec 14, 2012 11:01:02 AM project5.ActorLogger$class log
INFO: id:project5.Node@911d38e | ts:49 | event:SEND | to/from:project5.Node@3d16e9d8 | msg:MsgMsg(project5.Node@47ec3263,0e524e33,1) | desc:
Dec 14, 2012 11:01:02 AM project5.ActorLogger$class log
INFO: id:project5.Node@911d38e | ts:65 | event:RECEIVE | to/from:project5.Node@41d26b41 | msg:MsgMsg(project5.Node@41d26b41,d0d967bb,0) | desc:
Dec 14, 2012 11:01:02 AM project5.ActorLogger$class log
INFO: id:project5.Node@911d38e | ts:66 | event:SEND | to/from:project5.Node@3d16e9d8 | msg:MsgMsg(project5.Node@41d26b41,d0d967bb,1) | desc:
Dec 14, 2012 11:01:02 AM project5.ActorLogger$class log
INFO: id:project5.Node@911d38e | ts:67 | event:RECEIVE | to/from:project5.Node@41d26b41 | msg:MsgMsg(project5.Node@41d26b41,15c78ff1,0) | desc:
Dec 14, 2012 11:01:02 AM project5.ActorLogger$class log
INFO: id:project5.Node@911d38e | ts:68 | event:SEND | to/from:project5.Node@3d16e9d8 | msg:MsgMsg(project5.Node@41d26b41,15c78ff1,1) | desc:
Dec 14, 2012 11:01:02 AM project5.ActorLogger$class log
INFO: id:project5.Node@911d38e | ts:69 | event:RECEIVE | to/from:project5.Node@41d26b41 | msg:MsgMsg(project5.Node@41d26b41,b1229c7d,0) | desc:
Dec 14, 2012 11:01:02 AM project5.ActorLogger$class log
INFO: id:project5.Node@911d38e | ts:70 | event:SEND | to/from:project5.Node@41d26b41 | msg:MsgDelivered(1) | desc:
Dec 14, 2012 11:01:02 AM project5.ActorLogger$class log
INFO: id:project5.Node@911d38e | ts:71 | event:RECEIVE | to/from:project5.Node@41d26b41 | msg:MsgMsg(project5.Node@41d26b41,391927a7,0) | desc:
Dec 14, 2012 11:01:02 AM project5.ActorLogger$class log
INFO: id:project5.Node@911d38e | ts:72 | event:SEND | to/from:project5.Node@3d16e9d8 | msg:MsgMsg(project5.Node@41d26b41,391927a7,1) | desc:
Dec 14, 2012 11:01:02 AM project5.ActorLogger$class log
INFO: id:project5.Node@911d38e | ts:73 | event:RECEIVE | to/from:project5.Node@41d26b41 | msg:MsgMsg(project5.Node@41d26b41,2a2745d8,0) | desc:
Dec 14, 2012 11:01:02 AM project5.ActorLogger$class log
INFO: id:project5.Node@911d38e | ts:74 | event:SEND | to/from:project5.Node@3d16e9d8 | msg:MsgMsg(project5.Node@41d26b41,2a2745d8,1) | desc:
Dec 14, 2012 11:01:03 AM project5.ActorLogger$class log
INFO: id:project5.Node@911d38e | ts:75 | event:RECEIVE | to/from:project5.Node@41d26b41 | msg:MsgMsg(project5.Node@41d26b41,da24dca6,0) | desc:
Dec 14, 2012 11:01:03 AM project5.ActorLogger$class log
INFO: id:project5.Node@911d38e | ts:76 | event:SEND | to/from:project5.Node@3d16e9d8 | msg:MsgMsg(project5.Node@41d26b41,da24dca6,1) | desc:
Dec 14, 2012 11:01:03 AM project5.ActorLogger$class log
INFO: id:project5.Node@911d38e | ts:77 | event:RECEIVE | to/from:project5.Node@41d26b41 | msg:MsgMsg(project5.Node@41d26b41,ca545150,0) | desc:
Dec 14, 2012 11:01:03 AM project5.ActorLogger$class log
INFO: id:project5.Node@911d38e | ts:78 | event:SEND | to/from:project5.Node@3d16e9d8 | msg:MsgMsg(project5.Node@41d26b41,ca545150,1) | desc:
Dec 14, 2012 11:01:03 AM project5.ActorLogger$class log
INFO: id:project5.Node@911d38e | ts:79 | event:RECEIVE | to/from:project5.Node@41d26b41 | msg:MsgMsg(project5.Node@41d26b41,093a1a99,0) | desc:
Dec 14, 2012 11:01:03 AM project5.ActorLogger$class log
INFO: id:project5.Node@911d38e | ts:80 | event:SEND | to/from:project5.Node@3d16e9d8 | msg:MsgMsg(project5.Node@41d26b41,093a1a99,1) | desc:
Dec 14, 2012 11:01:03 AM project5.ActorLogger$class log
INFO: id:project5.Node@911d38e | ts:81 | event:RECEIVE | to/from:project5.Node@41d26b41 | msg:MsgMsg(project5.Node@41d26b41,5edf921e,0) | desc:
Dec 14, 2012 11:01:03 AM project5.ActorLogger$class log
INFO: id:project5.Node@911d38e | ts:82 | event:SEND | to/from:project5.Node@3d16e9d8 | msg:MsgMsg(project5.Node@41d26b41,5edf921e,1) | desc:
Dec 14, 2012 11:01:03 AM project5.ActorLogger$class log
INFO: id:project5.Node@911d38e | ts:83 | event:RECEIVE | to/from:scala.actors.ActorProxy@549e3065 | msg:joinNW(project5.Node@391416b3) | desc:
Dec 14, 2012 11:01:03 AM project5.ActorLogger$class log
INFO: id:project5.Node@911d38e | ts:84 | event:SEND | to/from:project5.Node@391416b3 | msg:ackJoin(project5.routingTable@63e02678) | desc:
Dec 14, 2012 11:01:03 AM project5.ActorLogger$class log
INFO: id:project5.Node@911d38e | ts:85 | event:SEND | to/from:project5.Node@3d16e9d8 | msg:joinNW(project5.Node@391416b3) | desc:
Dec 14, 2012 11:01:03 AM project5.ActorLogger$class log
INFO: id:project5.Node@911d38e | ts:87 | event:RECEIVE | to/from:project5.Node@391416b3 | msg:joinedNW | desc:
Dec 14, 2012 11:01:03 AM project5.ActorLogger$class log
INFO: id:project5.Node@911d38e | ts:88 | event:SEND | to/from:project5.Node@391416b3 | msg:joinedNWAck | desc:
Dec 14, 2012 11:01:03 AM project5.ActorLogger$class log
INFO: id:project5.Node@911d38e | ts:89 | event:RECEIVE | to/from:scala.actors.ActorProxy@549e3065 | msg:joinNW(project5.Node@3890c1ee) | desc:
Dec 14, 2012 11:01:03 AM project5.ActorLogger$class log
INFO: id:project5.Node@911d38e | ts:90 | event:SEND | to/from:project5.Node@3890c1ee | msg:ackJoin(project5.routingTable@63e02678) | desc:
Dec 14, 2012 11:01:03 AM project5.ActorLogger$class log
INFO: id:project5.Node@911d38e | ts:93 | event:RECEIVE | to/from:project5.Node@3890c1ee | msg:joinedNW | desc:
Dec 14, 2012 11:01:03 AM project5.ActorLogger$class log
INFO: id:project5.Node@911d38e | ts:94 | event:SEND | to/from:project5.Node@3890c1ee | msg:joinedNWAck | desc:
