Dec 14, 2012 11:01:03 AM project5.ActorLogger$class log
INFO: id:project5.Node@1632dfd4 | ts:1 | event:SEND | to/from:project5.Node@282c1e2e | msg:joinNW(project5.Node@1632dfd4) | desc:
Dec 14, 2012 11:01:03 AM project5.ActorLogger$class log
INFO: id:project5.Node@1632dfd4 | ts:89 | event:RECEIVE | to/from:project5.Node@282c1e2e | msg:ackJoin(project5.routingTable@1e2db6ea) | desc:
Dec 14, 2012 11:01:03 AM project5.ActorLogger$class log
INFO: id:project5.Node@1632dfd4 | ts:90 | event:SEND | to/from:project5.Node@282c1e2e | msg:joinedNW | desc:
Dec 14, 2012 11:01:03 AM project5.ActorLogger$class log
INFO: id:project5.Node@1632dfd4 | ts:97 | event:RECEIVE | to/from:project5.Node@282c1e2e | msg:joinedNWAck | desc:
Dec 14, 2012 11:01:03 AM project5.ActorLogger$class log
INFO: id:project5.Node@1632dfd4 | ts:99 | event:RECEIVE | to/from:project5.Node@282c1e2e | msg:MsgMsg(project5.Node@391416b3,544054fa,2) | desc:
Dec 14, 2012 11:01:03 AM project5.ActorLogger$class log
INFO: id:project5.Node@1632dfd4 | ts:100 | event:SEND | to/from:project5.Node@391416b3 | msg:MsgDelivered(3) | desc:
Dec 14, 2012 11:01:03 AM project5.ActorLogger$class log
INFO: id:project5.Node@1632dfd4 | ts:112 | event:RECEIVE | to/from:project5.Node@282c1e2e | msg:MsgMsg(project5.Node@391416b3,cb747250,2) | desc:
Dec 14, 2012 11:01:03 AM project5.ActorLogger$class log
INFO: id:project5.Node@1632dfd4 | ts:113 | event:SEND | to/from:project5.Node@391416b3 | msg:MsgDelivered(3) | desc:
Dec 14, 2012 11:01:03 AM project5.ActorLogger$class log
INFO: id:project5.Node@1632dfd4 | ts:116 | event:RECEIVE | to/from:project5.Node@282c1e2e | msg:MsgMsg(project5.Node@3890c1ee,76dca694,2) | desc:
Dec 14, 2012 11:01:03 AM project5.ActorLogger$class log
INFO: id:project5.Node@1632dfd4 | ts:117 | event:SEND | to/from:project5.Node@3890c1ee | msg:MsgDelivered(3) | desc:
Dec 14, 2012 11:01:04 AM project5.ActorLogger$class log
INFO: id:project5.Node@1632dfd4 | ts:118 | event:RECEIVE | to/from:project5.Node@282c1e2e | msg:MsgMsg(project5.Node@391416b3,ebb8e4a8,2) | desc:
Dec 14, 2012 11:01:04 AM project5.ActorLogger$class log
INFO: id:project5.Node@1632dfd4 | ts:119 | event:SEND | to/from:project5.Node@391416b3 | msg:MsgDelivered(3) | desc:
Dec 14, 2012 11:01:04 AM project5.ActorLogger$class log
INFO: id:project5.Node@1632dfd4 | ts:120 | event:RECEIVE | to/from:project5.Node@282c1e2e | msg:MsgMsg(project5.Node@391416b3,2ad4efbb,2) | desc:
Dec 14, 2012 11:01:04 AM project5.ActorLogger$class log
INFO: id:project5.Node@1632dfd4 | ts:121 | event:SEND | to/from:project5.Node@391416b3 | msg:MsgDelivered(3) | desc:
Dec 14, 2012 11:01:04 AM project5.ActorLogger$class log
INFO: id:project5.Node@1632dfd4 | ts:122 | event:RECEIVE | to/from:project5.Node@282c1e2e | msg:MsgMsg(project5.Node@391416b3,77b0c3d1,2) | desc:
Dec 14, 2012 11:01:04 AM project5.ActorLogger$class log
INFO: id:project5.Node@1632dfd4 | ts:123 | event:SEND | to/from:project5.Node@391416b3 | msg:MsgDelivered(3) | desc:
Dec 14, 2012 11:01:04 AM project5.ActorLogger$class log
INFO: id:project5.Node@1632dfd4 | ts:124 | event:RECEIVE | to/from:project5.Node@282c1e2e | msg:MsgMsg(project5.Node@391416b3,8f44d26e,2) | desc:
Dec 14, 2012 11:01:04 AM project5.ActorLogger$class log
INFO: id:project5.Node@1632dfd4 | ts:125 | event:SEND | to/from:project5.Node@391416b3 | msg:MsgDelivered(3) | desc:
Dec 14, 2012 11:01:04 AM project5.ActorLogger$class log
INFO: id:project5.Node@1632dfd4 | ts:126 | event:RECEIVE | to/from:project5.Node@282c1e2e | msg:MsgMsg(project5.Node@3890c1ee,e8782c61,2) | desc:
Dec 14, 2012 11:01:04 AM project5.ActorLogger$class log
INFO: id:project5.Node@1632dfd4 | ts:127 | event:SEND | to/from:project5.Node@3890c1ee | msg:MsgDelivered(3) | desc:
Dec 14, 2012 11:01:04 AM project5.ActorLogger$class log
INFO: id:project5.Node@1632dfd4 | ts:128 | event:RECEIVE | to/from:project5.Node@282c1e2e | msg:MsgMsg(project5.Node@391416b3,ceffdeb4,2) | desc:
Dec 14, 2012 11:01:04 AM project5.ActorLogger$class log
INFO: id:project5.Node@1632dfd4 | ts:129 | event:SEND | to/from:project5.Node@391416b3 | msg:MsgDelivered(3) | desc:
Dec 14, 2012 11:01:04 AM project5.ActorLogger$class log
INFO: id:project5.Node@1632dfd4 | ts:130 | event:RECEIVE | to/from:project5.Node@282c1e2e | msg:MsgMsg(project5.Node@391416b3,42aa4c96,2) | desc:
Dec 14, 2012 11:01:04 AM project5.ActorLogger$class log
INFO: id:project5.Node@1632dfd4 | ts:131 | event:SEND | to/from:project5.Node@391416b3 | msg:MsgDelivered(3) | desc:
Dec 14, 2012 11:01:04 AM project5.ActorLogger$class log
INFO: id:project5.Node@1632dfd4 | ts:132 | event:RECEIVE | to/from:project5.Node@282c1e2e | msg:MsgMsg(project5.Node@3890c1ee,e201f3fe,2) | desc:
Dec 14, 2012 11:01:04 AM project5.ActorLogger$class log
INFO: id:project5.Node@1632dfd4 | ts:133 | event:SEND | to/from:project5.Node@3890c1ee | msg:MsgDelivered(3) | desc:
Dec 14, 2012 11:01:04 AM project5.ActorLogger$class log
INFO: id:project5.Node@1632dfd4 | ts:134 | event:RECEIVE | to/from:project5.Node@282c1e2e | msg:MsgMsg(project5.Node@2be8ac6f,3d66bb28,2) | desc:
Dec 14, 2012 11:01:04 AM project5.ActorLogger$class log
INFO: id:project5.Node@1632dfd4 | ts:135 | event:SEND | to/from:project5.Node@2be8ac6f | msg:MsgDelivered(3) | desc:
Dec 14, 2012 11:01:04 AM project5.ActorLogger$class log
INFO: id:project5.Node@1632dfd4 | ts:136 | event:RECEIVE | to/from:project5.Node@282c1e2e | msg:MsgMsg(project5.Node@3890c1ee,aaec705d,2) | desc:
Dec 14, 2012 11:01:04 AM project5.ActorLogger$class log
INFO: id:project5.Node@1632dfd4 | ts:137 | event:SEND | to/from:project5.Node@3890c1ee | msg:MsgDelivered(3) | desc:
Dec 14, 2012 11:01:04 AM project5.ActorLogger$class log
INFO: id:project5.Node@1632dfd4 | ts:138 | event:RECEIVE | to/from:project5.Node@282c1e2e | msg:MsgMsg(project5.Node@3890c1ee,cfcfcb2f,2) | desc:
Dec 14, 2012 11:01:04 AM project5.ActorLogger$class log
INFO: id:project5.Node@1632dfd4 | ts:139 | event:SEND | to/from:project5.Node@3890c1ee | msg:MsgDelivered(3) | desc:
Dec 14, 2012 11:01:04 AM project5.ActorLogger$class log
INFO: id:project5.Node@1632dfd4 | ts:140 | event:RECEIVE | to/from:project5.Node@282c1e2e | msg:MsgMsg(project5.Node@2be8ac6f,2c22011f,2) | desc:
Dec 14, 2012 11:01:04 AM project5.ActorLogger$class log
INFO: id:project5.Node@1632dfd4 | ts:141 | event:SEND | to/from:project5.Node@2be8ac6f | msg:MsgDelivered(3) | desc:
Dec 14, 2012 11:01:04 AM project5.ActorLogger$class log
INFO: id:project5.Node@1632dfd4 | ts:142 | event:RECEIVE | to/from:project5.Node@282c1e2e | msg:MsgMsg(project5.Node@2be8ac6f,0c68ac6e,2) | desc:
Dec 14, 2012 11:01:04 AM project5.ActorLogger$class log
INFO: id:project5.Node@1632dfd4 | ts:143 | event:SEND | to/from:project5.Node@2be8ac6f | msg:MsgDelivered(3) | desc:
Dec 14, 2012 11:01:04 AM project5.ActorLogger$class log
INFO: id:project5.Node@1632dfd4 | ts:144 | event:RECEIVE | to/from:project5.Node@282c1e2e | msg:MsgMsg(project5.Node@3890c1ee,96b0056f,2) | desc:
Dec 14, 2012 11:01:04 AM project5.ActorLogger$class log
INFO: id:project5.Node@1632dfd4 | ts:145 | event:SEND | to/from:project5.Node@3890c1ee | msg:MsgDelivered(3) | desc:
Dec 14, 2012 11:01:04 AM project5.ActorLogger$class log
INFO: id:project5.Node@1632dfd4 | ts:146 | event:RECEIVE | to/from:project5.Node@282c1e2e | msg:MsgMsg(project5.Node@3890c1ee,84a4ae55,2) | desc:
Dec 14, 2012 11:01:04 AM project5.ActorLogger$class log
INFO: id:project5.Node@1632dfd4 | ts:147 | event:SEND | to/from:project5.Node@3890c1ee | msg:MsgDelivered(3) | desc:
Dec 14, 2012 11:01:04 AM project5.ActorLogger$class log
INFO: id:project5.Node@1632dfd4 | ts:148 | event:RECEIVE | to/from:project5.Node@282c1e2e | msg:MsgMsg(project5.Node@3890c1ee,cade51bd,2) | desc:
Dec 14, 2012 11:01:04 AM project5.ActorLogger$class log
INFO: id:project5.Node@1632dfd4 | ts:149 | event:SEND | to/from:project5.Node@3890c1ee | msg:MsgDelivered(3) | desc:
Dec 14, 2012 11:01:04 AM project5.ActorLogger$class log
INFO: id:project5.Node@1632dfd4 | ts:150 | event:RECEIVE | to/from:project5.Node@282c1e2e | msg:MsgMsg(project5.Node@2be8ac6f,703a0867,2) | desc:
Dec 14, 2012 11:01:04 AM project5.ActorLogger$class log
INFO: id:project5.Node@1632dfd4 | ts:151 | event:SEND | to/from:project5.Node@2be8ac6f | msg:MsgDelivered(3) | desc:
Dec 14, 2012 11:01:04 AM project5.ActorLogger$class log
INFO: id:project5.Node@1632dfd4 | ts:152 | event:RECEIVE | to/from:project5.Node@282c1e2e | msg:MsgMsg(project5.Node@2be8ac6f,822e483a,2) | desc:
Dec 14, 2012 11:01:04 AM project5.ActorLogger$class log
INFO: id:project5.Node@1632dfd4 | ts:153 | event:SEND | to/from:project5.Node@2be8ac6f | msg:MsgDelivered(3) | desc:
Dec 14, 2012 11:01:04 AM project5.ActorLogger$class log
INFO: id:project5.Node@1632dfd4 | ts:154 | event:RECEIVE | to/from:project5.Node@282c1e2e | msg:MsgMsg(project5.Node@2be8ac6f,75ea72bb,2) | desc:
Dec 14, 2012 11:01:04 AM project5.ActorLogger$class log
INFO: id:project5.Node@1632dfd4 | ts:155 | event:SEND | to/from:project5.Node@2be8ac6f | msg:MsgDelivered(3) | desc:
Dec 14, 2012 11:01:04 AM project5.ActorLogger$class log
INFO: id:project5.Node@1632dfd4 | ts:158 | event:RECEIVE | to/from:project5.Node@282c1e2e | msg:MsgMsg(project5.Node@391416b3,53f523c2,1) | desc:
Dec 14, 2012 11:01:04 AM project5.ActorLogger$class log
INFO: id:project5.Node@1632dfd4 | ts:159 | event:SEND | to/from:project5.Node@391416b3 | msg:MsgDelivered(2) | desc:
Dec 14, 2012 11:01:04 AM project5.ActorLogger$class log
INFO: id:project5.Node@1632dfd4 | ts:160 | event:RECEIVE | to/from:project5.Node@282c1e2e | msg:MsgMsg(project5.Node@391416b3,847b1ddf,1) | desc:
Dec 14, 2012 11:01:04 AM project5.ActorLogger$class log
INFO: id:project5.Node@1632dfd4 | ts:161 | event:SEND | to/from:project5.Node@391416b3 | msg:MsgDelivered(2) | desc:
Dec 14, 2012 11:01:04 AM project5.ActorLogger$class log
INFO: id:project5.Node@1632dfd4 | ts:162 | event:RECEIVE | to/from:project5.Node@282c1e2e | msg:MsgMsg(project5.Node@391416b3,e80382cb,1) | desc:
Dec 14, 2012 11:01:04 AM project5.ActorLogger$class log
INFO: id:project5.Node@1632dfd4 | ts:163 | event:SEND | to/from:project5.Node@391416b3 | msg:MsgDelivered(2) | desc:
Dec 14, 2012 11:01:04 AM project5.ActorLogger$class log
INFO: id:project5.Node@1632dfd4 | ts:164 | event:RECEIVE | to/from:project5.Node@282c1e2e | msg:MsgMsg(project5.Node@391416b3,9b39dafb,1) | desc:
Dec 14, 2012 11:01:04 AM project5.ActorLogger$class log
INFO: id:project5.Node@1632dfd4 | ts:165 | event:SEND | to/from:project5.Node@391416b3 | msg:MsgDelivered(2) | desc:
Dec 14, 2012 11:01:04 AM project5.ActorLogger$class log
INFO: id:project5.Node@1632dfd4 | ts:166 | event:RECEIVE | to/from:project5.Node@282c1e2e | msg:MsgMsg(project5.Node@391416b3,3ff279b6,1) | desc:
Dec 14, 2012 11:01:04 AM project5.ActorLogger$class log
INFO: id:project5.Node@1632dfd4 | ts:167 | event:SEND | to/from:project5.Node@391416b3 | msg:MsgDelivered(2) | desc:
Dec 14, 2012 11:01:04 AM project5.ActorLogger$class log
INFO: id:project5.Node@1632dfd4 | ts:168 | event:RECEIVE | to/from:project5.Node@282c1e2e | msg:MsgMsg(project5.Node@391416b3,d2f2cd5c,1) | desc:
Dec 14, 2012 11:01:04 AM project5.ActorLogger$class log
INFO: id:project5.Node@1632dfd4 | ts:169 | event:SEND | to/from:project5.Node@391416b3 | msg:MsgDelivered(2) | desc:
Dec 14, 2012 11:01:04 AM project5.ActorLogger$class log
INFO: id:project5.Node@1632dfd4 | ts:170 | event:RECEIVE | to/from:project5.Node@282c1e2e | msg:MsgMsg(project5.Node@2be8ac6f,8da606e9,2) | desc:
Dec 14, 2012 11:01:04 AM project5.ActorLogger$class log
INFO: id:project5.Node@1632dfd4 | ts:171 | event:SEND | to/from:project5.Node@2be8ac6f | msg:MsgDelivered(3) | desc:
Dec 14, 2012 11:01:04 AM project5.ActorLogger$class log
INFO: id:project5.Node@1632dfd4 | ts:172 | event:RECEIVE | to/from:project5.Node@282c1e2e | msg:MsgMsg(project5.Node@391416b3,5c15252f,1) | desc:
Dec 14, 2012 11:01:04 AM project5.ActorLogger$class log
INFO: id:project5.Node@1632dfd4 | ts:173 | event:SEND | to/from:project5.Node@391416b3 | msg:MsgDelivered(2) | desc:
Dec 14, 2012 11:01:04 AM project5.ActorLogger$class log
INFO: id:project5.Node@1632dfd4 | ts:174 | event:RECEIVE | to/from:project5.Node@282c1e2e | msg:MsgMsg(project5.Node@2be8ac6f,a39ff44a,2) | desc:
Dec 14, 2012 11:01:04 AM project5.ActorLogger$class log
INFO: id:project5.Node@1632dfd4 | ts:175 | event:SEND | to/from:project5.Node@2be8ac6f | msg:MsgDelivered(3) | desc:
Dec 14, 2012 11:01:04 AM project5.ActorLogger$class log
INFO: id:project5.Node@1632dfd4 | ts:176 | event:RECEIVE | to/from:project5.Node@282c1e2e | msg:MsgMsg(project5.Node@2be8ac6f,dbeba31b,2) | desc:
Dec 14, 2012 11:01:04 AM project5.ActorLogger$class log
INFO: id:project5.Node@1632dfd4 | ts:177 | event:SEND | to/from:project5.Node@2be8ac6f | msg:MsgDelivered(3) | desc:
