Dec 14, 2012 11:01:03 AM project5.ActorLogger$class log
INFO: id:project5.Node@78556aa9 | ts:1 | event:SEND | to/from:project5.Node@5632af89 | msg:joinNW(project5.Node@78556aa9) | desc:
Dec 14, 2012 11:01:03 AM project5.ActorLogger$class log
INFO: id:project5.Node@78556aa9 | ts:103 | event:RECEIVE | to/from:project5.Node@5632af89 | msg:ackJoin(project5.routingTable@76e5b3b9) | desc:
Dec 14, 2012 11:01:03 AM project5.ActorLogger$class log
INFO: id:project5.Node@78556aa9 | ts:104 | event:SEND | to/from:project5.Node@5632af89 | msg:joinedNW | desc:
Dec 14, 2012 11:01:03 AM project5.ActorLogger$class log
INFO: id:project5.Node@78556aa9 | ts:107 | event:RECEIVE | to/from:project5.Node@5632af89 | msg:joinedNWAck | desc:
Dec 14, 2012 11:01:03 AM project5.ActorLogger$class log
INFO: id:project5.Node@78556aa9 | ts:108 | event:SEND | to/from:project5.Node@12d3e679 | msg:MsgMsg(project5.Node@78556aa9,7a106bec,0) | desc:
Dec 14, 2012 11:01:03 AM project5.ActorLogger$class log
INFO: id:project5.Node@78556aa9 | ts:109 | event:SEND | to/from:project5.Node@12d3e679 | msg:MsgMsg(project5.Node@78556aa9,7fde0b3f,0) | desc:
Dec 14, 2012 11:01:03 AM project5.ActorLogger$class log
INFO: id:project5.Node@78556aa9 | ts:110 | event:SEND | to/from:project5.Node@12d3e679 | msg:MsgMsg(project5.Node@78556aa9,31a38415,0) | desc:
Dec 14, 2012 11:01:03 AM project5.ActorLogger$class log
INFO: id:project5.Node@78556aa9 | ts:111 | event:SEND | to/from:project5.Node@12d3e679 | msg:MsgMsg(project5.Node@78556aa9,6c5b7bb8,0) | desc:
Dec 14, 2012 11:01:03 AM project5.ActorLogger$class log
INFO: id:project5.Node@78556aa9 | ts:112 | event:SEND | to/from:project5.Node@12d3e679 | msg:MsgMsg(project5.Node@78556aa9,7562f19c,0) | desc:
Dec 14, 2012 11:01:03 AM project5.ActorLogger$class log
INFO: id:project5.Node@78556aa9 | ts:113 | event:SEND | to/from:project5.Node@12d3e679 | msg:MsgMsg(project5.Node@78556aa9,3b26b57f,0) | desc:
Dec 14, 2012 11:01:03 AM project5.ActorLogger$class log
INFO: id:project5.Node@78556aa9 | ts:114 | event:SEND | to/from:project5.Node@12d3e679 | msg:MsgMsg(project5.Node@78556aa9,c33f7938,0) | desc:
Dec 14, 2012 11:01:03 AM project5.ActorLogger$class log
INFO: id:project5.Node@78556aa9 | ts:115 | event:SEND | to/from:project5.Node@753ac592 | msg:MsgMsg(project5.Node@78556aa9,b4bce9aa,0) | desc:
Dec 14, 2012 11:01:03 AM project5.ActorLogger$class log
INFO: id:project5.Node@78556aa9 | ts:116 | event:SEND | to/from:project5.Node@12d3e679 | msg:MsgMsg(project5.Node@78556aa9,cd879e00,0) | desc:
Dec 14, 2012 11:01:03 AM project5.ActorLogger$class log
INFO: id:project5.Node@78556aa9 | ts:117 | event:SEND | to/from:project5.Node@12d3e679 | msg:MsgMsg(project5.Node@78556aa9,6c0291bb,0) | desc:
Dec 14, 2012 11:01:03 AM project5.ActorLogger$class log
INFO: id:project5.Node@78556aa9 | ts:118 | event:RECEIVE | to/from:project5.Node@753ac592 | msg:MsgDelivered(1) | desc:
Dec 14, 2012 11:01:03 AM project5.ActorLogger$class log
INFO: id:project5.Node@78556aa9 | ts:157 | event:RECEIVE | to/from:project5.Node@5632af89 | msg:MsgMsg(project5.Node@6d99723f,eb72c61f,2) | desc:
Dec 14, 2012 11:01:03 AM project5.ActorLogger$class log
INFO: id:project5.Node@78556aa9 | ts:158 | event:SEND | to/from:project5.Node@6d99723f | msg:MsgDelivered(3) | desc:
Dec 14, 2012 11:01:05 AM project5.ActorLogger$class log
INFO: id:project5.Node@78556aa9 | ts:290 | event:RECEIVE | to/from:project5.Node@76737f58 | msg:MsgDelivered(2) | desc:
Dec 14, 2012 11:01:05 AM project5.ActorLogger$class log
INFO: id:project5.Node@78556aa9 | ts:292 | event:RECEIVE | to/from:project5.Node@76737f58 | msg:MsgDelivered(2) | desc:
Dec 14, 2012 11:01:05 AM project5.ActorLogger$class log
INFO: id:project5.Node@78556aa9 | ts:298 | event:RECEIVE | to/from:project5.Node@76737f58 | msg:MsgDelivered(2) | desc:
Dec 14, 2012 11:01:06 AM project5.ActorLogger$class log
INFO: id:project5.Node@78556aa9 | ts:486 | event:RECEIVE | to/from:project5.Node@724cb162 | msg:MsgDelivered(3) | desc:
Dec 14, 2012 11:01:06 AM project5.ActorLogger$class log
INFO: id:project5.Node@78556aa9 | ts:500 | event:RECEIVE | to/from:project5.Node@724cb162 | msg:MsgDelivered(3) | desc:
Dec 14, 2012 11:01:06 AM project5.ActorLogger$class log
INFO: id:project5.Node@78556aa9 | ts:501 | event:RECEIVE | to/from:project5.Node@73b8dc93 | msg:MsgDelivered(6) | desc:
Dec 14, 2012 11:01:06 AM project5.ActorLogger$class log
INFO: id:project5.Node@78556aa9 | ts:502 | event:RECEIVE | to/from:project5.Node@73b8dc93 | msg:MsgDelivered(6) | desc:
Dec 14, 2012 11:01:06 AM project5.ActorLogger$class log
INFO: id:project5.Node@78556aa9 | ts:503 | event:RECEIVE | to/from:project5.Node@73b8dc93 | msg:MsgDelivered(6) | desc:
Dec 14, 2012 11:01:06 AM project5.ActorLogger$class log
INFO: id:project5.Node@78556aa9 | ts:504 | event:RECEIVE | to/from:project5.Node@73b8dc93 | msg:MsgDelivered(6) | desc:
