Dec 14, 2012 11:01:02 AM project5.ActorLogger$class log
INFO: id:project5.Node@689fda41 | ts:1 | event:SEND | to/from:project5.Node@285876fe | msg:joinNW(project5.Node@689fda41) | desc:
Dec 14, 2012 11:01:02 AM project5.ActorLogger$class log
INFO: id:project5.Node@689fda41 | ts:93 | event:RECEIVE | to/from:project5.Node@285876fe | msg:ackJoin(project5.routingTable@ac0cac8) | desc:
Dec 14, 2012 11:01:02 AM project5.ActorLogger$class log
INFO: id:project5.Node@689fda41 | ts:94 | event:SEND | to/from:project5.Node@285876fe | msg:joinedNW | desc:
Dec 14, 2012 11:01:02 AM project5.ActorLogger$class log
INFO: id:project5.Node@689fda41 | ts:97 | event:RECEIVE | to/from:project5.Node@285876fe | msg:joinedNWAck | desc:
Dec 14, 2012 11:01:02 AM project5.ActorLogger$class log
INFO: id:project5.Node@689fda41 | ts:98 | event:SEND | to/from:project5.Node@298f89c9 | msg:MsgMsg(project5.Node@689fda41,81787786,0) | desc:
Dec 14, 2012 11:01:02 AM project5.ActorLogger$class log
INFO: id:project5.Node@689fda41 | ts:99 | event:SEND | to/from:project5.Node@298f89c9 | msg:MsgMsg(project5.Node@689fda41,794acab4,0) | desc:
Dec 14, 2012 11:01:02 AM project5.ActorLogger$class log
INFO: id:project5.Node@689fda41 | ts:100 | event:SEND | to/from:project5.Node@298f89c9 | msg:MsgMsg(project5.Node@689fda41,2d30048c,0) | desc:
Dec 14, 2012 11:01:02 AM project5.ActorLogger$class log
INFO: id:project5.Node@689fda41 | ts:101 | event:SEND | to/from:project5.Node@298f89c9 | msg:MsgMsg(project5.Node@689fda41,b694bdaa,0) | desc:
Dec 14, 2012 11:01:02 AM project5.ActorLogger$class log
INFO: id:project5.Node@689fda41 | ts:102 | event:SEND | to/from:project5.Node@298f89c9 | msg:MsgMsg(project5.Node@689fda41,9e101d55,0) | desc:
Dec 14, 2012 11:01:02 AM project5.ActorLogger$class log
INFO: id:project5.Node@689fda41 | ts:103 | event:SEND | to/from:project5.Node@298f89c9 | msg:MsgMsg(project5.Node@689fda41,b6c15107,0) | desc:
Dec 14, 2012 11:01:02 AM project5.ActorLogger$class log
INFO: id:project5.Node@689fda41 | ts:104 | event:SEND | to/from:project5.Node@298f89c9 | msg:MsgMsg(project5.Node@689fda41,b3a764fc,0) | desc:
Dec 14, 2012 11:01:02 AM project5.ActorLogger$class log
INFO: id:project5.Node@689fda41 | ts:105 | event:SEND | to/from:project5.Node@3cde8a82 | msg:MsgMsg(project5.Node@689fda41,e37364eb,0) | desc:
Dec 14, 2012 11:01:02 AM project5.ActorLogger$class log
INFO: id:project5.Node@689fda41 | ts:106 | event:SEND | to/from:project5.Node@298f89c9 | msg:MsgMsg(project5.Node@689fda41,a220d6eb,0) | desc:
Dec 14, 2012 11:01:02 AM project5.ActorLogger$class log
INFO: id:project5.Node@689fda41 | ts:107 | event:SEND | to/from:project5.Node@298f89c9 | msg:MsgMsg(project5.Node@689fda41,9894a5fe,0) | desc:
Dec 14, 2012 11:01:02 AM project5.ActorLogger$class log
INFO: id:project5.Node@689fda41 | ts:108 | event:RECEIVE | to/from:project5.Node@298f89c9 | msg:MsgDelivered(1) | desc:
Dec 14, 2012 11:01:02 AM project5.ActorLogger$class log
INFO: id:project5.Node@689fda41 | ts:109 | event:RECEIVE | to/from:project5.Node@3cde8a82 | msg:MsgDelivered(1) | desc:
Dec 14, 2012 11:01:02 AM project5.ActorLogger$class log
INFO: id:project5.Node@689fda41 | ts:110 | event:RECEIVE | to/from:project5.Node@298f89c9 | msg:MsgDelivered(1) | desc:
Dec 14, 2012 11:01:03 AM project5.ActorLogger$class log
INFO: id:project5.Node@689fda41 | ts:113 | event:RECEIVE | to/from:project5.Node@298f89c9 | msg:MsgDelivered(1) | desc:
Dec 14, 2012 11:01:03 AM project5.ActorLogger$class log
INFO: id:project5.Node@689fda41 | ts:115 | event:RECEIVE | to/from:project5.Node@298f89c9 | msg:MsgDelivered(1) | desc:
Dec 14, 2012 11:01:03 AM project5.ActorLogger$class log
INFO: id:project5.Node@689fda41 | ts:125 | event:RECEIVE | to/from:project5.Node@37de41ce | msg:MsgDelivered(3) | desc:
Dec 14, 2012 11:01:03 AM project5.ActorLogger$class log
INFO: id:project5.Node@689fda41 | ts:127 | event:RECEIVE | to/from:project5.Node@37de41ce | msg:MsgDelivered(3) | desc:
Dec 14, 2012 11:01:03 AM project5.ActorLogger$class log
INFO: id:project5.Node@689fda41 | ts:128 | event:RECEIVE | to/from:project5.Node@10d42d49 | msg:MsgMsg(project5.Node@10d42d49,70460db0,0) | desc:
Dec 14, 2012 11:01:03 AM project5.ActorLogger$class log
INFO: id:project5.Node@689fda41 | ts:129 | event:SEND | to/from:project5.Node@298f89c9 | msg:MsgMsg(project5.Node@10d42d49,70460db0,1) | desc:
Dec 14, 2012 11:01:03 AM project5.ActorLogger$class log
INFO: id:project5.Node@689fda41 | ts:130 | event:RECEIVE | to/from:project5.Node@10d42d49 | msg:MsgMsg(project5.Node@10d42d49,a13fd115,0) | desc:
Dec 14, 2012 11:01:03 AM project5.ActorLogger$class log
INFO: id:project5.Node@689fda41 | ts:131 | event:SEND | to/from:project5.Node@298f89c9 | msg:MsgMsg(project5.Node@10d42d49,a13fd115,1) | desc:
Dec 14, 2012 11:01:03 AM project5.ActorLogger$class log
INFO: id:project5.Node@689fda41 | ts:132 | event:RECEIVE | to/from:project5.Node@10d42d49 | msg:MsgMsg(project5.Node@10d42d49,9ec7d4b0,0) | desc:
Dec 14, 2012 11:01:03 AM project5.ActorLogger$class log
INFO: id:project5.Node@689fda41 | ts:133 | event:SEND | to/from:project5.Node@298f89c9 | msg:MsgMsg(project5.Node@10d42d49,9ec7d4b0,1) | desc:
Dec 14, 2012 11:01:04 AM project5.ActorLogger$class log
INFO: id:project5.Node@689fda41 | ts:134 | event:RECEIVE | to/from:project5.Node@37de41ce | msg:MsgDelivered(3) | desc:
Dec 14, 2012 11:01:04 AM project5.ActorLogger$class log
INFO: id:project5.Node@689fda41 | ts:135 | event:RECEIVE | to/from:project5.Node@10d42d49 | msg:MsgMsg(project5.Node@10d42d49,dc0289c6,0) | desc:
Dec 14, 2012 11:01:04 AM project5.ActorLogger$class log
INFO: id:project5.Node@689fda41 | ts:136 | event:SEND | to/from:project5.Node@298f89c9 | msg:MsgMsg(project5.Node@10d42d49,dc0289c6,1) | desc:
Dec 14, 2012 11:01:04 AM project5.ActorLogger$class log
INFO: id:project5.Node@689fda41 | ts:137 | event:RECEIVE | to/from:project5.Node@10d42d49 | msg:MsgMsg(project5.Node@10d42d49,29c8f663,0) | desc:
Dec 14, 2012 11:01:04 AM project5.ActorLogger$class log
INFO: id:project5.Node@689fda41 | ts:138 | event:SEND | to/from:project5.Node@298f89c9 | msg:MsgMsg(project5.Node@10d42d49,29c8f663,1) | desc:
Dec 14, 2012 11:01:04 AM project5.ActorLogger$class log
INFO: id:project5.Node@689fda41 | ts:139 | event:RECEIVE | to/from:project5.Node@10d42d49 | msg:MsgMsg(project5.Node@10d42d49,decadcb9,0) | desc:
Dec 14, 2012 11:01:04 AM project5.ActorLogger$class log
INFO: id:project5.Node@689fda41 | ts:140 | event:SEND | to/from:project5.Node@298f89c9 | msg:MsgMsg(project5.Node@10d42d49,decadcb9,1) | desc:
Dec 14, 2012 11:01:04 AM project5.ActorLogger$class log
INFO: id:project5.Node@689fda41 | ts:141 | event:RECEIVE | to/from:project5.Node@37de41ce | msg:MsgDelivered(3) | desc:
Dec 14, 2012 11:01:04 AM project5.ActorLogger$class log
INFO: id:project5.Node@689fda41 | ts:142 | event:RECEIVE | to/from:project5.Node@37de41ce | msg:MsgDelivered(3) | desc:
