Dec 14, 2012 11:01:01 AM project5.ActorLogger$class log
INFO: id:project5.Node@6a8bda08 | ts:1 | event:SEND | to/from:project5.Node@753ac592 | msg:joinNW(project5.Node@6a8bda08) | desc:
Dec 14, 2012 11:01:02 AM project5.ActorLogger$class log
INFO: id:project5.Node@6a8bda08 | ts:83 | event:RECEIVE | to/from:project5.Node@753ac592 | msg:ackJoin(project5.routingTable@42f3fe0) | desc:
Dec 14, 2012 11:01:02 AM project5.ActorLogger$class log
INFO: id:project5.Node@6a8bda08 | ts:84 | event:SEND | to/from:project5.Node@753ac592 | msg:joinedNW | desc:
Dec 14, 2012 11:01:02 AM project5.ActorLogger$class log
INFO: id:project5.Node@6a8bda08 | ts:87 | event:RECEIVE | to/from:project5.Node@753ac592 | msg:joinedNWAck | desc:
Dec 14, 2012 11:01:02 AM project5.ActorLogger$class log
INFO: id:project5.Node@6a8bda08 | ts:88 | event:SEND | to/from:project5.Node@12d3e679 | msg:MsgMsg(project5.Node@6a8bda08,ace2047b,0) | desc:
Dec 14, 2012 11:01:02 AM project5.ActorLogger$class log
INFO: id:project5.Node@6a8bda08 | ts:89 | event:SEND | to/from:project5.Node@12d3e679 | msg:MsgMsg(project5.Node@6a8bda08,a3833d20,0) | desc:
Dec 14, 2012 11:01:02 AM project5.ActorLogger$class log
INFO: id:project5.Node@6a8bda08 | ts:90 | event:SEND | to/from:project5.Node@12d3e679 | msg:MsgMsg(project5.Node@6a8bda08,5ddf9dab,0) | desc:
Dec 14, 2012 11:01:02 AM project5.ActorLogger$class log
INFO: id:project5.Node@6a8bda08 | ts:91 | event:SEND | to/from:project5.Node@12d3e679 | msg:MsgMsg(project5.Node@6a8bda08,e80aef15,0) | desc:
Dec 14, 2012 11:01:02 AM project5.ActorLogger$class log
INFO: id:project5.Node@6a8bda08 | ts:92 | event:SEND | to/from:project5.Node@12d3e679 | msg:MsgMsg(project5.Node@6a8bda08,d33f3e12,0) | desc:
Dec 14, 2012 11:01:02 AM project5.ActorLogger$class log
INFO: id:project5.Node@6a8bda08 | ts:93 | event:SEND | to/from:project5.Node@12d3e679 | msg:MsgMsg(project5.Node@6a8bda08,fe37c567,0) | desc:
Dec 14, 2012 11:01:02 AM project5.ActorLogger$class log
INFO: id:project5.Node@6a8bda08 | ts:94 | event:SEND | to/from:project5.Node@12d3e679 | msg:MsgMsg(project5.Node@6a8bda08,78c2de78,0) | desc:
Dec 14, 2012 11:01:02 AM project5.ActorLogger$class log
INFO: id:project5.Node@6a8bda08 | ts:95 | event:SEND | to/from:project5.Node@12d3e679 | msg:MsgMsg(project5.Node@6a8bda08,aa7d7497,0) | desc:
Dec 14, 2012 11:01:02 AM project5.ActorLogger$class log
INFO: id:project5.Node@6a8bda08 | ts:96 | event:SEND | to/from:project5.Node@12d3e679 | msg:MsgMsg(project5.Node@6a8bda08,fc6ba77f,0) | desc:
Dec 14, 2012 11:01:02 AM project5.ActorLogger$class log
INFO: id:project5.Node@6a8bda08 | ts:97 | event:SEND | to/from:project5.Node@12d3e679 | msg:MsgMsg(project5.Node@6a8bda08,48a57025,0) | desc:
Dec 14, 2012 11:01:02 AM project5.ActorLogger$class log
INFO: id:project5.Node@6a8bda08 | ts:98 | event:RECEIVE | to/from:scala.actors.ActorProxy@549e3065 | msg:joinNW(project5.Node@18f048dc) | desc:
Dec 14, 2012 11:01:02 AM project5.ActorLogger$class log
INFO: id:project5.Node@6a8bda08 | ts:99 | event:SEND | to/from:project5.Node@18f048dc | msg:ackJoin(project5.routingTable@3cbd9256) | desc:
Dec 14, 2012 11:01:02 AM project5.ActorLogger$class log
INFO: id:project5.Node@6a8bda08 | ts:100 | event:RECEIVE | to/from:scala.actors.ActorProxy@549e3065 | msg:joinNW(project5.Node@473f704e) | desc:
Dec 14, 2012 11:01:02 AM project5.ActorLogger$class log
INFO: id:project5.Node@6a8bda08 | ts:101 | event:SEND | to/from:project5.Node@473f704e | msg:ackJoin(project5.routingTable@3cbd9256) | desc:
Dec 14, 2012 11:01:02 AM project5.ActorLogger$class log
INFO: id:project5.Node@6a8bda08 | ts:102 | event:RECEIVE | to/from:project5.Node@186b480a | msg:MsgMsg(project5.Node@186b480a,4cd3ab9b,0) | desc:
Dec 14, 2012 11:01:02 AM project5.ActorLogger$class log
INFO: id:project5.Node@6a8bda08 | ts:103 | event:SEND | to/from:project5.Node@12d3e679 | msg:MsgMsg(project5.Node@186b480a,4cd3ab9b,1) | desc:
Dec 14, 2012 11:01:02 AM project5.ActorLogger$class log
INFO: id:project5.Node@6a8bda08 | ts:104 | event:RECEIVE | to/from:project5.Node@18f048dc | msg:joinedNW | desc:
Dec 14, 2012 11:01:02 AM project5.ActorLogger$class log
INFO: id:project5.Node@6a8bda08 | ts:105 | event:SEND | to/from:project5.Node@18f048dc | msg:joinedNWAck | desc:
Dec 14, 2012 11:01:02 AM project5.ActorLogger$class log
INFO: id:project5.Node@6a8bda08 | ts:106 | event:RECEIVE | to/from:project5.Node@186b480a | msg:MsgMsg(project5.Node@186b480a,9ad3e404,0) | desc:
Dec 14, 2012 11:01:02 AM project5.ActorLogger$class log
INFO: id:project5.Node@6a8bda08 | ts:107 | event:SEND | to/from:project5.Node@18f048dc | msg:MsgMsg(project5.Node@186b480a,9ad3e404,1) | desc:
Dec 14, 2012 11:01:02 AM project5.ActorLogger$class log
INFO: id:project5.Node@6a8bda08 | ts:108 | event:RECEIVE | to/from:project5.Node@186b480a | msg:MsgMsg(project5.Node@186b480a,0da588fd,0) | desc:
Dec 14, 2012 11:01:02 AM project5.ActorLogger$class log
INFO: id:project5.Node@6a8bda08 | ts:109 | event:SEND | to/from:project5.Node@18f048dc | msg:MsgMsg(project5.Node@186b480a,0da588fd,1) | desc:
Dec 14, 2012 11:01:02 AM project5.ActorLogger$class log
INFO: id:project5.Node@6a8bda08 | ts:110 | event:RECEIVE | to/from:project5.Node@186b480a | msg:MsgMsg(project5.Node@186b480a,d5009460,0) | desc:
Dec 14, 2012 11:01:02 AM project5.ActorLogger$class log
INFO: id:project5.Node@6a8bda08 | ts:111 | event:SEND | to/from:project5.Node@18f048dc | msg:MsgMsg(project5.Node@186b480a,d5009460,1) | desc:
Dec 14, 2012 11:01:02 AM project5.ActorLogger$class log
INFO: id:project5.Node@6a8bda08 | ts:112 | event:RECEIVE | to/from:project5.Node@186b480a | msg:MsgMsg(project5.Node@186b480a,9a9602c5,0) | desc:
Dec 14, 2012 11:01:02 AM project5.ActorLogger$class log
INFO: id:project5.Node@6a8bda08 | ts:113 | event:SEND | to/from:project5.Node@18f048dc | msg:MsgMsg(project5.Node@186b480a,9a9602c5,1) | desc:
Dec 14, 2012 11:01:02 AM project5.ActorLogger$class log
INFO: id:project5.Node@6a8bda08 | ts:114 | event:RECEIVE | to/from:project5.Node@186b480a | msg:MsgMsg(project5.Node@186b480a,827d1a91,0) | desc:
Dec 14, 2012 11:01:02 AM project5.ActorLogger$class log
INFO: id:project5.Node@6a8bda08 | ts:115 | event:SEND | to/from:project5.Node@186b480a | msg:MsgDelivered(1) | desc:
Dec 14, 2012 11:01:02 AM project5.ActorLogger$class log
INFO: id:project5.Node@6a8bda08 | ts:116 | event:RECEIVE | to/from:project5.Node@186b480a | msg:MsgMsg(project5.Node@186b480a,cebc9ab4,0) | desc:
Dec 14, 2012 11:01:02 AM project5.ActorLogger$class log
INFO: id:project5.Node@6a8bda08 | ts:117 | event:SEND | to/from:project5.Node@18f048dc | msg:MsgMsg(project5.Node@186b480a,cebc9ab4,1) | desc:
Dec 14, 2012 11:01:02 AM project5.ActorLogger$class log
INFO: id:project5.Node@6a8bda08 | ts:118 | event:RECEIVE | to/from:project5.Node@186b480a | msg:MsgMsg(project5.Node@186b480a,f787ad19,0) | desc:
Dec 14, 2012 11:01:02 AM project5.ActorLogger$class log
INFO: id:project5.Node@6a8bda08 | ts:119 | event:SEND | to/from:project5.Node@18f048dc | msg:MsgMsg(project5.Node@186b480a,f787ad19,1) | desc:
Dec 14, 2012 11:01:02 AM project5.ActorLogger$class log
INFO: id:project5.Node@6a8bda08 | ts:120 | event:RECEIVE | to/from:project5.Node@186b480a | msg:MsgMsg(project5.Node@186b480a,d8ccd268,0) | desc:
Dec 14, 2012 11:01:03 AM project5.ActorLogger$class log
INFO: id:project5.Node@6a8bda08 | ts:121 | event:SEND | to/from:project5.Node@18f048dc | msg:MsgMsg(project5.Node@186b480a,d8ccd268,1) | desc:
Dec 14, 2012 11:01:03 AM project5.ActorLogger$class log
INFO: id:project5.Node@6a8bda08 | ts:122 | event:RECEIVE | to/from:project5.Node@186b480a | msg:MsgMsg(project5.Node@186b480a,797de07f,0) | desc:
Dec 14, 2012 11:01:03 AM project5.ActorLogger$class log
INFO: id:project5.Node@6a8bda08 | ts:123 | event:SEND | to/from:project5.Node@18f048dc | msg:MsgMsg(project5.Node@186b480a,797de07f,1) | desc:
Dec 14, 2012 11:01:03 AM project5.ActorLogger$class log
INFO: id:project5.Node@6a8bda08 | ts:124 | event:RECEIVE | to/from:project5.Node@473f704e | msg:joinedNW | desc:
Dec 14, 2012 11:01:03 AM project5.ActorLogger$class log
INFO: id:project5.Node@6a8bda08 | ts:125 | event:SEND | to/from:project5.Node@473f704e | msg:joinedNWAck | desc:
Dec 14, 2012 11:01:03 AM project5.ActorLogger$class log
INFO: id:project5.Node@6a8bda08 | ts:127 | event:RECEIVE | to/from:project5.Node@12d3e679 | msg:MsgDelivered(1) | desc:
Dec 14, 2012 11:01:03 AM project5.ActorLogger$class log
INFO: id:project5.Node@6a8bda08 | ts:129 | event:RECEIVE | to/from:project5.Node@12d3e679 | msg:MsgDelivered(1) | desc:
Dec 14, 2012 11:01:03 AM project5.ActorLogger$class log
INFO: id:project5.Node@6a8bda08 | ts:133 | event:RECEIVE | to/from:project5.Node@e18a9e8 | msg:MsgDelivered(2) | desc:
Dec 14, 2012 11:01:03 AM project5.ActorLogger$class log
INFO: id:project5.Node@6a8bda08 | ts:155 | event:RECEIVE | to/from:project5.Node@76737f58 | msg:MsgDelivered(2) | desc:
Dec 14, 2012 11:01:03 AM project5.ActorLogger$class log
INFO: id:project5.Node@6a8bda08 | ts:156 | event:RECEIVE | to/from:project5.Node@12d3e679 | msg:MsgDelivered(1) | desc:
Dec 14, 2012 11:01:03 AM project5.ActorLogger$class log
INFO: id:project5.Node@6a8bda08 | ts:157 | event:RECEIVE | to/from:project5.Node@73b8dc93 | msg:MsgDelivered(6) | desc:
Dec 14, 2012 11:01:04 AM project5.ActorLogger$class log
INFO: id:project5.Node@6a8bda08 | ts:158 | event:RECEIVE | to/from:project5.Node@73b8dc93 | msg:MsgDelivered(6) | desc:
Dec 14, 2012 11:01:04 AM project5.ActorLogger$class log
INFO: id:project5.Node@6a8bda08 | ts:162 | event:RECEIVE | to/from:project5.Node@73b8dc93 | msg:MsgDelivered(6) | desc:
Dec 14, 2012 11:01:04 AM project5.ActorLogger$class log
INFO: id:project5.Node@6a8bda08 | ts:198 | event:RECEIVE | to/from:project5.Node@73b8dc93 | msg:MsgDelivered(6) | desc:
Dec 14, 2012 11:01:04 AM project5.ActorLogger$class log
INFO: id:project5.Node@6a8bda08 | ts:208 | event:RECEIVE | to/from:project5.Node@73b8dc93 | msg:MsgDelivered(6) | desc:
