Dec 14, 2012 11:01:00 AM project5.ActorLogger$class log
INFO: id:project5.Node@52988584 | ts:1 | event:SEND | to/from:project5.Node@2f3b5500 | msg:joinNW(project5.Node@52988584) | desc:
Dec 14, 2012 11:01:00 AM project5.ActorLogger$class log
INFO: id:project5.Node@52988584 | ts:8 | event:RECEIVE | to/from:project5.Node@2f3b5500 | msg:ackJoin(project5.routingTable@48ca328f) | desc:
Dec 14, 2012 11:01:00 AM project5.ActorLogger$class log
INFO: id:project5.Node@52988584 | ts:9 | event:SEND | to/from:project5.Node@2f3b5500 | msg:joinedNW | desc:
Dec 14, 2012 11:01:00 AM project5.ActorLogger$class log
INFO: id:project5.Node@52988584 | ts:20 | event:RECEIVE | to/from:project5.Node@2f3b5500 | msg:joinedNWAck | desc:
Dec 14, 2012 11:01:01 AM project5.ActorLogger$class log
INFO: id:project5.Node@52988584 | ts:41 | event:RECEIVE | to/from:project5.Node@4364958d | msg:MsgMsg(project5.Node@4364958d,90ce3104,0) | desc:
Dec 14, 2012 11:01:01 AM project5.ActorLogger$class log
INFO: id:project5.Node@52988584 | ts:42 | event:SEND | to/from:project5.Node@4364958d | msg:MsgDelivered(1) | desc:
Dec 14, 2012 11:01:03 AM project5.ActorLogger$class log
INFO: id:project5.Node@52988584 | ts:43 | event:RECEIVE | to/from:scala.actors.ActorProxy@549e3065 | msg:joinNW(project5.Node@5b19537a) | desc:
Dec 14, 2012 11:01:03 AM project5.ActorLogger$class log
INFO: id:project5.Node@52988584 | ts:44 | event:SEND | to/from:project5.Node@5b19537a | msg:ackJoin(project5.routingTable@2d0a238e) | desc:
Dec 14, 2012 11:01:03 AM project5.ActorLogger$class log
INFO: id:project5.Node@52988584 | ts:47 | event:RECEIVE | to/from:project5.Node@5b19537a | msg:joinedNW | desc:
Dec 14, 2012 11:01:03 AM project5.ActorLogger$class log
INFO: id:project5.Node@52988584 | ts:48 | event:SEND | to/from:project5.Node@5b19537a | msg:joinedNWAck | desc:
