Dec 14, 2012 11:01:02 AM project5.ActorLogger$class log
INFO: id:project5.Node@6266458b | ts:1 | event:SEND | to/from:project5.Node@298f89c9 | msg:joinNW(project5.Node@6266458b) | desc:
Dec 14, 2012 11:01:02 AM project5.ActorLogger$class log
INFO: id:project5.Node@6266458b | ts:94 | event:RECEIVE | to/from:project5.Node@298f89c9 | msg:ackJoin(project5.routingTable@46727249) | desc:
Dec 14, 2012 11:01:02 AM project5.ActorLogger$class log
INFO: id:project5.Node@6266458b | ts:95 | event:SEND | to/from:project5.Node@298f89c9 | msg:joinedNW | desc:
Dec 14, 2012 11:01:02 AM project5.ActorLogger$class log
INFO: id:project5.Node@6266458b | ts:96 | event:RECEIVE | to/from:scala.actors.ActorProxy@549e3065 | msg:joinNW(project5.Node@37de41ce) | desc:
Dec 14, 2012 11:01:02 AM project5.ActorLogger$class log
INFO: id:project5.Node@6266458b | ts:97 | event:SEND | to/from:project5.Node@37de41ce | msg:ackJoin(project5.routingTable@2e1972bf) | desc:
Dec 14, 2012 11:01:02 AM project5.ActorLogger$class log
INFO: id:project5.Node@6266458b | ts:100 | event:RECEIVE | to/from:project5.Node@37de41ce | msg:joinedNW | desc:
Dec 14, 2012 11:01:02 AM project5.ActorLogger$class log
INFO: id:project5.Node@6266458b | ts:101 | event:SEND | to/from:project5.Node@37de41ce | msg:joinedNWAck | desc:
Dec 14, 2012 11:01:02 AM project5.ActorLogger$class log
INFO: id:project5.Node@6266458b | ts:103 | event:RECEIVE | to/from:project5.Node@298f89c9 | msg:joinedNWAck | desc:
Dec 14, 2012 11:01:02 AM project5.ActorLogger$class log
INFO: id:project5.Node@6266458b | ts:104 | event:SEND | to/from:project5.Node@37de41ce | msg:MsgMsg(project5.Node@6266458b,f485aa8a,0) | desc:
Dec 14, 2012 11:01:03 AM project5.ActorLogger$class log
INFO: id:project5.Node@6266458b | ts:105 | event:SEND | to/from:project5.Node@37de41ce | msg:MsgMsg(project5.Node@6266458b,d17dabdd,0) | desc:
Dec 14, 2012 11:01:03 AM project5.ActorLogger$class log
INFO: id:project5.Node@6266458b | ts:106 | event:SEND | to/from:project5.Node@37de41ce | msg:MsgMsg(project5.Node@6266458b,001740ff,0) | desc:
Dec 14, 2012 11:01:03 AM project5.ActorLogger$class log
INFO: id:project5.Node@6266458b | ts:107 | event:SEND | to/from:project5.Node@37de41ce | msg:MsgMsg(project5.Node@6266458b,73837ba1,0) | desc:
Dec 14, 2012 11:01:03 AM project5.ActorLogger$class log
INFO: id:project5.Node@6266458b | ts:108 | event:SEND | to/from:project5.Node@37de41ce | msg:MsgMsg(project5.Node@6266458b,25fd6831,0) | desc:
Dec 14, 2012 11:01:03 AM project5.ActorLogger$class log
INFO: id:project5.Node@6266458b | ts:109 | event:SEND | to/from:project5.Node@37de41ce | msg:MsgMsg(project5.Node@6266458b,a5cc64b5,0) | desc:
Dec 14, 2012 11:01:03 AM project5.ActorLogger$class log
INFO: id:project5.Node@6266458b | ts:110 | event:SEND | to/from:project5.Node@37de41ce | msg:MsgMsg(project5.Node@6266458b,7076119a,0) | desc:
Dec 14, 2012 11:01:03 AM project5.ActorLogger$class log
INFO: id:project5.Node@6266458b | ts:111 | event:SEND | to/from:project5.Node@37de41ce | msg:MsgMsg(project5.Node@6266458b,386af8d9,0) | desc:
Dec 14, 2012 11:01:03 AM project5.ActorLogger$class log
INFO: id:project5.Node@6266458b | ts:112 | event:SEND | to/from:project5.Node@37de41ce | msg:MsgMsg(project5.Node@6266458b,a36789ce,0) | desc:
Dec 14, 2012 11:01:03 AM project5.ActorLogger$class log
INFO: id:project5.Node@6266458b | ts:113 | event:RECEIVE | to/from:project5.Node@298f89c9 | msg:MsgMsg(project5.Node@689fda41,794acab4,1) | desc:
Dec 14, 2012 11:01:03 AM project5.ActorLogger$class log
INFO: id:project5.Node@6266458b | ts:114 | event:SEND | to/from:project5.Node@37de41ce | msg:MsgMsg(project5.Node@689fda41,794acab4,2) | desc:
Dec 14, 2012 11:01:03 AM project5.ActorLogger$class log
INFO: id:project5.Node@6266458b | ts:115 | event:RECEIVE | to/from:project5.Node@298f89c9 | msg:MsgMsg(project5.Node@689fda41,2d30048c,1) | desc:
Dec 14, 2012 11:01:03 AM project5.ActorLogger$class log
INFO: id:project5.Node@6266458b | ts:116 | event:SEND | to/from:project5.Node@37de41ce | msg:MsgMsg(project5.Node@689fda41,2d30048c,2) | desc:
Dec 14, 2012 11:01:03 AM project5.ActorLogger$class log
INFO: id:project5.Node@6266458b | ts:117 | event:RECEIVE | to/from:project5.Node@298f89c9 | msg:MsgMsg(project5.Node@689fda41,9e101d55,1) | desc:
Dec 14, 2012 11:01:03 AM project5.ActorLogger$class log
INFO: id:project5.Node@6266458b | ts:118 | event:SEND | to/from:project5.Node@37de41ce | msg:MsgMsg(project5.Node@689fda41,9e101d55,2) | desc:
Dec 14, 2012 11:01:03 AM project5.ActorLogger$class log
INFO: id:project5.Node@6266458b | ts:119 | event:RECEIVE | to/from:project5.Node@37de41ce | msg:MsgDelivered(1) | desc:
Dec 14, 2012 11:01:03 AM project5.ActorLogger$class log
INFO: id:project5.Node@6266458b | ts:120 | event:RECEIVE | to/from:project5.Node@298f89c9 | msg:MsgMsg(project5.Node@689fda41,a220d6eb,1) | desc:
Dec 14, 2012 11:01:03 AM project5.ActorLogger$class log
INFO: id:project5.Node@6266458b | ts:121 | event:SEND | to/from:project5.Node@37de41ce | msg:MsgMsg(project5.Node@689fda41,a220d6eb,2) | desc:
Dec 14, 2012 11:01:03 AM project5.ActorLogger$class log
INFO: id:project5.Node@6266458b | ts:122 | event:RECEIVE | to/from:project5.Node@37de41ce | msg:MsgDelivered(1) | desc:
Dec 14, 2012 11:01:03 AM project5.ActorLogger$class log
INFO: id:project5.Node@6266458b | ts:123 | event:RECEIVE | to/from:project5.Node@298f89c9 | msg:MsgMsg(project5.Node@689fda41,9894a5fe,1) | desc:
Dec 14, 2012 11:01:03 AM project5.ActorLogger$class log
INFO: id:project5.Node@6266458b | ts:124 | event:SEND | to/from:project5.Node@37de41ce | msg:MsgMsg(project5.Node@689fda41,9894a5fe,2) | desc:
Dec 14, 2012 11:01:03 AM project5.ActorLogger$class log
INFO: id:project5.Node@6266458b | ts:125 | event:RECEIVE | to/from:project5.Node@37de41ce | msg:MsgDelivered(1) | desc:
Dec 14, 2012 11:01:03 AM project5.ActorLogger$class log
INFO: id:project5.Node@6266458b | ts:126 | event:RECEIVE | to/from:project5.Node@37de41ce | msg:MsgDelivered(1) | desc:
Dec 14, 2012 11:01:03 AM project5.ActorLogger$class log
INFO: id:project5.Node@6266458b | ts:127 | event:RECEIVE | to/from:project5.Node@37de41ce | msg:MsgDelivered(1) | desc:
Dec 14, 2012 11:01:03 AM project5.ActorLogger$class log
INFO: id:project5.Node@6266458b | ts:128 | event:RECEIVE | to/from:project5.Node@37de41ce | msg:MsgDelivered(1) | desc:
Dec 14, 2012 11:01:03 AM project5.ActorLogger$class log
INFO: id:project5.Node@6266458b | ts:129 | event:RECEIVE | to/from:project5.Node@5dccb1dd | msg:MsgMsg(project5.Node@5dccb1dd,a452afbf,0) | desc:
Dec 14, 2012 11:01:03 AM project5.ActorLogger$class log
INFO: id:project5.Node@6266458b | ts:130 | event:SEND | to/from:project5.Node@37de41ce | msg:MsgMsg(project5.Node@5dccb1dd,a452afbf,1) | desc:
Dec 14, 2012 11:01:03 AM project5.ActorLogger$class log
INFO: id:project5.Node@6266458b | ts:131 | event:RECEIVE | to/from:project5.Node@5dccb1dd | msg:MsgMsg(project5.Node@5dccb1dd,47904d9c,0) | desc:
Dec 14, 2012 11:01:03 AM project5.ActorLogger$class log
INFO: id:project5.Node@6266458b | ts:132 | event:SEND | to/from:project5.Node@37de41ce | msg:MsgMsg(project5.Node@5dccb1dd,47904d9c,1) | desc:
Dec 14, 2012 11:01:03 AM project5.ActorLogger$class log
INFO: id:project5.Node@6266458b | ts:133 | event:RECEIVE | to/from:project5.Node@37de41ce | msg:MsgDelivered(1) | desc:
Dec 14, 2012 11:01:03 AM project5.ActorLogger$class log
INFO: id:project5.Node@6266458b | ts:134 | event:RECEIVE | to/from:project5.Node@5dccb1dd | msg:MsgMsg(project5.Node@5dccb1dd,82b751ec,0) | desc:
Dec 14, 2012 11:01:03 AM project5.ActorLogger$class log
INFO: id:project5.Node@6266458b | ts:135 | event:SEND | to/from:project5.Node@37de41ce | msg:MsgMsg(project5.Node@5dccb1dd,82b751ec,1) | desc:
Dec 14, 2012 11:01:03 AM project5.ActorLogger$class log
INFO: id:project5.Node@6266458b | ts:136 | event:RECEIVE | to/from:project5.Node@5dccb1dd | msg:MsgMsg(project5.Node@5dccb1dd,672c27ea,0) | desc:
Dec 14, 2012 11:01:03 AM project5.ActorLogger$class log
INFO: id:project5.Node@6266458b | ts:137 | event:SEND | to/from:project5.Node@37de41ce | msg:MsgMsg(project5.Node@5dccb1dd,672c27ea,1) | desc:
Dec 14, 2012 11:01:03 AM project5.ActorLogger$class log
INFO: id:project5.Node@6266458b | ts:138 | event:RECEIVE | to/from:project5.Node@5dccb1dd | msg:MsgMsg(project5.Node@5dccb1dd,75c76ab4,0) | desc:
Dec 14, 2012 11:01:03 AM project5.ActorLogger$class log
INFO: id:project5.Node@6266458b | ts:139 | event:SEND | to/from:project5.Node@37de41ce | msg:MsgMsg(project5.Node@5dccb1dd,75c76ab4,1) | desc:
Dec 14, 2012 11:01:03 AM project5.ActorLogger$class log
INFO: id:project5.Node@6266458b | ts:140 | event:RECEIVE | to/from:project5.Node@5dccb1dd | msg:MsgMsg(project5.Node@5dccb1dd,d0f4c68f,0) | desc:
Dec 14, 2012 11:01:03 AM project5.ActorLogger$class log
INFO: id:project5.Node@6266458b | ts:141 | event:SEND | to/from:project5.Node@37de41ce | msg:MsgMsg(project5.Node@5dccb1dd,d0f4c68f,1) | desc:
Dec 14, 2012 11:01:03 AM project5.ActorLogger$class log
INFO: id:project5.Node@6266458b | ts:142 | event:RECEIVE | to/from:project5.Node@5dccb1dd | msg:MsgMsg(project5.Node@5dccb1dd,f5033af4,0) | desc:
Dec 14, 2012 11:01:03 AM project5.ActorLogger$class log
INFO: id:project5.Node@6266458b | ts:143 | event:SEND | to/from:project5.Node@37de41ce | msg:MsgMsg(project5.Node@5dccb1dd,f5033af4,1) | desc:
Dec 14, 2012 11:01:03 AM project5.ActorLogger$class log
INFO: id:project5.Node@6266458b | ts:144 | event:RECEIVE | to/from:project5.Node@5dccb1dd | msg:MsgMsg(project5.Node@5dccb1dd,a4830f3e,0) | desc:
Dec 14, 2012 11:01:03 AM project5.ActorLogger$class log
INFO: id:project5.Node@6266458b | ts:145 | event:SEND | to/from:project5.Node@37de41ce | msg:MsgMsg(project5.Node@5dccb1dd,a4830f3e,1) | desc:
Dec 14, 2012 11:01:04 AM project5.ActorLogger$class log
INFO: id:project5.Node@6266458b | ts:146 | event:RECEIVE | to/from:project5.Node@37de41ce | msg:MsgDelivered(1) | desc:
Dec 14, 2012 11:01:04 AM project5.ActorLogger$class log
INFO: id:project5.Node@6266458b | ts:147 | event:RECEIVE | to/from:project5.Node@5dccb1dd | msg:MsgMsg(project5.Node@5dccb1dd,01a4ea89,0) | desc:
Dec 14, 2012 11:01:04 AM project5.ActorLogger$class log
INFO: id:project5.Node@6266458b | ts:148 | event:SEND | to/from:project5.Node@37de41ce | msg:MsgMsg(project5.Node@5dccb1dd,01a4ea89,1) | desc:
Dec 14, 2012 11:01:04 AM project5.ActorLogger$class log
INFO: id:project5.Node@6266458b | ts:149 | event:RECEIVE | to/from:project5.Node@37de41ce | msg:MsgDelivered(1) | desc:
Dec 14, 2012 11:01:04 AM project5.ActorLogger$class log
INFO: id:project5.Node@6266458b | ts:150 | event:RECEIVE | to/from:project5.Node@28d47c65 | msg:MsgMsg(project5.Node@28d47c65,8d7333fb,0) | desc:
Dec 14, 2012 11:01:04 AM project5.ActorLogger$class log
INFO: id:project5.Node@6266458b | ts:151 | event:SEND | to/from:project5.Node@37de41ce | msg:MsgMsg(project5.Node@28d47c65,8d7333fb,1) | desc:
Dec 14, 2012 11:01:04 AM project5.ActorLogger$class log
INFO: id:project5.Node@6266458b | ts:152 | event:RECEIVE | to/from:project5.Node@28d47c65 | msg:MsgMsg(project5.Node@28d47c65,270d2be6,0) | desc:
Dec 14, 2012 11:01:04 AM project5.ActorLogger$class log
INFO: id:project5.Node@6266458b | ts:153 | event:SEND | to/from:project5.Node@37de41ce | msg:MsgMsg(project5.Node@28d47c65,270d2be6,1) | desc:
Dec 14, 2012 11:01:04 AM project5.ActorLogger$class log
INFO: id:project5.Node@6266458b | ts:154 | event:RECEIVE | to/from:project5.Node@28d47c65 | msg:MsgMsg(project5.Node@28d47c65,5a83bbad,0) | desc:
Dec 14, 2012 11:01:04 AM project5.ActorLogger$class log
INFO: id:project5.Node@6266458b | ts:155 | event:SEND | to/from:project5.Node@37de41ce | msg:MsgMsg(project5.Node@28d47c65,5a83bbad,1) | desc:
Dec 14, 2012 11:01:04 AM project5.ActorLogger$class log
INFO: id:project5.Node@6266458b | ts:156 | event:RECEIVE | to/from:project5.Node@28d47c65 | msg:MsgMsg(project5.Node@28d47c65,49dc13c9,0) | desc:
Dec 14, 2012 11:01:04 AM project5.ActorLogger$class log
INFO: id:project5.Node@6266458b | ts:157 | event:SEND | to/from:project5.Node@37de41ce | msg:MsgMsg(project5.Node@28d47c65,49dc13c9,1) | desc:
Dec 14, 2012 11:01:04 AM project5.ActorLogger$class log
INFO: id:project5.Node@6266458b | ts:158 | event:RECEIVE | to/from:project5.Node@28d47c65 | msg:MsgMsg(project5.Node@28d47c65,5a4b2dd7,0) | desc:
Dec 14, 2012 11:01:04 AM project5.ActorLogger$class log
INFO: id:project5.Node@6266458b | ts:159 | event:SEND | to/from:project5.Node@37de41ce | msg:MsgMsg(project5.Node@28d47c65,5a4b2dd7,1) | desc:
Dec 14, 2012 11:01:04 AM project5.ActorLogger$class log
INFO: id:project5.Node@6266458b | ts:160 | event:RECEIVE | to/from:project5.Node@28d47c65 | msg:MsgMsg(project5.Node@28d47c65,2db4d77d,0) | desc:
Dec 14, 2012 11:01:04 AM project5.ActorLogger$class log
INFO: id:project5.Node@6266458b | ts:161 | event:SEND | to/from:project5.Node@37de41ce | msg:MsgMsg(project5.Node@28d47c65,2db4d77d,1) | desc:
Dec 14, 2012 11:01:04 AM project5.ActorLogger$class log
INFO: id:project5.Node@6266458b | ts:162 | event:RECEIVE | to/from:project5.Node@28d47c65 | msg:MsgMsg(project5.Node@28d47c65,2b9bf02c,0) | desc:
Dec 14, 2012 11:01:04 AM project5.ActorLogger$class log
INFO: id:project5.Node@6266458b | ts:163 | event:SEND | to/from:project5.Node@37de41ce | msg:MsgMsg(project5.Node@28d47c65,2b9bf02c,1) | desc:
Dec 14, 2012 11:01:04 AM project5.ActorLogger$class log
INFO: id:project5.Node@6266458b | ts:164 | event:RECEIVE | to/from:project5.Node@28d47c65 | msg:MsgMsg(project5.Node@28d47c65,2600eecc,0) | desc:
Dec 14, 2012 11:01:04 AM project5.ActorLogger$class log
INFO: id:project5.Node@6266458b | ts:165 | event:SEND | to/from:project5.Node@37de41ce | msg:MsgMsg(project5.Node@28d47c65,2600eecc,1) | desc:
Dec 14, 2012 11:01:04 AM project5.ActorLogger$class log
INFO: id:project5.Node@6266458b | ts:166 | event:RECEIVE | to/from:project5.Node@28d47c65 | msg:MsgMsg(project5.Node@28d47c65,e24dc7e2,0) | desc:
Dec 14, 2012 11:01:04 AM project5.ActorLogger$class log
INFO: id:project5.Node@6266458b | ts:167 | event:SEND | to/from:project5.Node@28d47c65 | msg:MsgDelivered(1) | desc:
Dec 14, 2012 11:01:04 AM project5.ActorLogger$class log
INFO: id:project5.Node@6266458b | ts:168 | event:RECEIVE | to/from:project5.Node@28d47c65 | msg:MsgMsg(project5.Node@10d42d49,70460db0,4) | desc:
Dec 14, 2012 11:01:04 AM project5.ActorLogger$class log
INFO: id:project5.Node@6266458b | ts:169 | event:SEND | to/from:project5.Node@37de41ce | msg:MsgMsg(project5.Node@10d42d49,70460db0,5) | desc:
Dec 14, 2012 11:01:04 AM project5.ActorLogger$class log
INFO: id:project5.Node@6266458b | ts:170 | event:RECEIVE | to/from:project5.Node@28d47c65 | msg:MsgMsg(project5.Node@10d42d49,a13fd115,4) | desc:
Dec 14, 2012 11:01:04 AM project5.ActorLogger$class log
INFO: id:project5.Node@6266458b | ts:171 | event:SEND | to/from:project5.Node@37de41ce | msg:MsgMsg(project5.Node@10d42d49,a13fd115,5) | desc:
Dec 14, 2012 11:01:04 AM project5.ActorLogger$class log
INFO: id:project5.Node@6266458b | ts:172 | event:RECEIVE | to/from:project5.Node@28d47c65 | msg:MsgMsg(project5.Node@10d42d49,9ec7d4b0,4) | desc:
Dec 14, 2012 11:01:04 AM project5.ActorLogger$class log
INFO: id:project5.Node@6266458b | ts:173 | event:SEND | to/from:project5.Node@37de41ce | msg:MsgMsg(project5.Node@10d42d49,9ec7d4b0,5) | desc:
Dec 14, 2012 11:01:04 AM project5.ActorLogger$class log
INFO: id:project5.Node@6266458b | ts:174 | event:RECEIVE | to/from:project5.Node@28d47c65 | msg:MsgMsg(project5.Node@10d42d49,dc0289c6,4) | desc:
Dec 14, 2012 11:01:04 AM project5.ActorLogger$class log
INFO: id:project5.Node@6266458b | ts:175 | event:SEND | to/from:project5.Node@37de41ce | msg:MsgMsg(project5.Node@10d42d49,dc0289c6,5) | desc:
Dec 14, 2012 11:01:04 AM project5.ActorLogger$class log
INFO: id:project5.Node@6266458b | ts:176 | event:RECEIVE | to/from:project5.Node@28d47c65 | msg:MsgMsg(project5.Node@10d42d49,29c8f663,4) | desc:
Dec 14, 2012 11:01:04 AM project5.ActorLogger$class log
INFO: id:project5.Node@6266458b | ts:177 | event:SEND | to/from:project5.Node@37de41ce | msg:MsgMsg(project5.Node@10d42d49,29c8f663,5) | desc:
Dec 14, 2012 11:01:04 AM project5.ActorLogger$class log
INFO: id:project5.Node@6266458b | ts:178 | event:RECEIVE | to/from:project5.Node@28d47c65 | msg:MsgMsg(project5.Node@10d42d49,decadcb9,4) | desc:
Dec 14, 2012 11:01:04 AM project5.ActorLogger$class log
INFO: id:project5.Node@6266458b | ts:179 | event:SEND | to/from:project5.Node@37de41ce | msg:MsgMsg(project5.Node@10d42d49,decadcb9,5) | desc:
