Dec 14, 2012 11:01:02 AM project5.ActorLogger$class log
INFO: id:project5.Node@3dbd83b2 | ts:1 | event:SEND | to/from:project5.Node@12d3e679 | msg:joinNW(project5.Node@3dbd83b2) | desc:
Dec 14, 2012 11:01:03 AM project5.ActorLogger$class log
INFO: id:project5.Node@3dbd83b2 | ts:2 | event:RECEIVE | to/from:scala.actors.ActorProxy@549e3065 | msg:joinNW(project5.Node@4162ca06) | desc:
Dec 14, 2012 11:01:03 AM project5.ActorLogger$class log
INFO: id:project5.Node@3dbd83b2 | ts:3 | event:SEND | to/from:project5.Node@4162ca06 | msg:ackJoin(project5.routingTable@109b415c) | desc:
Dec 14, 2012 11:01:03 AM project5.ActorLogger$class log
INFO: id:project5.Node@3dbd83b2 | ts:6 | event:RECEIVE | to/from:project5.Node@4162ca06 | msg:joinedNW | desc:
Dec 14, 2012 11:01:03 AM project5.ActorLogger$class log
INFO: id:project5.Node@3dbd83b2 | ts:7 | event:SEND | to/from:project5.Node@4162ca06 | msg:joinedNWAck | desc:
Dec 14, 2012 11:01:04 AM project5.ActorLogger$class log
INFO: id:project5.Node@3dbd83b2 | ts:226 | event:RECEIVE | to/from:project5.Node@12d3e679 | msg:ackJoin(project5.routingTable@32089335) | desc:
Dec 14, 2012 11:01:04 AM project5.ActorLogger$class log
INFO: id:project5.Node@3dbd83b2 | ts:227 | event:SEND | to/from:project5.Node@12d3e679 | msg:joinedNW | desc:
Dec 14, 2012 11:01:05 AM project5.ActorLogger$class log
INFO: id:project5.Node@3dbd83b2 | ts:394 | event:RECEIVE | to/from:project5.Node@12d3e679 | msg:joinedNWAck | desc:
Dec 14, 2012 11:01:05 AM project5.ActorLogger$class log
INFO: id:project5.Node@3dbd83b2 | ts:395 | event:SEND | to/from:project5.Node@e18a9e8 | msg:MsgMsg(project5.Node@3dbd83b2,61e1bf1e,0) | desc:
Dec 14, 2012 11:01:05 AM project5.ActorLogger$class log
INFO: id:project5.Node@3dbd83b2 | ts:396 | event:SEND | to/from:project5.Node@e18a9e8 | msg:MsgMsg(project5.Node@3dbd83b2,815bdbd7,0) | desc:
Dec 14, 2012 11:01:05 AM project5.ActorLogger$class log
INFO: id:project5.Node@3dbd83b2 | ts:397 | event:SEND | to/from:project5.Node@e18a9e8 | msg:MsgMsg(project5.Node@3dbd83b2,59adf9be,0) | desc:
Dec 14, 2012 11:01:05 AM project5.ActorLogger$class log
INFO: id:project5.Node@3dbd83b2 | ts:398 | event:SEND | to/from:project5.Node@e18a9e8 | msg:MsgMsg(project5.Node@3dbd83b2,0b188226,0) | desc:
Dec 14, 2012 11:01:05 AM project5.ActorLogger$class log
INFO: id:project5.Node@3dbd83b2 | ts:399 | event:SEND | to/from:project5.Node@e18a9e8 | msg:MsgMsg(project5.Node@3dbd83b2,3d2941fe,0) | desc:
Dec 14, 2012 11:01:05 AM project5.ActorLogger$class log
INFO: id:project5.Node@3dbd83b2 | ts:400 | event:SEND | to/from:project5.Node@e18a9e8 | msg:MsgMsg(project5.Node@3dbd83b2,451354ef,0) | desc:
Dec 14, 2012 11:01:05 AM project5.ActorLogger$class log
INFO: id:project5.Node@3dbd83b2 | ts:401 | event:SEND | to/from:project5.Node@e18a9e8 | msg:MsgMsg(project5.Node@3dbd83b2,309164fc,0) | desc:
Dec 14, 2012 11:01:05 AM project5.ActorLogger$class log
INFO: id:project5.Node@3dbd83b2 | ts:402 | event:SEND | to/from:project5.Node@e18a9e8 | msg:MsgMsg(project5.Node@3dbd83b2,f1a9a15f,0) | desc:
Dec 14, 2012 11:01:05 AM project5.ActorLogger$class log
INFO: id:project5.Node@3dbd83b2 | ts:403 | event:SEND | to/from:project5.Node@e18a9e8 | msg:MsgMsg(project5.Node@3dbd83b2,fd82a1a5,0) | desc:
Dec 14, 2012 11:01:05 AM project5.ActorLogger$class log
INFO: id:project5.Node@3dbd83b2 | ts:404 | event:SEND | to/from:project5.Node@e18a9e8 | msg:MsgMsg(project5.Node@3dbd83b2,d874d041,0) | desc:
Dec 14, 2012 11:01:06 AM project5.ActorLogger$class log
INFO: id:project5.Node@3dbd83b2 | ts:405 | event:RECEIVE | to/from:project5.Node@e18a9e8 | msg:MsgDelivered(1) | desc:
Dec 14, 2012 11:01:06 AM project5.ActorLogger$class log
INFO: id:project5.Node@3dbd83b2 | ts:564 | event:RECEIVE | to/from:project5.Node@724cb162 | msg:MsgDelivered(2) | desc:
Dec 14, 2012 11:01:06 AM project5.ActorLogger$class log
INFO: id:project5.Node@3dbd83b2 | ts:572 | event:RECEIVE | to/from:project5.Node@73b8dc93 | msg:MsgDelivered(5) | desc:
Dec 14, 2012 11:01:06 AM project5.ActorLogger$class log
INFO: id:project5.Node@3dbd83b2 | ts:574 | event:RECEIVE | to/from:project5.Node@73b8dc93 | msg:MsgDelivered(5) | desc:
Dec 14, 2012 11:01:06 AM project5.ActorLogger$class log
INFO: id:project5.Node@3dbd83b2 | ts:576 | event:RECEIVE | to/from:project5.Node@73b8dc93 | msg:MsgDelivered(5) | desc:
Dec 14, 2012 11:01:06 AM project5.ActorLogger$class log
INFO: id:project5.Node@3dbd83b2 | ts:578 | event:RECEIVE | to/from:project5.Node@73b8dc93 | msg:MsgDelivered(5) | desc:
Dec 14, 2012 11:01:06 AM project5.ActorLogger$class log
INFO: id:project5.Node@3dbd83b2 | ts:580 | event:RECEIVE | to/from:project5.Node@73b8dc93 | msg:MsgDelivered(5) | desc:
Dec 14, 2012 11:01:06 AM project5.ActorLogger$class log
INFO: id:project5.Node@3dbd83b2 | ts:582 | event:RECEIVE | to/from:project5.Node@73b8dc93 | msg:MsgDelivered(5) | desc:
Dec 14, 2012 11:01:06 AM project5.ActorLogger$class log
INFO: id:project5.Node@3dbd83b2 | ts:584 | event:RECEIVE | to/from:project5.Node@73b8dc93 | msg:MsgDelivered(5) | desc:
Dec 14, 2012 11:01:06 AM project5.ActorLogger$class log
INFO: id:project5.Node@3dbd83b2 | ts:586 | event:RECEIVE | to/from:project5.Node@73b8dc93 | msg:MsgDelivered(5) | desc:
