Dec 14, 2012 11:01:00 AM project5.ActorLogger$class log
INFO: id:project5.Node@5fa52ad1 | ts:1 | event:SEND | to/from:project5.Node@2f3b5500 | msg:joinNW(project5.Node@5fa52ad1) | desc:
Dec 14, 2012 11:01:00 AM project5.ActorLogger$class log
INFO: id:project5.Node@5fa52ad1 | ts:2 | event:RECEIVE | to/from:scala.actors.ActorProxy@549e3065 | msg:joinNW(project5.Node@40fc801f) | desc:
Dec 14, 2012 11:01:00 AM project5.ActorLogger$class log
INFO: id:project5.Node@5fa52ad1 | ts:3 | event:SEND | to/from:project5.Node@40fc801f | msg:ackJoin(project5.routingTable@23610f1f) | desc:
Dec 14, 2012 11:01:00 AM project5.ActorLogger$class log
INFO: id:project5.Node@5fa52ad1 | ts:6 | event:RECEIVE | to/from:project5.Node@40fc801f | msg:joinedNW | desc:
Dec 14, 2012 11:01:00 AM project5.ActorLogger$class log
INFO: id:project5.Node@5fa52ad1 | ts:7 | event:SEND | to/from:project5.Node@40fc801f | msg:joinedNWAck | desc:
Dec 14, 2012 11:01:00 AM project5.ActorLogger$class log
INFO: id:project5.Node@5fa52ad1 | ts:10 | event:RECEIVE | to/from:project5.Node@2f3b5500 | msg:ackJoin(project5.routingTable@48ca328f) | desc:
Dec 14, 2012 11:01:00 AM project5.ActorLogger$class log
INFO: id:project5.Node@5fa52ad1 | ts:11 | event:SEND | to/from:project5.Node@2f3b5500 | msg:joinedNW | desc:
Dec 14, 2012 11:01:00 AM project5.ActorLogger$class log
INFO: id:project5.Node@5fa52ad1 | ts:12 | event:RECEIVE | to/from:scala.actors.ActorProxy@549e3065 | msg:joinNW(project5.Node@3af78ba5) | desc:
Dec 14, 2012 11:01:00 AM project5.ActorLogger$class log
INFO: id:project5.Node@5fa52ad1 | ts:13 | event:SEND | to/from:project5.Node@3af78ba5 | msg:ackJoin(project5.routingTable@23610f1f) | desc:
Dec 14, 2012 11:01:01 AM project5.ActorLogger$class log
INFO: id:project5.Node@5fa52ad1 | ts:22 | event:RECEIVE | to/from:project5.Node@2f3b5500 | msg:joinedNWAck | desc:
Dec 14, 2012 11:01:01 AM project5.ActorLogger$class log
INFO: id:project5.Node@5fa52ad1 | ts:23 | event:RECEIVE | to/from:project5.Node@3af78ba5 | msg:joinedNW | desc:
Dec 14, 2012 11:01:01 AM project5.ActorLogger$class log
INFO: id:project5.Node@5fa52ad1 | ts:24 | event:SEND | to/from:project5.Node@3af78ba5 | msg:joinedNWAck | desc:
Dec 14, 2012 11:01:01 AM project5.ActorLogger$class log
INFO: id:project5.Node@5fa52ad1 | ts:32 | event:RECEIVE | to/from:project5.Node@4364958d | msg:MsgMsg(project5.Node@4364958d,b01925f5,0) | desc:
Dec 14, 2012 11:01:01 AM project5.ActorLogger$class log
INFO: id:project5.Node@5fa52ad1 | ts:33 | event:SEND | to/from:project5.Node@3af78ba5 | msg:MsgMsg(project5.Node@4364958d,b01925f5,1) | desc:
Dec 14, 2012 11:01:01 AM project5.ActorLogger$class log
INFO: id:project5.Node@5fa52ad1 | ts:34 | event:RECEIVE | to/from:project5.Node@4364958d | msg:MsgMsg(project5.Node@4364958d,b3fb4f5e,0) | desc:
Dec 14, 2012 11:01:01 AM project5.ActorLogger$class log
INFO: id:project5.Node@5fa52ad1 | ts:35 | event:SEND | to/from:project5.Node@3af78ba5 | msg:MsgMsg(project5.Node@4364958d,b3fb4f5e,1) | desc:
Dec 14, 2012 11:01:01 AM project5.ActorLogger$class log
INFO: id:project5.Node@5fa52ad1 | ts:36 | event:RECEIVE | to/from:project5.Node@4364958d | msg:MsgMsg(project5.Node@4364958d,eda8c28c,0) | desc:
Dec 14, 2012 11:01:01 AM project5.ActorLogger$class log
INFO: id:project5.Node@5fa52ad1 | ts:37 | event:SEND | to/from:project5.Node@3af78ba5 | msg:MsgMsg(project5.Node@4364958d,eda8c28c,1) | desc:
Dec 14, 2012 11:01:02 AM project5.ActorLogger$class log
INFO: id:project5.Node@5fa52ad1 | ts:38 | event:RECEIVE | to/from:project5.Node@4364958d | msg:MsgMsg(project5.Node@4364958d,25098d94,0) | desc:
Dec 14, 2012 11:01:02 AM project5.ActorLogger$class log
INFO: id:project5.Node@5fa52ad1 | ts:39 | event:SEND | to/from:project5.Node@4364958d | msg:MsgDelivered(1) | desc:
Dec 14, 2012 11:01:02 AM project5.ActorLogger$class log
INFO: id:project5.Node@5fa52ad1 | ts:40 | event:RECEIVE | to/from:project5.Node@4364958d | msg:MsgMsg(project5.Node@4364958d,f0e2ecaf,0) | desc:
Dec 14, 2012 11:01:02 AM project5.ActorLogger$class log
INFO: id:project5.Node@5fa52ad1 | ts:41 | event:SEND | to/from:project5.Node@3af78ba5 | msg:MsgMsg(project5.Node@4364958d,f0e2ecaf,1) | desc:
Dec 14, 2012 11:01:02 AM project5.ActorLogger$class log
INFO: id:project5.Node@5fa52ad1 | ts:42 | event:RECEIVE | to/from:project5.Node@4364958d | msg:MsgMsg(project5.Node@4364958d,852dcaea,0) | desc:
Dec 14, 2012 11:01:02 AM project5.ActorLogger$class log
INFO: id:project5.Node@5fa52ad1 | ts:43 | event:SEND | to/from:project5.Node@3af78ba5 | msg:MsgMsg(project5.Node@4364958d,852dcaea,1) | desc:
Dec 14, 2012 11:01:02 AM project5.ActorLogger$class log
INFO: id:project5.Node@5fa52ad1 | ts:44 | event:RECEIVE | to/from:project5.Node@4364958d | msg:MsgMsg(project5.Node@4364958d,3a78262f,0) | desc:
Dec 14, 2012 11:01:02 AM project5.ActorLogger$class log
INFO: id:project5.Node@5fa52ad1 | ts:45 | event:SEND | to/from:project5.Node@3af78ba5 | msg:MsgMsg(project5.Node@4364958d,3a78262f,1) | desc:
Dec 14, 2012 11:01:02 AM project5.ActorLogger$class log
INFO: id:project5.Node@5fa52ad1 | ts:46 | event:RECEIVE | to/from:project5.Node@4364958d | msg:MsgMsg(project5.Node@4364958d,6d864be8,0) | desc:
Dec 14, 2012 11:01:02 AM project5.ActorLogger$class log
INFO: id:project5.Node@5fa52ad1 | ts:47 | event:SEND | to/from:project5.Node@3af78ba5 | msg:MsgMsg(project5.Node@4364958d,6d864be8,1) | desc:
