Dec 14, 2012 11:01:01 AM project5.ActorLogger$class log
INFO: id:project5.Node@466de78a | ts:1 | event:SEND | to/from:project5.Node@411fa9dd | msg:joinNW(project5.Node@466de78a) | desc:
Dec 14, 2012 11:01:01 AM project5.ActorLogger$class log
INFO: id:project5.Node@466de78a | ts:40 | event:RECEIVE | to/from:project5.Node@411fa9dd | msg:ackJoin(project5.routingTable@7bb2f811) | desc:
Dec 14, 2012 11:01:01 AM project5.ActorLogger$class log
INFO: id:project5.Node@466de78a | ts:41 | event:SEND | to/from:project5.Node@411fa9dd | msg:joinedNW | desc:
Dec 14, 2012 11:01:02 AM project5.ActorLogger$class log
INFO: id:project5.Node@466de78a | ts:45 | event:RECEIVE | to/from:project5.Node@411fa9dd | msg:joinedNWAck | desc:
Dec 14, 2012 11:01:02 AM project5.ActorLogger$class log
INFO: id:project5.Node@466de78a | ts:46 | event:SEND | to/from:project5.Node@48e9f62 | msg:MsgMsg(project5.Node@466de78a,05cc1a37,0) | desc:
Dec 14, 2012 11:01:02 AM project5.ActorLogger$class log
INFO: id:project5.Node@466de78a | ts:47 | event:SEND | to/from:project5.Node@48e9f62 | msg:MsgMsg(project5.Node@466de78a,9e03e34a,0) | desc:
Dec 14, 2012 11:01:02 AM project5.ActorLogger$class log
INFO: id:project5.Node@466de78a | ts:48 | event:SEND | to/from:project5.Node@48e9f62 | msg:MsgMsg(project5.Node@466de78a,5800a32e,0) | desc:
Dec 14, 2012 11:01:02 AM project5.ActorLogger$class log
INFO: id:project5.Node@466de78a | ts:49 | event:SEND | to/from:project5.Node@48e9f62 | msg:MsgMsg(project5.Node@466de78a,43c0abd1,0) | desc:
Dec 14, 2012 11:01:02 AM project5.ActorLogger$class log
INFO: id:project5.Node@466de78a | ts:50 | event:SEND | to/from:project5.Node@48e9f62 | msg:MsgMsg(project5.Node@466de78a,f900c038,0) | desc:
Dec 14, 2012 11:01:02 AM project5.ActorLogger$class log
INFO: id:project5.Node@466de78a | ts:51 | event:SEND | to/from:project5.Node@48e9f62 | msg:MsgMsg(project5.Node@466de78a,a2daf9ab,0) | desc:
Dec 14, 2012 11:01:02 AM project5.ActorLogger$class log
INFO: id:project5.Node@466de78a | ts:52 | event:SEND | to/from:project5.Node@48e9f62 | msg:MsgMsg(project5.Node@466de78a,32ec9c2b,0) | desc:
Dec 14, 2012 11:01:02 AM project5.ActorLogger$class log
INFO: id:project5.Node@466de78a | ts:53 | event:SEND | to/from:project5.Node@48e9f62 | msg:MsgMsg(project5.Node@466de78a,fe834b08,0) | desc:
Dec 14, 2012 11:01:02 AM project5.ActorLogger$class log
INFO: id:project5.Node@466de78a | ts:54 | event:SEND | to/from:project5.Node@48e9f62 | msg:MsgMsg(project5.Node@466de78a,75606fe5,0) | desc:
Dec 14, 2012 11:01:02 AM project5.ActorLogger$class log
INFO: id:project5.Node@466de78a | ts:55 | event:SEND | to/from:project5.Node@48e9f62 | msg:MsgMsg(project5.Node@466de78a,ded611a1,0) | desc:
Dec 14, 2012 11:01:02 AM project5.ActorLogger$class log
INFO: id:project5.Node@466de78a | ts:56 | event:RECEIVE | to/from:project5.Node@1666453a | msg:ackJoin(project5.routingTable@e9f0070) | desc:
Dec 14, 2012 11:01:02 AM project5.ActorLogger$class log
INFO: id:project5.Node@466de78a | ts:57 | event:SEND | to/from:project5.Node@1666453a | msg:joinedNW | desc:
Dec 14, 2012 11:01:02 AM project5.ActorLogger$class log
INFO: id:project5.Node@466de78a | ts:63 | event:RECEIVE | to/from:project5.Node@48e9f62 | msg:MsgDelivered(1) | desc:
Dec 14, 2012 11:01:02 AM project5.ActorLogger$class log
INFO: id:project5.Node@466de78a | ts:64 | event:RECEIVE | to/from:project5.Node@1666453a | msg:joinedNWAck | desc:
Dec 14, 2012 11:01:02 AM project5.ActorLogger$class log
INFO: id:project5.Node@466de78a | ts:65 | event:RECEIVE | to/from:project5.Node@1666453a | msg:MsgDelivered(2) | desc:
Dec 14, 2012 11:01:02 AM project5.ActorLogger$class log
INFO: id:project5.Node@466de78a | ts:67 | event:RECEIVE | to/from:project5.Node@1666453a | msg:MsgDelivered(2) | desc:
Dec 14, 2012 11:01:02 AM project5.ActorLogger$class log
INFO: id:project5.Node@466de78a | ts:69 | event:RECEIVE | to/from:project5.Node@1666453a | msg:MsgDelivered(2) | desc:
Dec 14, 2012 11:01:02 AM project5.ActorLogger$class log
INFO: id:project5.Node@466de78a | ts:71 | event:RECEIVE | to/from:project5.Node@1666453a | msg:MsgDelivered(2) | desc:
Dec 14, 2012 11:01:02 AM project5.ActorLogger$class log
INFO: id:project5.Node@466de78a | ts:73 | event:RECEIVE | to/from:project5.Node@1666453a | msg:MsgDelivered(2) | desc:
Dec 14, 2012 11:01:03 AM project5.ActorLogger$class log
INFO: id:project5.Node@466de78a | ts:75 | event:RECEIVE | to/from:project5.Node@1666453a | msg:MsgDelivered(2) | desc:
Dec 14, 2012 11:01:03 AM project5.ActorLogger$class log
INFO: id:project5.Node@466de78a | ts:77 | event:RECEIVE | to/from:project5.Node@1666453a | msg:MsgDelivered(2) | desc:
Dec 14, 2012 11:01:03 AM project5.ActorLogger$class log
INFO: id:project5.Node@466de78a | ts:79 | event:RECEIVE | to/from:project5.Node@1666453a | msg:MsgDelivered(2) | desc:
Dec 14, 2012 11:01:03 AM project5.ActorLogger$class log
INFO: id:project5.Node@466de78a | ts:81 | event:RECEIVE | to/from:project5.Node@1666453a | msg:MsgDelivered(2) | desc:
