Dec 14, 2012 11:01:00 AM project5.ActorLogger$class log
INFO: id:project5.Node@2c5d7ace | ts:1 | event:SEND | to/from:project5.Node@5a84f3c | msg:joinNW(project5.Node@2c5d7ace) | desc:
Dec 14, 2012 11:01:00 AM project5.ActorLogger$class log
INFO: id:project5.Node@2c5d7ace | ts:26 | event:RECEIVE | to/from:project5.Node@5a84f3c | msg:ackJoin(project5.routingTable@7958e458) | desc:
Dec 14, 2012 11:01:01 AM project5.ActorLogger$class log
INFO: id:project5.Node@2c5d7ace | ts:27 | event:SEND | to/from:project5.Node@5a84f3c | msg:joinedNW | desc:
Dec 14, 2012 11:01:01 AM project5.ActorLogger$class log
INFO: id:project5.Node@2c5d7ace | ts:30 | event:RECEIVE | to/from:project5.Node@5a84f3c | msg:joinedNWAck | desc:
Dec 14, 2012 11:01:02 AM project5.ActorLogger$class log
INFO: id:project5.Node@2c5d7ace | ts:31 | event:RECEIVE | to/from:scala.actors.ActorProxy@549e3065 | msg:joinNW(project5.Node@10000ccd) | desc:
Dec 14, 2012 11:01:02 AM project5.ActorLogger$class log
INFO: id:project5.Node@2c5d7ace | ts:32 | event:SEND | to/from:project5.Node@10000ccd | msg:ackJoin(project5.routingTable@2b46950c) | desc:
Dec 14, 2012 11:01:02 AM project5.ActorLogger$class log
INFO: id:project5.Node@2c5d7ace | ts:35 | event:RECEIVE | to/from:project5.Node@10000ccd | msg:joinedNW | desc:
Dec 14, 2012 11:01:02 AM project5.ActorLogger$class log
INFO: id:project5.Node@2c5d7ace | ts:36 | event:SEND | to/from:project5.Node@10000ccd | msg:joinedNWAck | desc:
Dec 14, 2012 11:01:02 AM project5.ActorLogger$class log
INFO: id:project5.Node@2c5d7ace | ts:38 | event:RECEIVE | to/from:project5.Node@142eda55 | msg:MsgMsg(project5.Node@142eda55,9c6caff2,0) | desc:
Dec 14, 2012 11:01:02 AM project5.ActorLogger$class log
INFO: id:project5.Node@2c5d7ace | ts:39 | event:SEND | to/from:project5.Node@10000ccd | msg:MsgMsg(project5.Node@142eda55,9c6caff2,1) | desc:
Dec 14, 2012 11:01:02 AM project5.ActorLogger$class log
INFO: id:project5.Node@2c5d7ace | ts:40 | event:RECEIVE | to/from:project5.Node@142eda55 | msg:MsgMsg(project5.Node@142eda55,719c769e,0) | desc:
Dec 14, 2012 11:01:02 AM project5.ActorLogger$class log
INFO: id:project5.Node@2c5d7ace | ts:41 | event:SEND | to/from:project5.Node@10000ccd | msg:MsgMsg(project5.Node@142eda55,719c769e,1) | desc:
Dec 14, 2012 11:01:02 AM project5.ActorLogger$class log
INFO: id:project5.Node@2c5d7ace | ts:42 | event:RECEIVE | to/from:project5.Node@142eda55 | msg:MsgMsg(project5.Node@142eda55,a67cdb49,0) | desc:
Dec 14, 2012 11:01:02 AM project5.ActorLogger$class log
INFO: id:project5.Node@2c5d7ace | ts:43 | event:SEND | to/from:project5.Node@10000ccd | msg:MsgMsg(project5.Node@142eda55,a67cdb49,1) | desc:
Dec 14, 2012 11:01:02 AM project5.ActorLogger$class log
INFO: id:project5.Node@2c5d7ace | ts:44 | event:RECEIVE | to/from:project5.Node@142eda55 | msg:MsgMsg(project5.Node@142eda55,c9d75bc5,0) | desc:
Dec 14, 2012 11:01:02 AM project5.ActorLogger$class log
INFO: id:project5.Node@2c5d7ace | ts:45 | event:SEND | to/from:project5.Node@10000ccd | msg:MsgMsg(project5.Node@142eda55,c9d75bc5,1) | desc:
Dec 14, 2012 11:01:02 AM project5.ActorLogger$class log
INFO: id:project5.Node@2c5d7ace | ts:46 | event:RECEIVE | to/from:project5.Node@142eda55 | msg:MsgMsg(project5.Node@142eda55,22dd2e82,0) | desc:
Dec 14, 2012 11:01:02 AM project5.ActorLogger$class log
INFO: id:project5.Node@2c5d7ace | ts:47 | event:SEND | to/from:project5.Node@10000ccd | msg:MsgMsg(project5.Node@142eda55,22dd2e82,1) | desc:
Dec 14, 2012 11:01:02 AM project5.ActorLogger$class log
INFO: id:project5.Node@2c5d7ace | ts:48 | event:RECEIVE | to/from:project5.Node@142eda55 | msg:MsgMsg(project5.Node@142eda55,188f42b0,0) | desc:
Dec 14, 2012 11:01:02 AM project5.ActorLogger$class log
INFO: id:project5.Node@2c5d7ace | ts:49 | event:SEND | to/from:project5.Node@10000ccd | msg:MsgMsg(project5.Node@142eda55,188f42b0,1) | desc:
Dec 14, 2012 11:01:02 AM project5.ActorLogger$class log
INFO: id:project5.Node@2c5d7ace | ts:50 | event:RECEIVE | to/from:project5.Node@142eda55 | msg:MsgMsg(project5.Node@142eda55,2f942a7f,0) | desc:
Dec 14, 2012 11:01:02 AM project5.ActorLogger$class log
INFO: id:project5.Node@2c5d7ace | ts:51 | event:SEND | to/from:project5.Node@10000ccd | msg:MsgMsg(project5.Node@142eda55,2f942a7f,1) | desc:
Dec 14, 2012 11:01:02 AM project5.ActorLogger$class log
INFO: id:project5.Node@2c5d7ace | ts:52 | event:RECEIVE | to/from:project5.Node@142eda55 | msg:MsgMsg(project5.Node@142eda55,a8e6b03d,0) | desc:
Dec 14, 2012 11:01:02 AM project5.ActorLogger$class log
INFO: id:project5.Node@2c5d7ace | ts:53 | event:SEND | to/from:project5.Node@10000ccd | msg:MsgMsg(project5.Node@142eda55,a8e6b03d,1) | desc:
Dec 14, 2012 11:01:03 AM project5.ActorLogger$class log
INFO: id:project5.Node@2c5d7ace | ts:54 | event:RECEIVE | to/from:project5.Node@142eda55 | msg:MsgMsg(project5.Node@142eda55,9aa8305a,0) | desc:
Dec 14, 2012 11:01:03 AM project5.ActorLogger$class log
INFO: id:project5.Node@2c5d7ace | ts:55 | event:SEND | to/from:project5.Node@10000ccd | msg:MsgMsg(project5.Node@142eda55,9aa8305a,1) | desc:
Dec 14, 2012 11:01:03 AM project5.ActorLogger$class log
INFO: id:project5.Node@2c5d7ace | ts:56 | event:RECEIVE | to/from:project5.Node@142eda55 | msg:MsgMsg(project5.Node@142eda55,c4158836,0) | desc:
Dec 14, 2012 11:01:03 AM project5.ActorLogger$class log
INFO: id:project5.Node@2c5d7ace | ts:57 | event:SEND | to/from:project5.Node@10000ccd | msg:MsgMsg(project5.Node@142eda55,c4158836,1) | desc:
