Dec 14, 2012 11:01:01 AM project5.ActorLogger$class log
INFO: id:project5.Node@e18a9e8 | ts:1 | event:SEND | to/from:project5.Node@12d3e679 | msg:joinNW(project5.Node@e18a9e8) | desc:
Dec 14, 2012 11:01:01 AM project5.ActorLogger$class log
INFO: id:project5.Node@e18a9e8 | ts:47 | event:RECEIVE | to/from:project5.Node@12d3e679 | msg:ackJoin(project5.routingTable@32089335) | desc:
Dec 14, 2012 11:01:01 AM project5.ActorLogger$class log
INFO: id:project5.Node@e18a9e8 | ts:48 | event:SEND | to/from:project5.Node@12d3e679 | msg:joinedNW | desc:
Dec 14, 2012 11:01:01 AM project5.ActorLogger$class log
INFO: id:project5.Node@e18a9e8 | ts:63 | event:RECEIVE | to/from:project5.Node@12d3e679 | msg:joinedNWAck | desc:
Dec 14, 2012 11:01:01 AM project5.ActorLogger$class log
INFO: id:project5.Node@e18a9e8 | ts:64 | event:SEND | to/from:project5.Node@562e5771 | msg:MsgMsg(project5.Node@e18a9e8,03f4170d,0) | desc:
Dec 14, 2012 11:01:01 AM project5.ActorLogger$class log
INFO: id:project5.Node@e18a9e8 | ts:65 | event:SEND | to/from:project5.Node@562e5771 | msg:MsgMsg(project5.Node@e18a9e8,06f681d5,0) | desc:
Dec 14, 2012 11:01:01 AM project5.ActorLogger$class log
INFO: id:project5.Node@e18a9e8 | ts:66 | event:SEND | to/from:project5.Node@562e5771 | msg:MsgMsg(project5.Node@e18a9e8,ee1232cd,0) | desc:
Dec 14, 2012 11:01:01 AM project5.ActorLogger$class log
INFO: id:project5.Node@e18a9e8 | ts:67 | event:SEND | to/from:project5.Node@76737f58 | msg:MsgMsg(project5.Node@e18a9e8,7e67f6ad,0) | desc:
Dec 14, 2012 11:01:01 AM project5.ActorLogger$class log
INFO: id:project5.Node@e18a9e8 | ts:68 | event:SEND | to/from:project5.Node@562e5771 | msg:MsgMsg(project5.Node@e18a9e8,c39509fc,0) | desc:
Dec 14, 2012 11:01:01 AM project5.ActorLogger$class log
INFO: id:project5.Node@e18a9e8 | ts:69 | event:SEND | to/from:project5.Node@562e5771 | msg:MsgMsg(project5.Node@e18a9e8,0976bfbb,0) | desc:
Dec 14, 2012 11:01:01 AM project5.ActorLogger$class log
INFO: id:project5.Node@e18a9e8 | ts:70 | event:SEND | to/from:project5.Node@562e5771 | msg:MsgMsg(project5.Node@e18a9e8,e1e7c51d,0) | desc:
Dec 14, 2012 11:01:01 AM project5.ActorLogger$class log
INFO: id:project5.Node@e18a9e8 | ts:71 | event:SEND | to/from:project5.Node@562e5771 | msg:MsgMsg(project5.Node@e18a9e8,9cddf747,0) | desc:
Dec 14, 2012 11:01:01 AM project5.ActorLogger$class log
INFO: id:project5.Node@e18a9e8 | ts:72 | event:SEND | to/from:project5.Node@562e5771 | msg:MsgMsg(project5.Node@e18a9e8,d76e046d,0) | desc:
Dec 14, 2012 11:01:01 AM project5.ActorLogger$class log
INFO: id:project5.Node@e18a9e8 | ts:73 | event:RECEIVE | to/from:project5.Node@76737f58 | msg:MsgDelivered(1) | desc:
Dec 14, 2012 11:01:01 AM project5.ActorLogger$class log
INFO: id:project5.Node@e18a9e8 | ts:74 | event:RECEIVE | to/from:project5.Node@12d3e679 | msg:MsgMsg(project5.Node@753ac592,887ab0ed,1) | desc:
Dec 14, 2012 11:01:01 AM project5.ActorLogger$class log
INFO: id:project5.Node@e18a9e8 | ts:75 | event:SEND | to/from:project5.Node@562e5771 | msg:MsgMsg(project5.Node@753ac592,887ab0ed,2) | desc:
Dec 14, 2012 11:01:01 AM project5.ActorLogger$class log
INFO: id:project5.Node@e18a9e8 | ts:76 | event:RECEIVE | to/from:project5.Node@12d3e679 | msg:MsgMsg(project5.Node@753ac592,faa4c3ee,1) | desc:
Dec 14, 2012 11:01:01 AM project5.ActorLogger$class log
INFO: id:project5.Node@e18a9e8 | ts:77 | event:SEND | to/from:project5.Node@562e5771 | msg:MsgMsg(project5.Node@753ac592,faa4c3ee,2) | desc:
Dec 14, 2012 11:01:01 AM project5.ActorLogger$class log
INFO: id:project5.Node@e18a9e8 | ts:78 | event:RECEIVE | to/from:project5.Node@12d3e679 | msg:MsgMsg(project5.Node@753ac592,584f3885,1) | desc:
Dec 14, 2012 11:01:01 AM project5.ActorLogger$class log
INFO: id:project5.Node@e18a9e8 | ts:79 | event:SEND | to/from:project5.Node@753ac592 | msg:MsgDelivered(2) | desc:
Dec 14, 2012 11:01:01 AM project5.ActorLogger$class log
INFO: id:project5.Node@e18a9e8 | ts:80 | event:RECEIVE | to/from:project5.Node@12d3e679 | msg:MsgMsg(project5.Node@753ac592,6106da0d,1) | desc:
Dec 14, 2012 11:01:01 AM project5.ActorLogger$class log
INFO: id:project5.Node@e18a9e8 | ts:81 | event:SEND | to/from:project5.Node@562e5771 | msg:MsgMsg(project5.Node@753ac592,6106da0d,2) | desc:
Dec 14, 2012 11:01:01 AM project5.ActorLogger$class log
INFO: id:project5.Node@e18a9e8 | ts:82 | event:RECEIVE | to/from:project5.Node@12d3e679 | msg:MsgMsg(project5.Node@753ac592,8e05ea51,1) | desc:
Dec 14, 2012 11:01:01 AM project5.ActorLogger$class log
INFO: id:project5.Node@e18a9e8 | ts:83 | event:SEND | to/from:project5.Node@562e5771 | msg:MsgMsg(project5.Node@753ac592,8e05ea51,2) | desc:
Dec 14, 2012 11:01:01 AM project5.ActorLogger$class log
INFO: id:project5.Node@e18a9e8 | ts:84 | event:RECEIVE | to/from:project5.Node@12d3e679 | msg:MsgMsg(project5.Node@753ac592,6129755a,1) | desc:
Dec 14, 2012 11:01:01 AM project5.ActorLogger$class log
INFO: id:project5.Node@e18a9e8 | ts:85 | event:SEND | to/from:project5.Node@562e5771 | msg:MsgMsg(project5.Node@753ac592,6129755a,2) | desc:
Dec 14, 2012 11:01:01 AM project5.ActorLogger$class log
INFO: id:project5.Node@e18a9e8 | ts:86 | event:RECEIVE | to/from:project5.Node@12d3e679 | msg:MsgMsg(project5.Node@753ac592,23c4e123,1) | desc:
Dec 14, 2012 11:01:01 AM project5.ActorLogger$class log
INFO: id:project5.Node@e18a9e8 | ts:87 | event:SEND | to/from:project5.Node@562e5771 | msg:MsgMsg(project5.Node@753ac592,23c4e123,2) | desc:
Dec 14, 2012 11:01:01 AM project5.ActorLogger$class log
INFO: id:project5.Node@e18a9e8 | ts:88 | event:RECEIVE | to/from:project5.Node@12d3e679 | msg:MsgMsg(project5.Node@753ac592,fa3da8d8,1) | desc:
Dec 14, 2012 11:01:01 AM project5.ActorLogger$class log
INFO: id:project5.Node@e18a9e8 | ts:89 | event:SEND | to/from:project5.Node@562e5771 | msg:MsgMsg(project5.Node@753ac592,fa3da8d8,2) | desc:
Dec 14, 2012 11:01:01 AM project5.ActorLogger$class log
INFO: id:project5.Node@e18a9e8 | ts:90 | event:RECEIVE | to/from:project5.Node@12d3e679 | msg:MsgMsg(project5.Node@753ac592,9f70fb6f,1) | desc:
Dec 14, 2012 11:01:01 AM project5.ActorLogger$class log
INFO: id:project5.Node@e18a9e8 | ts:91 | event:SEND | to/from:project5.Node@562e5771 | msg:MsgMsg(project5.Node@753ac592,9f70fb6f,2) | desc:
Dec 14, 2012 11:01:01 AM project5.ActorLogger$class log
INFO: id:project5.Node@e18a9e8 | ts:92 | event:RECEIVE | to/from:project5.Node@12d3e679 | msg:MsgMsg(project5.Node@753ac592,8b684681,1) | desc:
Dec 14, 2012 11:01:01 AM project5.ActorLogger$class log
INFO: id:project5.Node@e18a9e8 | ts:93 | event:SEND | to/from:project5.Node@562e5771 | msg:MsgMsg(project5.Node@753ac592,8b684681,2) | desc:
Dec 14, 2012 11:01:01 AM project5.ActorLogger$class log
INFO: id:project5.Node@e18a9e8 | ts:94 | event:RECEIVE | to/from:project5.Node@12d3e679 | msg:MsgMsg(project5.Node@7531f745,f543b0dc,2) | desc:
Dec 14, 2012 11:01:01 AM project5.ActorLogger$class log
INFO: id:project5.Node@e18a9e8 | ts:95 | event:SEND | to/from:project5.Node@562e5771 | msg:MsgMsg(project5.Node@7531f745,f543b0dc,3) | desc:
Dec 14, 2012 11:01:01 AM project5.ActorLogger$class log
INFO: id:project5.Node@e18a9e8 | ts:96 | event:RECEIVE | to/from:project5.Node@12d3e679 | msg:MsgMsg(project5.Node@7531f745,ea11d768,2) | desc:
Dec 14, 2012 11:01:01 AM project5.ActorLogger$class log
INFO: id:project5.Node@e18a9e8 | ts:97 | event:SEND | to/from:project5.Node@562e5771 | msg:MsgMsg(project5.Node@7531f745,ea11d768,3) | desc:
Dec 14, 2012 11:01:01 AM project5.ActorLogger$class log
INFO: id:project5.Node@e18a9e8 | ts:98 | event:RECEIVE | to/from:scala.actors.ActorProxy@549e3065 | msg:joinNW(project5.Node@597c3925) | desc:
Dec 14, 2012 11:01:01 AM project5.ActorLogger$class log
INFO: id:project5.Node@e18a9e8 | ts:99 | event:SEND | to/from:project5.Node@597c3925 | msg:ackJoin(project5.routingTable@7342f820) | desc:
Dec 14, 2012 11:01:01 AM project5.ActorLogger$class log
INFO: id:project5.Node@e18a9e8 | ts:100 | event:RECEIVE | to/from:project5.Node@12d3e679 | msg:MsgMsg(project5.Node@4f262c96,69dd7717,1) | desc:
Dec 14, 2012 11:01:01 AM project5.ActorLogger$class log
INFO: id:project5.Node@e18a9e8 | ts:101 | event:SEND | to/from:project5.Node@562e5771 | msg:MsgMsg(project5.Node@4f262c96,69dd7717,2) | desc:
Dec 14, 2012 11:01:01 AM project5.ActorLogger$class log
INFO: id:project5.Node@e18a9e8 | ts:102 | event:RECEIVE | to/from:project5.Node@597c3925 | msg:joinedNW | desc:
Dec 14, 2012 11:01:01 AM project5.ActorLogger$class log
INFO: id:project5.Node@e18a9e8 | ts:103 | event:SEND | to/from:project5.Node@597c3925 | msg:joinedNWAck | desc:
Dec 14, 2012 11:01:02 AM project5.ActorLogger$class log
INFO: id:project5.Node@e18a9e8 | ts:104 | event:RECEIVE | to/from:project5.Node@12d3e679 | msg:MsgMsg(project5.Node@4f262c96,c77a536b,1) | desc:
Dec 14, 2012 11:01:02 AM project5.ActorLogger$class log
INFO: id:project5.Node@e18a9e8 | ts:105 | event:SEND | to/from:project5.Node@597c3925 | msg:MsgMsg(project5.Node@4f262c96,c77a536b,2) | desc:
Dec 14, 2012 11:01:02 AM project5.ActorLogger$class log
INFO: id:project5.Node@e18a9e8 | ts:106 | event:RECEIVE | to/from:project5.Node@12d3e679 | msg:MsgMsg(project5.Node@1182e445,c2fa20d9,2) | desc:
Dec 14, 2012 11:01:02 AM project5.ActorLogger$class log
INFO: id:project5.Node@e18a9e8 | ts:107 | event:SEND | to/from:project5.Node@597c3925 | msg:MsgMsg(project5.Node@1182e445,c2fa20d9,3) | desc:
Dec 14, 2012 11:01:02 AM project5.ActorLogger$class log
INFO: id:project5.Node@e18a9e8 | ts:108 | event:RECEIVE | to/from:project5.Node@12d3e679 | msg:MsgMsg(project5.Node@1182e445,3f3dc8e7,2) | desc:
Dec 14, 2012 11:01:02 AM project5.ActorLogger$class log
INFO: id:project5.Node@e18a9e8 | ts:109 | event:SEND | to/from:project5.Node@562e5771 | msg:MsgMsg(project5.Node@1182e445,3f3dc8e7,3) | desc:
Dec 14, 2012 11:01:02 AM project5.ActorLogger$class log
INFO: id:project5.Node@e18a9e8 | ts:110 | event:RECEIVE | to/from:project5.Node@12d3e679 | msg:MsgMsg(project5.Node@1182e445,0ca47936,2) | desc:
Dec 14, 2012 11:01:02 AM project5.ActorLogger$class log
INFO: id:project5.Node@e18a9e8 | ts:111 | event:SEND | to/from:project5.Node@562e5771 | msg:MsgMsg(project5.Node@1182e445,0ca47936,3) | desc:
Dec 14, 2012 11:01:02 AM project5.ActorLogger$class log
INFO: id:project5.Node@e18a9e8 | ts:112 | event:RECEIVE | to/from:project5.Node@12d3e679 | msg:MsgMsg(project5.Node@1182e445,2d4d29f6,2) | desc:
Dec 14, 2012 11:01:02 AM project5.ActorLogger$class log
INFO: id:project5.Node@e18a9e8 | ts:113 | event:SEND | to/from:project5.Node@562e5771 | msg:MsgMsg(project5.Node@1182e445,2d4d29f6,3) | desc:
Dec 14, 2012 11:01:02 AM project5.ActorLogger$class log
INFO: id:project5.Node@e18a9e8 | ts:114 | event:RECEIVE | to/from:project5.Node@562e5771 | msg:ackJoin(project5.routingTable@144aee53) | desc:
Dec 14, 2012 11:01:02 AM project5.ActorLogger$class log
INFO: id:project5.Node@e18a9e8 | ts:115 | event:SEND | to/from:project5.Node@562e5771 | msg:joinedNW | desc:
Dec 14, 2012 11:01:02 AM project5.ActorLogger$class log
INFO: id:project5.Node@e18a9e8 | ts:116 | event:RECEIVE | to/from:project5.Node@12d3e679 | msg:MsgMsg(project5.Node@4f262c96,6a27bc36,1) | desc:
Dec 14, 2012 11:01:02 AM project5.ActorLogger$class log
INFO: id:project5.Node@e18a9e8 | ts:117 | event:SEND | to/from:project5.Node@724cb162 | msg:MsgMsg(project5.Node@4f262c96,6a27bc36,2) | desc:
Dec 14, 2012 11:01:02 AM project5.ActorLogger$class log
INFO: id:project5.Node@e18a9e8 | ts:118 | event:RECEIVE | to/from:project5.Node@12d3e679 | msg:MsgMsg(project5.Node@4f262c96,0fd9a992,1) | desc:
Dec 14, 2012 11:01:02 AM project5.ActorLogger$class log
INFO: id:project5.Node@e18a9e8 | ts:119 | event:SEND | to/from:project5.Node@724cb162 | msg:MsgMsg(project5.Node@4f262c96,0fd9a992,2) | desc:
Dec 14, 2012 11:01:02 AM project5.ActorLogger$class log
INFO: id:project5.Node@e18a9e8 | ts:120 | event:RECEIVE | to/from:project5.Node@12d3e679 | msg:MsgMsg(project5.Node@4f262c96,2487c2f9,1) | desc:
Dec 14, 2012 11:01:02 AM project5.ActorLogger$class log
INFO: id:project5.Node@e18a9e8 | ts:121 | event:SEND | to/from:project5.Node@724cb162 | msg:MsgMsg(project5.Node@4f262c96,2487c2f9,2) | desc:
Dec 14, 2012 11:01:02 AM project5.ActorLogger$class log
INFO: id:project5.Node@e18a9e8 | ts:122 | event:RECEIVE | to/from:project5.Node@12d3e679 | msg:MsgMsg(project5.Node@4f262c96,8f148de9,1) | desc:
Dec 14, 2012 11:01:02 AM project5.ActorLogger$class log
INFO: id:project5.Node@e18a9e8 | ts:123 | event:SEND | to/from:project5.Node@724cb162 | msg:MsgMsg(project5.Node@4f262c96,8f148de9,2) | desc:
Dec 14, 2012 11:01:02 AM project5.ActorLogger$class log
INFO: id:project5.Node@e18a9e8 | ts:124 | event:RECEIVE | to/from:project5.Node@12d3e679 | msg:MsgMsg(project5.Node@4f262c96,33b27691,1) | desc:
Dec 14, 2012 11:01:02 AM project5.ActorLogger$class log
INFO: id:project5.Node@e18a9e8 | ts:125 | event:SEND | to/from:project5.Node@724cb162 | msg:MsgMsg(project5.Node@4f262c96,33b27691,2) | desc:
Dec 14, 2012 11:01:02 AM project5.ActorLogger$class log
INFO: id:project5.Node@e18a9e8 | ts:126 | event:RECEIVE | to/from:project5.Node@12d3e679 | msg:MsgMsg(project5.Node@1182e445,f91e188c,2) | desc:
Dec 14, 2012 11:01:02 AM project5.ActorLogger$class log
INFO: id:project5.Node@e18a9e8 | ts:127 | event:SEND | to/from:project5.Node@724cb162 | msg:MsgMsg(project5.Node@1182e445,f91e188c,3) | desc:
Dec 14, 2012 11:01:02 AM project5.ActorLogger$class log
INFO: id:project5.Node@e18a9e8 | ts:128 | event:RECEIVE | to/from:project5.Node@12d3e679 | msg:MsgMsg(project5.Node@1182e445,0ae92a85,2) | desc:
Dec 14, 2012 11:01:02 AM project5.ActorLogger$class log
INFO: id:project5.Node@e18a9e8 | ts:129 | event:SEND | to/from:project5.Node@724cb162 | msg:MsgMsg(project5.Node@1182e445,0ae92a85,3) | desc:
Dec 14, 2012 11:01:02 AM project5.ActorLogger$class log
INFO: id:project5.Node@e18a9e8 | ts:131 | event:RECEIVE | to/from:project5.Node@12d3e679 | msg:MsgMsg(project5.Node@6a8bda08,5ddf9dab,1) | desc:
Dec 14, 2012 11:01:02 AM project5.ActorLogger$class log
INFO: id:project5.Node@e18a9e8 | ts:132 | event:SEND | to/from:project5.Node@6a8bda08 | msg:MsgDelivered(2) | desc:
Dec 14, 2012 11:01:03 AM project5.ActorLogger$class log
INFO: id:project5.Node@e18a9e8 | ts:133 | event:RECEIVE | to/from:project5.Node@12d3e679 | msg:MsgMsg(project5.Node@6a8bda08,e80aef15,1) | desc:
Dec 14, 2012 11:01:03 AM project5.ActorLogger$class log
INFO: id:project5.Node@e18a9e8 | ts:134 | event:SEND | to/from:project5.Node@724cb162 | msg:MsgMsg(project5.Node@6a8bda08,e80aef15,2) | desc:
Dec 14, 2012 11:01:03 AM project5.ActorLogger$class log
INFO: id:project5.Node@e18a9e8 | ts:135 | event:RECEIVE | to/from:project5.Node@12d3e679 | msg:MsgMsg(project5.Node@6a8bda08,d33f3e12,1) | desc:
Dec 14, 2012 11:01:03 AM project5.ActorLogger$class log
INFO: id:project5.Node@e18a9e8 | ts:136 | event:SEND | to/from:project5.Node@724cb162 | msg:MsgMsg(project5.Node@6a8bda08,d33f3e12,2) | desc:
Dec 14, 2012 11:01:03 AM project5.ActorLogger$class log
INFO: id:project5.Node@e18a9e8 | ts:137 | event:RECEIVE | to/from:scala.actors.ActorProxy@549e3065 | msg:joinNW(project5.Node@106f26bb) | desc:
Dec 14, 2012 11:01:03 AM project5.ActorLogger$class log
INFO: id:project5.Node@e18a9e8 | ts:138 | event:SEND | to/from:project5.Node@106f26bb | msg:ackJoin(project5.routingTable@7342f820) | desc:
Dec 14, 2012 11:01:03 AM project5.ActorLogger$class log
INFO: id:project5.Node@e18a9e8 | ts:139 | event:RECEIVE | to/from:scala.actors.ActorProxy@549e3065 | msg:joinNW(project5.Node@29b15447) | desc:
Dec 14, 2012 11:01:03 AM project5.ActorLogger$class log
INFO: id:project5.Node@e18a9e8 | ts:140 | event:SEND | to/from:project5.Node@29b15447 | msg:ackJoin(project5.routingTable@7342f820) | desc:
Dec 14, 2012 11:01:03 AM project5.ActorLogger$class log
INFO: id:project5.Node@e18a9e8 | ts:141 | event:RECEIVE | to/from:project5.Node@12d3e679 | msg:MsgMsg(project5.Node@6a8bda08,fe37c567,1) | desc:
Dec 14, 2012 11:01:03 AM project5.ActorLogger$class log
INFO: id:project5.Node@e18a9e8 | ts:142 | event:SEND | to/from:project5.Node@724cb162 | msg:MsgMsg(project5.Node@6a8bda08,fe37c567,2) | desc:
Dec 14, 2012 11:01:03 AM project5.ActorLogger$class log
INFO: id:project5.Node@e18a9e8 | ts:143 | event:RECEIVE | to/from:project5.Node@106f26bb | msg:joinedNW | desc:
Dec 14, 2012 11:01:03 AM project5.ActorLogger$class log
INFO: id:project5.Node@e18a9e8 | ts:144 | event:SEND | to/from:project5.Node@106f26bb | msg:joinedNWAck | desc:
Dec 14, 2012 11:01:03 AM project5.ActorLogger$class log
INFO: id:project5.Node@e18a9e8 | ts:145 | event:RECEIVE | to/from:project5.Node@29b15447 | msg:joinedNW | desc:
Dec 14, 2012 11:01:03 AM project5.ActorLogger$class log
INFO: id:project5.Node@e18a9e8 | ts:146 | event:SEND | to/from:project5.Node@29b15447 | msg:joinedNWAck | desc:
Dec 14, 2012 11:01:03 AM project5.ActorLogger$class log
INFO: id:project5.Node@e18a9e8 | ts:147 | event:RECEIVE | to/from:project5.Node@12d3e679 | msg:MsgMsg(project5.Node@6a8bda08,fc6ba77f,1) | desc:
Dec 14, 2012 11:01:03 AM project5.ActorLogger$class log
INFO: id:project5.Node@e18a9e8 | ts:148 | event:SEND | to/from:project5.Node@724cb162 | msg:MsgMsg(project5.Node@6a8bda08,fc6ba77f,2) | desc:
Dec 14, 2012 11:01:03 AM project5.ActorLogger$class log
INFO: id:project5.Node@e18a9e8 | ts:149 | event:RECEIVE | to/from:project5.Node@12d3e679 | msg:MsgMsg(project5.Node@6a8bda08,48a57025,1) | desc:
Dec 14, 2012 11:01:03 AM project5.ActorLogger$class log
INFO: id:project5.Node@e18a9e8 | ts:150 | event:SEND | to/from:project5.Node@724cb162 | msg:MsgMsg(project5.Node@6a8bda08,48a57025,2) | desc:
Dec 14, 2012 11:01:03 AM project5.ActorLogger$class log
INFO: id:project5.Node@e18a9e8 | ts:151 | event:RECEIVE | to/from:project5.Node@12d3e679 | msg:MsgMsg(project5.Node@1182e445,117636d1,2) | desc:
Dec 14, 2012 11:01:03 AM project5.ActorLogger$class log
INFO: id:project5.Node@e18a9e8 | ts:152 | event:SEND | to/from:project5.Node@724cb162 | msg:MsgMsg(project5.Node@1182e445,117636d1,3) | desc:
Dec 14, 2012 11:01:03 AM project5.ActorLogger$class log
INFO: id:project5.Node@e18a9e8 | ts:156 | event:RECEIVE | to/from:project5.Node@2d298123 | msg:MsgDelivered(2) | desc:
Dec 14, 2012 11:01:03 AM project5.ActorLogger$class log
INFO: id:project5.Node@e18a9e8 | ts:157 | event:RECEIVE | to/from:project5.Node@12d3e679 | msg:MsgMsg(project5.Node@1182e445,1e2f5389,2) | desc:
Dec 14, 2012 11:01:03 AM project5.ActorLogger$class log
INFO: id:project5.Node@e18a9e8 | ts:158 | event:SEND | to/from:project5.Node@724cb162 | msg:MsgMsg(project5.Node@1182e445,1e2f5389,3) | desc:
Dec 14, 2012 11:01:03 AM project5.ActorLogger$class log
INFO: id:project5.Node@e18a9e8 | ts:159 | event:RECEIVE | to/from:project5.Node@12d3e679 | msg:MsgMsg(project5.Node@186b480a,4cd3ab9b,2) | desc:
Dec 14, 2012 11:01:03 AM project5.ActorLogger$class log
INFO: id:project5.Node@e18a9e8 | ts:160 | event:SEND | to/from:project5.Node@724cb162 | msg:MsgMsg(project5.Node@186b480a,4cd3ab9b,3) | desc:
Dec 14, 2012 11:01:03 AM project5.ActorLogger$class log
INFO: id:project5.Node@e18a9e8 | ts:161 | event:RECEIVE | to/from:project5.Node@12d3e679 | msg:MsgMsg(project5.Node@31b037fe,c1fa96b9,1) | desc:
Dec 14, 2012 11:01:03 AM project5.ActorLogger$class log
INFO: id:project5.Node@e18a9e8 | ts:162 | event:SEND | to/from:project5.Node@724cb162 | msg:MsgMsg(project5.Node@31b037fe,c1fa96b9,2) | desc:
Dec 14, 2012 11:01:03 AM project5.ActorLogger$class log
INFO: id:project5.Node@e18a9e8 | ts:163 | event:RECEIVE | to/from:project5.Node@12d3e679 | msg:MsgMsg(project5.Node@31b037fe,338359d6,1) | desc:
Dec 14, 2012 11:01:03 AM project5.ActorLogger$class log
INFO: id:project5.Node@e18a9e8 | ts:164 | event:SEND | to/from:project5.Node@724cb162 | msg:MsgMsg(project5.Node@31b037fe,338359d6,2) | desc:
Dec 14, 2012 11:01:03 AM project5.ActorLogger$class log
INFO: id:project5.Node@e18a9e8 | ts:165 | event:RECEIVE | to/from:project5.Node@12d3e679 | msg:MsgMsg(project5.Node@31b037fe,542dfd9d,1) | desc:
Dec 14, 2012 11:01:03 AM project5.ActorLogger$class log
INFO: id:project5.Node@e18a9e8 | ts:166 | event:SEND | to/from:project5.Node@31b037fe | msg:MsgDelivered(2) | desc:
Dec 14, 2012 11:01:04 AM project5.ActorLogger$class log
INFO: id:project5.Node@e18a9e8 | ts:167 | event:RECEIVE | to/from:project5.Node@12d3e679 | msg:MsgMsg(project5.Node@31b037fe,0817a922,1) | desc:
Dec 14, 2012 11:01:04 AM project5.ActorLogger$class log
INFO: id:project5.Node@e18a9e8 | ts:168 | event:SEND | to/from:project5.Node@724cb162 | msg:MsgMsg(project5.Node@31b037fe,0817a922,2) | desc:
Dec 14, 2012 11:01:04 AM project5.ActorLogger$class log
INFO: id:project5.Node@e18a9e8 | ts:169 | event:RECEIVE | to/from:project5.Node@12d3e679 | msg:MsgMsg(project5.Node@31b037fe,324708e1,1) | desc:
Dec 14, 2012 11:01:04 AM project5.ActorLogger$class log
INFO: id:project5.Node@e18a9e8 | ts:170 | event:SEND | to/from:project5.Node@724cb162 | msg:MsgMsg(project5.Node@31b037fe,324708e1,2) | desc:
Dec 14, 2012 11:01:04 AM project5.ActorLogger$class log
INFO: id:project5.Node@e18a9e8 | ts:171 | event:RECEIVE | to/from:project5.Node@12d3e679 | msg:MsgMsg(project5.Node@31b037fe,d4e0ed06,1) | desc:
Dec 14, 2012 11:01:04 AM project5.ActorLogger$class log
INFO: id:project5.Node@e18a9e8 | ts:172 | event:SEND | to/from:project5.Node@724cb162 | msg:MsgMsg(project5.Node@31b037fe,d4e0ed06,2) | desc:
Dec 14, 2012 11:01:04 AM project5.ActorLogger$class log
INFO: id:project5.Node@e18a9e8 | ts:173 | event:RECEIVE | to/from:project5.Node@73b8dc93 | msg:MsgDelivered(5) | desc:
Dec 14, 2012 11:01:04 AM project5.ActorLogger$class log
INFO: id:project5.Node@e18a9e8 | ts:174 | event:RECEIVE | to/from:project5.Node@73b8dc93 | msg:MsgDelivered(5) | desc:
Dec 14, 2012 11:01:04 AM project5.ActorLogger$class log
INFO: id:project5.Node@e18a9e8 | ts:175 | event:RECEIVE | to/from:project5.Node@12d3e679 | msg:MsgMsg(project5.Node@18f048dc,c92a3837,1) | desc:
Dec 14, 2012 11:01:04 AM project5.ActorLogger$class log
INFO: id:project5.Node@e18a9e8 | ts:176 | event:SEND | to/from:project5.Node@724cb162 | msg:MsgMsg(project5.Node@18f048dc,c92a3837,2) | desc:
Dec 14, 2012 11:01:04 AM project5.ActorLogger$class log
INFO: id:project5.Node@e18a9e8 | ts:177 | event:RECEIVE | to/from:project5.Node@12d3e679 | msg:MsgMsg(project5.Node@18f048dc,4bb1e7c4,1) | desc:
Dec 14, 2012 11:01:04 AM project5.ActorLogger$class log
INFO: id:project5.Node@e18a9e8 | ts:178 | event:SEND | to/from:project5.Node@724cb162 | msg:MsgMsg(project5.Node@18f048dc,4bb1e7c4,2) | desc:
Dec 14, 2012 11:01:04 AM project5.ActorLogger$class log
INFO: id:project5.Node@e18a9e8 | ts:179 | event:RECEIVE | to/from:project5.Node@12d3e679 | msg:MsgMsg(project5.Node@18f048dc,59165fd8,1) | desc:
Dec 14, 2012 11:01:04 AM project5.ActorLogger$class log
INFO: id:project5.Node@e18a9e8 | ts:180 | event:SEND | to/from:project5.Node@18f048dc | msg:MsgDelivered(2) | desc:
Dec 14, 2012 11:01:04 AM project5.ActorLogger$class log
INFO: id:project5.Node@e18a9e8 | ts:181 | event:RECEIVE | to/from:project5.Node@12d3e679 | msg:MsgMsg(project5.Node@18f048dc,f83815e5,1) | desc:
Dec 14, 2012 11:01:04 AM project5.ActorLogger$class log
INFO: id:project5.Node@e18a9e8 | ts:182 | event:SEND | to/from:project5.Node@724cb162 | msg:MsgMsg(project5.Node@18f048dc,f83815e5,2) | desc:
Dec 14, 2012 11:01:04 AM project5.ActorLogger$class log
INFO: id:project5.Node@e18a9e8 | ts:183 | event:RECEIVE | to/from:project5.Node@12d3e679 | msg:MsgMsg(project5.Node@18f048dc,4466f581,1) | desc:
Dec 14, 2012 11:01:04 AM project5.ActorLogger$class log
INFO: id:project5.Node@e18a9e8 | ts:184 | event:SEND | to/from:project5.Node@724cb162 | msg:MsgMsg(project5.Node@18f048dc,4466f581,2) | desc:
Dec 14, 2012 11:01:04 AM project5.ActorLogger$class log
INFO: id:project5.Node@e18a9e8 | ts:185 | event:RECEIVE | to/from:project5.Node@73b8dc93 | msg:MsgDelivered(5) | desc:
Dec 14, 2012 11:01:04 AM project5.ActorLogger$class log
INFO: id:project5.Node@e18a9e8 | ts:186 | event:RECEIVE | to/from:project5.Node@12d3e679 | msg:MsgMsg(project5.Node@18f048dc,162eae3b,1) | desc:
Dec 14, 2012 11:01:04 AM project5.ActorLogger$class log
INFO: id:project5.Node@e18a9e8 | ts:187 | event:SEND | to/from:project5.Node@724cb162 | msg:MsgMsg(project5.Node@18f048dc,162eae3b,2) | desc:
Dec 14, 2012 11:01:04 AM project5.ActorLogger$class log
INFO: id:project5.Node@e18a9e8 | ts:188 | event:RECEIVE | to/from:project5.Node@12d3e679 | msg:MsgMsg(project5.Node@18f048dc,0647ec3a,1) | desc:
Dec 14, 2012 11:01:04 AM project5.ActorLogger$class log
INFO: id:project5.Node@e18a9e8 | ts:189 | event:SEND | to/from:project5.Node@724cb162 | msg:MsgMsg(project5.Node@18f048dc,0647ec3a,2) | desc:
Dec 14, 2012 11:01:04 AM project5.ActorLogger$class log
INFO: id:project5.Node@e18a9e8 | ts:190 | event:RECEIVE | to/from:project5.Node@12d3e679 | msg:MsgMsg(project5.Node@18f048dc,4ace172d,1) | desc:
Dec 14, 2012 11:01:04 AM project5.ActorLogger$class log
INFO: id:project5.Node@e18a9e8 | ts:191 | event:SEND | to/from:project5.Node@724cb162 | msg:MsgMsg(project5.Node@18f048dc,4ace172d,2) | desc:
Dec 14, 2012 11:01:04 AM project5.ActorLogger$class log
INFO: id:project5.Node@e18a9e8 | ts:192 | event:RECEIVE | to/from:project5.Node@12d3e679 | msg:MsgMsg(project5.Node@18f048dc,371f1fcf,1) | desc:
Dec 14, 2012 11:01:04 AM project5.ActorLogger$class log
INFO: id:project5.Node@e18a9e8 | ts:193 | event:SEND | to/from:project5.Node@724cb162 | msg:MsgMsg(project5.Node@18f048dc,371f1fcf,2) | desc:
Dec 14, 2012 11:01:04 AM project5.ActorLogger$class log
INFO: id:project5.Node@e18a9e8 | ts:194 | event:RECEIVE | to/from:project5.Node@12d3e679 | msg:MsgMsg(project5.Node@18f048dc,551bf367,1) | desc:
Dec 14, 2012 11:01:04 AM project5.ActorLogger$class log
INFO: id:project5.Node@e18a9e8 | ts:195 | event:SEND | to/from:project5.Node@18f048dc | msg:MsgDelivered(2) | desc:
Dec 14, 2012 11:01:04 AM project5.ActorLogger$class log
INFO: id:project5.Node@e18a9e8 | ts:196 | event:RECEIVE | to/from:project5.Node@73b8dc93 | msg:MsgDelivered(5) | desc:
Dec 14, 2012 11:01:04 AM project5.ActorLogger$class log
INFO: id:project5.Node@e18a9e8 | ts:200 | event:RECEIVE | to/from:project5.Node@12d3e679 | msg:MsgMsg(project5.Node@68d5c08f,c5edcd71,1) | desc:
Dec 14, 2012 11:01:04 AM project5.ActorLogger$class log
INFO: id:project5.Node@e18a9e8 | ts:201 | event:SEND | to/from:project5.Node@724cb162 | msg:MsgMsg(project5.Node@68d5c08f,c5edcd71,2) | desc:
Dec 14, 2012 11:01:04 AM project5.ActorLogger$class log
INFO: id:project5.Node@e18a9e8 | ts:204 | event:RECEIVE | to/from:project5.Node@12d3e679 | msg:MsgMsg(project5.Node@186b480a,9ad3e404,3) | desc:
Dec 14, 2012 11:01:04 AM project5.ActorLogger$class log
INFO: id:project5.Node@e18a9e8 | ts:205 | event:SEND | to/from:project5.Node@2d298123 | msg:MsgMsg(project5.Node@186b480a,9ad3e404,4) | desc:
Dec 14, 2012 11:01:04 AM project5.ActorLogger$class log
INFO: id:project5.Node@e18a9e8 | ts:206 | event:RECEIVE | to/from:project5.Node@12d3e679 | msg:MsgMsg(project5.Node@68d5c08f,5438da43,1) | desc:
Dec 14, 2012 11:01:04 AM project5.ActorLogger$class log
INFO: id:project5.Node@e18a9e8 | ts:207 | event:SEND | to/from:project5.Node@68d5c08f | msg:MsgDelivered(2) | desc:
Dec 14, 2012 11:01:04 AM project5.ActorLogger$class log
INFO: id:project5.Node@e18a9e8 | ts:208 | event:RECEIVE | to/from:project5.Node@562e5771 | msg:joinedNWAck | desc:
Dec 14, 2012 11:01:05 AM project5.ActorLogger$class log
INFO: id:project5.Node@e18a9e8 | ts:209 | event:SEND | to/from:project5.Node@29b15447 | msg:MsgMsg(project5.Node@e18a9e8,706cfa73,0) | desc:
Dec 14, 2012 11:01:05 AM project5.ActorLogger$class log
INFO: id:project5.Node@e18a9e8 | ts:210 | event:SEND | to/from:project5.Node@724cb162 | msg:MsgMsg(project5.Node@e18a9e8,ac6b6976,0) | desc:
Dec 14, 2012 11:01:05 AM project5.ActorLogger$class log
INFO: id:project5.Node@e18a9e8 | ts:211 | event:SEND | to/from:project5.Node@724cb162 | msg:MsgMsg(project5.Node@e18a9e8,d9500fb6,0) | desc:
Dec 14, 2012 11:01:05 AM project5.ActorLogger$class log
INFO: id:project5.Node@e18a9e8 | ts:212 | event:SEND | to/from:project5.Node@724cb162 | msg:MsgMsg(project5.Node@e18a9e8,1d73bb31,0) | desc:
Dec 14, 2012 11:01:05 AM project5.ActorLogger$class log
INFO: id:project5.Node@e18a9e8 | ts:213 | event:SEND | to/from:project5.Node@724cb162 | msg:MsgMsg(project5.Node@e18a9e8,0540af81,0) | desc:
Dec 14, 2012 11:01:05 AM project5.ActorLogger$class log
INFO: id:project5.Node@e18a9e8 | ts:214 | event:SEND | to/from:project5.Node@724cb162 | msg:MsgMsg(project5.Node@e18a9e8,8174727c,0) | desc:
Dec 14, 2012 11:01:05 AM project5.ActorLogger$class log
INFO: id:project5.Node@e18a9e8 | ts:215 | event:SEND | to/from:project5.Node@724cb162 | msg:MsgMsg(project5.Node@e18a9e8,d2e8f636,0) | desc:
Dec 14, 2012 11:01:05 AM project5.ActorLogger$class log
INFO: id:project5.Node@e18a9e8 | ts:216 | event:SEND | to/from:project5.Node@724cb162 | msg:MsgMsg(project5.Node@e18a9e8,c0bb48bc,0) | desc:
Dec 14, 2012 11:01:05 AM project5.ActorLogger$class log
INFO: id:project5.Node@e18a9e8 | ts:217 | event:SEND | to/from:project5.Node@724cb162 | msg:MsgMsg(project5.Node@e18a9e8,d71d3f2c,0) | desc:
Dec 14, 2012 11:01:05 AM project5.ActorLogger$class log
INFO: id:project5.Node@e18a9e8 | ts:218 | event:SEND | to/from:project5.Node@724cb162 | msg:MsgMsg(project5.Node@e18a9e8,b6754d8f,0) | desc:
Dec 14, 2012 11:01:05 AM project5.ActorLogger$class log
INFO: id:project5.Node@e18a9e8 | ts:219 | event:RECEIVE | to/from:project5.Node@12d3e679 | msg:MsgMsg(project5.Node@68d5c08f,3f8dfdbc,1) | desc:
Dec 14, 2012 11:01:05 AM project5.ActorLogger$class log
INFO: id:project5.Node@e18a9e8 | ts:220 | event:SEND | to/from:project5.Node@724cb162 | msg:MsgMsg(project5.Node@68d5c08f,3f8dfdbc,2) | desc:
Dec 14, 2012 11:01:05 AM project5.ActorLogger$class log
INFO: id:project5.Node@e18a9e8 | ts:221 | event:RECEIVE | to/from:project5.Node@12d3e679 | msg:MsgMsg(project5.Node@68d5c08f,d8c303a3,1) | desc:
Dec 14, 2012 11:01:05 AM project5.ActorLogger$class log
INFO: id:project5.Node@e18a9e8 | ts:222 | event:SEND | to/from:project5.Node@724cb162 | msg:MsgMsg(project5.Node@68d5c08f,d8c303a3,2) | desc:
Dec 14, 2012 11:01:05 AM project5.ActorLogger$class log
INFO: id:project5.Node@e18a9e8 | ts:223 | event:RECEIVE | to/from:project5.Node@73b8dc93 | msg:MsgDelivered(5) | desc:
Dec 14, 2012 11:01:05 AM project5.ActorLogger$class log
INFO: id:project5.Node@e18a9e8 | ts:224 | event:RECEIVE | to/from:project5.Node@12d3e679 | msg:MsgMsg(project5.Node@68d5c08f,49599db2,1) | desc:
Dec 14, 2012 11:01:05 AM project5.ActorLogger$class log
INFO: id:project5.Node@e18a9e8 | ts:225 | event:SEND | to/from:project5.Node@724cb162 | msg:MsgMsg(project5.Node@68d5c08f,49599db2,2) | desc:
Dec 14, 2012 11:01:05 AM project5.ActorLogger$class log
INFO: id:project5.Node@e18a9e8 | ts:226 | event:RECEIVE | to/from:project5.Node@73b8dc93 | msg:MsgDelivered(5) | desc:
Dec 14, 2012 11:01:05 AM project5.ActorLogger$class log
INFO: id:project5.Node@e18a9e8 | ts:227 | event:RECEIVE | to/from:project5.Node@12d3e679 | msg:MsgMsg(project5.Node@186b480a,0da588fd,3) | desc:
Dec 14, 2012 11:01:05 AM project5.ActorLogger$class log
INFO: id:project5.Node@e18a9e8 | ts:228 | event:SEND | to/from:project5.Node@724cb162 | msg:MsgMsg(project5.Node@186b480a,0da588fd,4) | desc:
Dec 14, 2012 11:01:05 AM project5.ActorLogger$class log
INFO: id:project5.Node@e18a9e8 | ts:229 | event:RECEIVE | to/from:project5.Node@12d3e679 | msg:MsgMsg(project5.Node@61ec56c9,5538e03e,1) | desc:
Dec 14, 2012 11:01:05 AM project5.ActorLogger$class log
INFO: id:project5.Node@e18a9e8 | ts:230 | event:SEND | to/from:project5.Node@61ec56c9 | msg:MsgDelivered(2) | desc:
Dec 14, 2012 11:01:05 AM project5.ActorLogger$class log
INFO: id:project5.Node@e18a9e8 | ts:231 | event:RECEIVE | to/from:project5.Node@12d3e679 | msg:MsgMsg(project5.Node@61ec56c9,5c48bc1b,1) | desc:
Dec 14, 2012 11:01:05 AM project5.ActorLogger$class log
INFO: id:project5.Node@e18a9e8 | ts:232 | event:SEND | to/from:project5.Node@61ec56c9 | msg:MsgDelivered(2) | desc:
Dec 14, 2012 11:01:05 AM project5.ActorLogger$class log
INFO: id:project5.Node@e18a9e8 | ts:233 | event:RECEIVE | to/from:project5.Node@12d3e679 | msg:MsgMsg(project5.Node@61ec56c9,3edc3623,1) | desc:
Dec 14, 2012 11:01:05 AM project5.ActorLogger$class log
INFO: id:project5.Node@e18a9e8 | ts:234 | event:SEND | to/from:project5.Node@724cb162 | msg:MsgMsg(project5.Node@61ec56c9,3edc3623,2) | desc:
Dec 14, 2012 11:01:05 AM project5.ActorLogger$class log
INFO: id:project5.Node@e18a9e8 | ts:235 | event:RECEIVE | to/from:project5.Node@12d3e679 | msg:MsgMsg(project5.Node@61ec56c9,95ebb4c6,1) | desc:
Dec 14, 2012 11:01:05 AM project5.ActorLogger$class log
INFO: id:project5.Node@e18a9e8 | ts:236 | event:SEND | to/from:project5.Node@2d298123 | msg:MsgMsg(project5.Node@61ec56c9,95ebb4c6,2) | desc:
Dec 14, 2012 11:01:05 AM project5.ActorLogger$class log
INFO: id:project5.Node@e18a9e8 | ts:237 | event:RECEIVE | to/from:project5.Node@73b8dc93 | msg:MsgDelivered(5) | desc:
Dec 14, 2012 11:01:05 AM project5.ActorLogger$class log
INFO: id:project5.Node@e18a9e8 | ts:238 | event:RECEIVE | to/from:project5.Node@12d3e679 | msg:MsgMsg(project5.Node@61ec56c9,c3bb0846,1) | desc:
Dec 14, 2012 11:01:05 AM project5.ActorLogger$class log
INFO: id:project5.Node@e18a9e8 | ts:239 | event:SEND | to/from:project5.Node@724cb162 | msg:MsgMsg(project5.Node@61ec56c9,c3bb0846,2) | desc:
Dec 14, 2012 11:01:05 AM project5.ActorLogger$class log
INFO: id:project5.Node@e18a9e8 | ts:240 | event:RECEIVE | to/from:project5.Node@12d3e679 | msg:MsgMsg(project5.Node@186b480a,d5009460,3) | desc:
Dec 14, 2012 11:01:05 AM project5.ActorLogger$class log
INFO: id:project5.Node@e18a9e8 | ts:241 | event:SEND | to/from:project5.Node@724cb162 | msg:MsgMsg(project5.Node@186b480a,d5009460,4) | desc:
Dec 14, 2012 11:01:05 AM project5.ActorLogger$class log
INFO: id:project5.Node@e18a9e8 | ts:242 | event:RECEIVE | to/from:project5.Node@12d3e679 | msg:MsgMsg(project5.Node@61ec56c9,19dbaada,1) | desc:
Dec 14, 2012 11:01:05 AM project5.ActorLogger$class log
INFO: id:project5.Node@e18a9e8 | ts:243 | event:SEND | to/from:project5.Node@724cb162 | msg:MsgMsg(project5.Node@61ec56c9,19dbaada,2) | desc:
Dec 14, 2012 11:01:05 AM project5.ActorLogger$class log
INFO: id:project5.Node@e18a9e8 | ts:244 | event:RECEIVE | to/from:project5.Node@12d3e679 | msg:MsgMsg(project5.Node@61ec56c9,d6b702bd,1) | desc:
Dec 14, 2012 11:01:05 AM project5.ActorLogger$class log
INFO: id:project5.Node@e18a9e8 | ts:245 | event:SEND | to/from:project5.Node@724cb162 | msg:MsgMsg(project5.Node@61ec56c9,d6b702bd,2) | desc:
Dec 14, 2012 11:01:05 AM project5.ActorLogger$class log
INFO: id:project5.Node@e18a9e8 | ts:246 | event:RECEIVE | to/from:project5.Node@12d3e679 | msg:MsgMsg(project5.Node@61ec56c9,b4273ee3,1) | desc:
Dec 14, 2012 11:01:05 AM project5.ActorLogger$class log
INFO: id:project5.Node@e18a9e8 | ts:247 | event:SEND | to/from:project5.Node@724cb162 | msg:MsgMsg(project5.Node@61ec56c9,b4273ee3,2) | desc:
Dec 14, 2012 11:01:05 AM project5.ActorLogger$class log
INFO: id:project5.Node@e18a9e8 | ts:248 | event:RECEIVE | to/from:project5.Node@12d3e679 | msg:MsgMsg(project5.Node@186b480a,9a9602c5,3) | desc:
Dec 14, 2012 11:01:05 AM project5.ActorLogger$class log
INFO: id:project5.Node@e18a9e8 | ts:249 | event:SEND | to/from:project5.Node@2d298123 | msg:MsgMsg(project5.Node@186b480a,9a9602c5,4) | desc:
Dec 14, 2012 11:01:05 AM project5.ActorLogger$class log
INFO: id:project5.Node@e18a9e8 | ts:250 | event:RECEIVE | to/from:project5.Node@12d3e679 | msg:MsgMsg(project5.Node@186b480a,cebc9ab4,3) | desc:
Dec 14, 2012 11:01:05 AM project5.ActorLogger$class log
INFO: id:project5.Node@e18a9e8 | ts:251 | event:SEND | to/from:project5.Node@724cb162 | msg:MsgMsg(project5.Node@186b480a,cebc9ab4,4) | desc:
Dec 14, 2012 11:01:05 AM project5.ActorLogger$class log
INFO: id:project5.Node@e18a9e8 | ts:252 | event:RECEIVE | to/from:project5.Node@12d3e679 | msg:MsgMsg(project5.Node@4e2a544e,89bb63e0,1) | desc:
Dec 14, 2012 11:01:05 AM project5.ActorLogger$class log
INFO: id:project5.Node@e18a9e8 | ts:253 | event:SEND | to/from:project5.Node@724cb162 | msg:MsgMsg(project5.Node@4e2a544e,89bb63e0,2) | desc:
Dec 14, 2012 11:01:05 AM project5.ActorLogger$class log
INFO: id:project5.Node@e18a9e8 | ts:254 | event:RECEIVE | to/from:project5.Node@12d3e679 | msg:MsgMsg(project5.Node@4e2a544e,4860eec6,1) | desc:
Dec 14, 2012 11:01:05 AM project5.ActorLogger$class log
INFO: id:project5.Node@e18a9e8 | ts:255 | event:SEND | to/from:project5.Node@724cb162 | msg:MsgMsg(project5.Node@4e2a544e,4860eec6,2) | desc:
Dec 14, 2012 11:01:05 AM project5.ActorLogger$class log
INFO: id:project5.Node@e18a9e8 | ts:256 | event:RECEIVE | to/from:project5.Node@12d3e679 | msg:MsgMsg(project5.Node@4e2a544e,53692959,1) | desc:
Dec 14, 2012 11:01:05 AM project5.ActorLogger$class log
INFO: id:project5.Node@e18a9e8 | ts:257 | event:SEND | to/from:project5.Node@4e2a544e | msg:MsgDelivered(2) | desc:
Dec 14, 2012 11:01:05 AM project5.ActorLogger$class log
INFO: id:project5.Node@e18a9e8 | ts:258 | event:RECEIVE | to/from:project5.Node@12d3e679 | msg:MsgMsg(project5.Node@4e2a544e,65cda23a,1) | desc:
Dec 14, 2012 11:01:05 AM project5.ActorLogger$class log
INFO: id:project5.Node@e18a9e8 | ts:259 | event:SEND | to/from:project5.Node@724cb162 | msg:MsgMsg(project5.Node@4e2a544e,65cda23a,2) | desc:
Dec 14, 2012 11:01:05 AM project5.ActorLogger$class log
INFO: id:project5.Node@e18a9e8 | ts:260 | event:RECEIVE | to/from:project5.Node@12d3e679 | msg:MsgMsg(project5.Node@4e2a544e,cdc2323c,1) | desc:
Dec 14, 2012 11:01:05 AM project5.ActorLogger$class log
INFO: id:project5.Node@e18a9e8 | ts:261 | event:SEND | to/from:project5.Node@724cb162 | msg:MsgMsg(project5.Node@4e2a544e,cdc2323c,2) | desc:
Dec 14, 2012 11:01:05 AM project5.ActorLogger$class log
INFO: id:project5.Node@e18a9e8 | ts:262 | event:RECEIVE | to/from:project5.Node@12d3e679 | msg:MsgMsg(project5.Node@4e2a544e,58f9e64f,1) | desc:
Dec 14, 2012 11:01:05 AM project5.ActorLogger$class log
INFO: id:project5.Node@e18a9e8 | ts:263 | event:SEND | to/from:project5.Node@4e2a544e | msg:MsgDelivered(2) | desc:
Dec 14, 2012 11:01:05 AM project5.ActorLogger$class log
INFO: id:project5.Node@e18a9e8 | ts:264 | event:RECEIVE | to/from:project5.Node@12d3e679 | msg:MsgMsg(project5.Node@4e2a544e,5615ffdf,1) | desc:
Dec 14, 2012 11:01:05 AM project5.ActorLogger$class log
INFO: id:project5.Node@e18a9e8 | ts:265 | event:SEND | to/from:project5.Node@4e2a544e | msg:MsgDelivered(2) | desc:
Dec 14, 2012 11:01:05 AM project5.ActorLogger$class log
INFO: id:project5.Node@e18a9e8 | ts:266 | event:RECEIVE | to/from:project5.Node@12d3e679 | msg:MsgMsg(project5.Node@4e2a544e,d1c83945,1) | desc:
Dec 14, 2012 11:01:05 AM project5.ActorLogger$class log
INFO: id:project5.Node@e18a9e8 | ts:267 | event:SEND | to/from:project5.Node@724cb162 | msg:MsgMsg(project5.Node@4e2a544e,d1c83945,2) | desc:
Dec 14, 2012 11:01:05 AM project5.ActorLogger$class log
INFO: id:project5.Node@e18a9e8 | ts:268 | event:RECEIVE | to/from:project5.Node@12d3e679 | msg:MsgMsg(project5.Node@4e2a544e,f6afd770,1) | desc:
Dec 14, 2012 11:01:05 AM project5.ActorLogger$class log
INFO: id:project5.Node@e18a9e8 | ts:269 | event:SEND | to/from:project5.Node@724cb162 | msg:MsgMsg(project5.Node@4e2a544e,f6afd770,2) | desc:
Dec 14, 2012 11:01:05 AM project5.ActorLogger$class log
INFO: id:project5.Node@e18a9e8 | ts:270 | event:RECEIVE | to/from:project5.Node@12d3e679 | msg:MsgMsg(project5.Node@4e2a544e,f8055ac8,1) | desc:
Dec 14, 2012 11:01:05 AM project5.ActorLogger$class log
INFO: id:project5.Node@e18a9e8 | ts:271 | event:SEND | to/from:project5.Node@724cb162 | msg:MsgMsg(project5.Node@4e2a544e,f8055ac8,2) | desc:
Dec 14, 2012 11:01:05 AM project5.ActorLogger$class log
INFO: id:project5.Node@e18a9e8 | ts:272 | event:RECEIVE | to/from:project5.Node@12d3e679 | msg:MsgMsg(project5.Node@186b480a,d8ccd268,3) | desc:
Dec 14, 2012 11:01:05 AM project5.ActorLogger$class log
INFO: id:project5.Node@e18a9e8 | ts:273 | event:SEND | to/from:project5.Node@724cb162 | msg:MsgMsg(project5.Node@186b480a,d8ccd268,4) | desc:
Dec 14, 2012 11:01:05 AM project5.ActorLogger$class log
INFO: id:project5.Node@e18a9e8 | ts:274 | event:RECEIVE | to/from:project5.Node@12d3e679 | msg:MsgMsg(project5.Node@473f704e,60f5eff6,1) | desc:
Dec 14, 2012 11:01:05 AM project5.ActorLogger$class log
INFO: id:project5.Node@e18a9e8 | ts:275 | event:SEND | to/from:project5.Node@724cb162 | msg:MsgMsg(project5.Node@473f704e,60f5eff6,2) | desc:
Dec 14, 2012 11:01:05 AM project5.ActorLogger$class log
INFO: id:project5.Node@e18a9e8 | ts:276 | event:RECEIVE | to/from:project5.Node@12d3e679 | msg:MsgMsg(project5.Node@473f704e,6621c85b,1) | desc:
Dec 14, 2012 11:01:05 AM project5.ActorLogger$class log
INFO: id:project5.Node@e18a9e8 | ts:277 | event:SEND | to/from:project5.Node@724cb162 | msg:MsgMsg(project5.Node@473f704e,6621c85b,2) | desc:
Dec 14, 2012 11:01:05 AM project5.ActorLogger$class log
INFO: id:project5.Node@e18a9e8 | ts:278 | event:RECEIVE | to/from:project5.Node@29b15447 | msg:MsgDelivered(1) | desc:
Dec 14, 2012 11:01:05 AM project5.ActorLogger$class log
INFO: id:project5.Node@e18a9e8 | ts:279 | event:RECEIVE | to/from:project5.Node@12d3e679 | msg:MsgMsg(project5.Node@473f704e,5b5c5391,1) | desc:
Dec 14, 2012 11:01:05 AM project5.ActorLogger$class log
INFO: id:project5.Node@e18a9e8 | ts:280 | event:SEND | to/from:project5.Node@473f704e | msg:MsgDelivered(2) | desc:
Dec 14, 2012 11:01:05 AM project5.ActorLogger$class log
INFO: id:project5.Node@e18a9e8 | ts:281 | event:RECEIVE | to/from:project5.Node@12d3e679 | msg:MsgMsg(project5.Node@473f704e,198899f1,1) | desc:
Dec 14, 2012 11:01:05 AM project5.ActorLogger$class log
INFO: id:project5.Node@e18a9e8 | ts:282 | event:SEND | to/from:project5.Node@724cb162 | msg:MsgMsg(project5.Node@473f704e,198899f1,2) | desc:
Dec 14, 2012 11:01:05 AM project5.ActorLogger$class log
INFO: id:project5.Node@e18a9e8 | ts:283 | event:RECEIVE | to/from:project5.Node@12d3e679 | msg:MsgMsg(project5.Node@473f704e,fb09dfc6,1) | desc:
Dec 14, 2012 11:01:05 AM project5.ActorLogger$class log
INFO: id:project5.Node@e18a9e8 | ts:284 | event:SEND | to/from:project5.Node@724cb162 | msg:MsgMsg(project5.Node@473f704e,fb09dfc6,2) | desc:
Dec 14, 2012 11:01:05 AM project5.ActorLogger$class log
INFO: id:project5.Node@e18a9e8 | ts:285 | event:RECEIVE | to/from:project5.Node@12d3e679 | msg:MsgMsg(project5.Node@473f704e,c2b196cd,1) | desc:
Dec 14, 2012 11:01:05 AM project5.ActorLogger$class log
INFO: id:project5.Node@e18a9e8 | ts:286 | event:SEND | to/from:project5.Node@724cb162 | msg:MsgMsg(project5.Node@473f704e,c2b196cd,2) | desc:
Dec 14, 2012 11:01:05 AM project5.ActorLogger$class log
INFO: id:project5.Node@e18a9e8 | ts:287 | event:RECEIVE | to/from:project5.Node@12d3e679 | msg:MsgMsg(project5.Node@473f704e,ba34ec68,1) | desc:
Dec 14, 2012 11:01:05 AM project5.ActorLogger$class log
INFO: id:project5.Node@e18a9e8 | ts:288 | event:SEND | to/from:project5.Node@724cb162 | msg:MsgMsg(project5.Node@473f704e,ba34ec68,2) | desc:
Dec 14, 2012 11:01:05 AM project5.ActorLogger$class log
INFO: id:project5.Node@e18a9e8 | ts:292 | event:RECEIVE | to/from:project5.Node@12d3e679 | msg:MsgMsg(project5.Node@78556aa9,31a38415,1) | desc:
Dec 14, 2012 11:01:05 AM project5.ActorLogger$class log
INFO: id:project5.Node@e18a9e8 | ts:293 | event:SEND | to/from:project5.Node@724cb162 | msg:MsgMsg(project5.Node@78556aa9,31a38415,2) | desc:
Dec 14, 2012 11:01:05 AM project5.ActorLogger$class log
INFO: id:project5.Node@e18a9e8 | ts:294 | event:RECEIVE | to/from:project5.Node@12d3e679 | msg:MsgMsg(project5.Node@78556aa9,6c5b7bb8,1) | desc:
Dec 14, 2012 11:01:05 AM project5.ActorLogger$class log
INFO: id:project5.Node@e18a9e8 | ts:295 | event:SEND | to/from:project5.Node@724cb162 | msg:MsgMsg(project5.Node@78556aa9,6c5b7bb8,2) | desc:
Dec 14, 2012 11:01:05 AM project5.ActorLogger$class log
INFO: id:project5.Node@e18a9e8 | ts:298 | event:RECEIVE | to/from:project5.Node@12d3e679 | msg:MsgMsg(project5.Node@78556aa9,3b26b57f,1) | desc:
Dec 14, 2012 11:01:05 AM project5.ActorLogger$class log
INFO: id:project5.Node@e18a9e8 | ts:299 | event:SEND | to/from:project5.Node@724cb162 | msg:MsgMsg(project5.Node@78556aa9,3b26b57f,2) | desc:
Dec 14, 2012 11:01:05 AM project5.ActorLogger$class log
INFO: id:project5.Node@e18a9e8 | ts:300 | event:RECEIVE | to/from:project5.Node@12d3e679 | msg:MsgMsg(project5.Node@78556aa9,c33f7938,1) | desc:
Dec 14, 2012 11:01:05 AM project5.ActorLogger$class log
INFO: id:project5.Node@e18a9e8 | ts:301 | event:SEND | to/from:project5.Node@724cb162 | msg:MsgMsg(project5.Node@78556aa9,c33f7938,2) | desc:
Dec 14, 2012 11:01:05 AM project5.ActorLogger$class log
INFO: id:project5.Node@e18a9e8 | ts:302 | event:RECEIVE | to/from:project5.Node@12d3e679 | msg:MsgMsg(project5.Node@78556aa9,cd879e00,1) | desc:
Dec 14, 2012 11:01:05 AM project5.ActorLogger$class log
INFO: id:project5.Node@e18a9e8 | ts:303 | event:SEND | to/from:project5.Node@724cb162 | msg:MsgMsg(project5.Node@78556aa9,cd879e00,2) | desc:
Dec 14, 2012 11:01:05 AM project5.ActorLogger$class log
INFO: id:project5.Node@e18a9e8 | ts:304 | event:RECEIVE | to/from:project5.Node@12d3e679 | msg:MsgMsg(project5.Node@5bb79d4f,e5b1a67f,1) | desc:
Dec 14, 2012 11:01:05 AM project5.ActorLogger$class log
INFO: id:project5.Node@e18a9e8 | ts:305 | event:SEND | to/from:project5.Node@724cb162 | msg:MsgMsg(project5.Node@5bb79d4f,e5b1a67f,2) | desc:
Dec 14, 2012 11:01:05 AM project5.ActorLogger$class log
INFO: id:project5.Node@e18a9e8 | ts:306 | event:RECEIVE | to/from:project5.Node@12d3e679 | msg:MsgMsg(project5.Node@5bb79d4f,8d449d93,1) | desc:
Dec 14, 2012 11:01:05 AM project5.ActorLogger$class log
INFO: id:project5.Node@e18a9e8 | ts:307 | event:SEND | to/from:project5.Node@724cb162 | msg:MsgMsg(project5.Node@5bb79d4f,8d449d93,2) | desc:
Dec 14, 2012 11:01:05 AM project5.ActorLogger$class log
INFO: id:project5.Node@e18a9e8 | ts:308 | event:RECEIVE | to/from:project5.Node@12d3e679 | msg:MsgMsg(project5.Node@5bb79d4f,436baf02,1) | desc:
Dec 14, 2012 11:01:05 AM project5.ActorLogger$class log
INFO: id:project5.Node@e18a9e8 | ts:309 | event:SEND | to/from:project5.Node@724cb162 | msg:MsgMsg(project5.Node@5bb79d4f,436baf02,2) | desc:
Dec 14, 2012 11:01:05 AM project5.ActorLogger$class log
INFO: id:project5.Node@e18a9e8 | ts:310 | event:RECEIVE | to/from:project5.Node@12d3e679 | msg:MsgMsg(project5.Node@78556aa9,6c0291bb,1) | desc:
Dec 14, 2012 11:01:05 AM project5.ActorLogger$class log
INFO: id:project5.Node@e18a9e8 | ts:311 | event:SEND | to/from:project5.Node@724cb162 | msg:MsgMsg(project5.Node@78556aa9,6c0291bb,2) | desc:
Dec 14, 2012 11:01:05 AM project5.ActorLogger$class log
INFO: id:project5.Node@e18a9e8 | ts:312 | event:RECEIVE | to/from:project5.Node@12d3e679 | msg:MsgMsg(project5.Node@5bb79d4f,8a4e25ce,1) | desc:
Dec 14, 2012 11:01:05 AM project5.ActorLogger$class log
INFO: id:project5.Node@e18a9e8 | ts:313 | event:SEND | to/from:project5.Node@724cb162 | msg:MsgMsg(project5.Node@5bb79d4f,8a4e25ce,2) | desc:
Dec 14, 2012 11:01:05 AM project5.ActorLogger$class log
INFO: id:project5.Node@e18a9e8 | ts:314 | event:RECEIVE | to/from:project5.Node@12d3e679 | msg:MsgMsg(project5.Node@5bb79d4f,06ef38b4,1) | desc:
Dec 14, 2012 11:01:05 AM project5.ActorLogger$class log
INFO: id:project5.Node@e18a9e8 | ts:315 | event:SEND | to/from:project5.Node@724cb162 | msg:MsgMsg(project5.Node@5bb79d4f,06ef38b4,2) | desc:
Dec 14, 2012 11:01:05 AM project5.ActorLogger$class log
INFO: id:project5.Node@e18a9e8 | ts:316 | event:RECEIVE | to/from:project5.Node@12d3e679 | msg:MsgMsg(project5.Node@5bb79d4f,92a29125,1) | desc:
Dec 14, 2012 11:01:05 AM project5.ActorLogger$class log
INFO: id:project5.Node@e18a9e8 | ts:317 | event:SEND | to/from:project5.Node@2d298123 | msg:MsgMsg(project5.Node@5bb79d4f,92a29125,2) | desc:
Dec 14, 2012 11:01:05 AM project5.ActorLogger$class log
INFO: id:project5.Node@e18a9e8 | ts:318 | event:RECEIVE | to/from:project5.Node@12d3e679 | msg:MsgMsg(project5.Node@5bb79d4f,d5d3f2ab,1) | desc:
Dec 14, 2012 11:01:05 AM project5.ActorLogger$class log
INFO: id:project5.Node@e18a9e8 | ts:319 | event:SEND | to/from:project5.Node@724cb162 | msg:MsgMsg(project5.Node@5bb79d4f,d5d3f2ab,2) | desc:
Dec 14, 2012 11:01:05 AM project5.ActorLogger$class log
INFO: id:project5.Node@e18a9e8 | ts:320 | event:RECEIVE | to/from:project5.Node@12d3e679 | msg:MsgMsg(project5.Node@5bb79d4f,8435a93a,1) | desc:
Dec 14, 2012 11:01:05 AM project5.ActorLogger$class log
INFO: id:project5.Node@e18a9e8 | ts:321 | event:SEND | to/from:project5.Node@724cb162 | msg:MsgMsg(project5.Node@5bb79d4f,8435a93a,2) | desc:
Dec 14, 2012 11:01:05 AM project5.ActorLogger$class log
INFO: id:project5.Node@e18a9e8 | ts:322 | event:RECEIVE | to/from:project5.Node@12d3e679 | msg:MsgMsg(project5.Node@5bb79d4f,df30546d,1) | desc:
Dec 14, 2012 11:01:05 AM project5.ActorLogger$class log
INFO: id:project5.Node@e18a9e8 | ts:323 | event:SEND | to/from:project5.Node@724cb162 | msg:MsgMsg(project5.Node@5bb79d4f,df30546d,2) | desc:
Dec 14, 2012 11:01:05 AM project5.ActorLogger$class log
INFO: id:project5.Node@e18a9e8 | ts:328 | event:RECEIVE | to/from:project5.Node@12d3e679 | msg:MsgMsg(project5.Node@6d99723f,f2c556fc,3) | desc:
Dec 14, 2012 11:01:05 AM project5.ActorLogger$class log
INFO: id:project5.Node@e18a9e8 | ts:329 | event:SEND | to/from:project5.Node@724cb162 | msg:MsgMsg(project5.Node@6d99723f,f2c556fc,4) | desc:
Dec 14, 2012 11:01:05 AM project5.ActorLogger$class log
INFO: id:project5.Node@e18a9e8 | ts:330 | event:RECEIVE | to/from:project5.Node@12d3e679 | msg:MsgMsg(project5.Node@7a31f737,bde66192,1) | desc:
Dec 14, 2012 11:01:05 AM project5.ActorLogger$class log
INFO: id:project5.Node@e18a9e8 | ts:331 | event:SEND | to/from:project5.Node@724cb162 | msg:MsgMsg(project5.Node@7a31f737,bde66192,2) | desc:
Dec 14, 2012 11:01:05 AM project5.ActorLogger$class log
INFO: id:project5.Node@e18a9e8 | ts:332 | event:RECEIVE | to/from:project5.Node@12d3e679 | msg:MsgMsg(project5.Node@7a31f737,dbcfbaad,1) | desc:
Dec 14, 2012 11:01:05 AM project5.ActorLogger$class log
INFO: id:project5.Node@e18a9e8 | ts:333 | event:SEND | to/from:project5.Node@724cb162 | msg:MsgMsg(project5.Node@7a31f737,dbcfbaad,2) | desc:
Dec 14, 2012 11:01:05 AM project5.ActorLogger$class log
INFO: id:project5.Node@e18a9e8 | ts:334 | event:RECEIVE | to/from:project5.Node@12d3e679 | msg:MsgMsg(project5.Node@7a31f737,86ec2fb2,1) | desc:
Dec 14, 2012 11:01:05 AM project5.ActorLogger$class log
INFO: id:project5.Node@e18a9e8 | ts:335 | event:SEND | to/from:project5.Node@724cb162 | msg:MsgMsg(project5.Node@7a31f737,86ec2fb2,2) | desc:
Dec 14, 2012 11:01:05 AM project5.ActorLogger$class log
INFO: id:project5.Node@e18a9e8 | ts:336 | event:RECEIVE | to/from:project5.Node@12d3e679 | msg:MsgMsg(project5.Node@7a31f737,3e753030,1) | desc:
Dec 14, 2012 11:01:05 AM project5.ActorLogger$class log
INFO: id:project5.Node@e18a9e8 | ts:337 | event:SEND | to/from:project5.Node@724cb162 | msg:MsgMsg(project5.Node@7a31f737,3e753030,2) | desc:
Dec 14, 2012 11:01:05 AM project5.ActorLogger$class log
INFO: id:project5.Node@e18a9e8 | ts:338 | event:RECEIVE | to/from:project5.Node@12d3e679 | msg:MsgMsg(project5.Node@7a31f737,f05f1cfe,1) | desc:
Dec 14, 2012 11:01:05 AM project5.ActorLogger$class log
INFO: id:project5.Node@e18a9e8 | ts:339 | event:SEND | to/from:project5.Node@724cb162 | msg:MsgMsg(project5.Node@7a31f737,f05f1cfe,2) | desc:
Dec 14, 2012 11:01:05 AM project5.ActorLogger$class log
INFO: id:project5.Node@e18a9e8 | ts:340 | event:RECEIVE | to/from:project5.Node@12d3e679 | msg:MsgMsg(project5.Node@7a31f737,b6388a0f,1) | desc:
Dec 14, 2012 11:01:05 AM project5.ActorLogger$class log
INFO: id:project5.Node@e18a9e8 | ts:341 | event:SEND | to/from:project5.Node@724cb162 | msg:MsgMsg(project5.Node@7a31f737,b6388a0f,2) | desc:
Dec 14, 2012 11:01:05 AM project5.ActorLogger$class log
INFO: id:project5.Node@e18a9e8 | ts:342 | event:RECEIVE | to/from:project5.Node@12d3e679 | msg:MsgMsg(project5.Node@3963542c,c3a3eabc,1) | desc:
Dec 14, 2012 11:01:05 AM project5.ActorLogger$class log
INFO: id:project5.Node@e18a9e8 | ts:343 | event:SEND | to/from:project5.Node@724cb162 | msg:MsgMsg(project5.Node@3963542c,c3a3eabc,2) | desc:
Dec 14, 2012 11:01:05 AM project5.ActorLogger$class log
INFO: id:project5.Node@e18a9e8 | ts:344 | event:RECEIVE | to/from:project5.Node@12d3e679 | msg:MsgMsg(project5.Node@3963542c,deefa626,1) | desc:
Dec 14, 2012 11:01:05 AM project5.ActorLogger$class log
INFO: id:project5.Node@e18a9e8 | ts:345 | event:SEND | to/from:project5.Node@724cb162 | msg:MsgMsg(project5.Node@3963542c,deefa626,2) | desc:
Dec 14, 2012 11:01:06 AM project5.ActorLogger$class log
INFO: id:project5.Node@e18a9e8 | ts:346 | event:RECEIVE | to/from:project5.Node@12d3e679 | msg:MsgMsg(project5.Node@3963542c,dccf5528,1) | desc:
Dec 14, 2012 11:01:06 AM project5.ActorLogger$class log
INFO: id:project5.Node@e18a9e8 | ts:347 | event:SEND | to/from:project5.Node@724cb162 | msg:MsgMsg(project5.Node@3963542c,dccf5528,2) | desc:
Dec 14, 2012 11:01:06 AM project5.ActorLogger$class log
INFO: id:project5.Node@e18a9e8 | ts:348 | event:RECEIVE | to/from:project5.Node@12d3e679 | msg:MsgMsg(project5.Node@3963542c,f145ed19,1) | desc:
Dec 14, 2012 11:01:06 AM project5.ActorLogger$class log
INFO: id:project5.Node@e18a9e8 | ts:349 | event:SEND | to/from:project5.Node@724cb162 | msg:MsgMsg(project5.Node@3963542c,f145ed19,2) | desc:
Dec 14, 2012 11:01:06 AM project5.ActorLogger$class log
INFO: id:project5.Node@e18a9e8 | ts:350 | event:RECEIVE | to/from:project5.Node@12d3e679 | msg:MsgMsg(project5.Node@3963542c,3a53e11b,1) | desc:
Dec 14, 2012 11:01:06 AM project5.ActorLogger$class log
INFO: id:project5.Node@e18a9e8 | ts:351 | event:SEND | to/from:project5.Node@724cb162 | msg:MsgMsg(project5.Node@3963542c,3a53e11b,2) | desc:
Dec 14, 2012 11:01:06 AM project5.ActorLogger$class log
INFO: id:project5.Node@e18a9e8 | ts:352 | event:RECEIVE | to/from:project5.Node@12d3e679 | msg:MsgMsg(project5.Node@3963542c,bb2ac6a3,1) | desc:
Dec 14, 2012 11:01:06 AM project5.ActorLogger$class log
INFO: id:project5.Node@e18a9e8 | ts:353 | event:SEND | to/from:project5.Node@724cb162 | msg:MsgMsg(project5.Node@3963542c,bb2ac6a3,2) | desc:
Dec 14, 2012 11:01:06 AM project5.ActorLogger$class log
INFO: id:project5.Node@e18a9e8 | ts:354 | event:RECEIVE | to/from:project5.Node@12d3e679 | msg:MsgMsg(project5.Node@3963542c,17e8018d,1) | desc:
Dec 14, 2012 11:01:06 AM project5.ActorLogger$class log
INFO: id:project5.Node@e18a9e8 | ts:355 | event:SEND | to/from:project5.Node@724cb162 | msg:MsgMsg(project5.Node@3963542c,17e8018d,2) | desc:
Dec 14, 2012 11:01:06 AM project5.ActorLogger$class log
INFO: id:project5.Node@e18a9e8 | ts:356 | event:RECEIVE | to/from:project5.Node@12d3e679 | msg:MsgMsg(project5.Node@3963542c,580db665,1) | desc:
Dec 14, 2012 11:01:06 AM project5.ActorLogger$class log
INFO: id:project5.Node@e18a9e8 | ts:357 | event:SEND | to/from:project5.Node@3963542c | msg:MsgDelivered(2) | desc:
Dec 14, 2012 11:01:06 AM project5.ActorLogger$class log
INFO: id:project5.Node@e18a9e8 | ts:358 | event:RECEIVE | to/from:project5.Node@12d3e679 | msg:MsgMsg(project5.Node@3963542c,56c75711,1) | desc:
Dec 14, 2012 11:01:06 AM project5.ActorLogger$class log
INFO: id:project5.Node@e18a9e8 | ts:359 | event:SEND | to/from:project5.Node@3963542c | msg:MsgDelivered(2) | desc:
Dec 14, 2012 11:01:06 AM project5.ActorLogger$class log
INFO: id:project5.Node@e18a9e8 | ts:362 | event:RECEIVE | to/from:project5.Node@12d3e679 | msg:MsgMsg(project5.Node@6d99723f,0ed455a3,3) | desc:
Dec 14, 2012 11:01:06 AM project5.ActorLogger$class log
INFO: id:project5.Node@e18a9e8 | ts:363 | event:SEND | to/from:project5.Node@724cb162 | msg:MsgMsg(project5.Node@6d99723f,0ed455a3,4) | desc:
Dec 14, 2012 11:01:06 AM project5.ActorLogger$class log
INFO: id:project5.Node@e18a9e8 | ts:364 | event:RECEIVE | to/from:project5.Node@12d3e679 | msg:MsgMsg(project5.Node@1dad8678,612c383d,1) | desc:
Dec 14, 2012 11:01:06 AM project5.ActorLogger$class log
INFO: id:project5.Node@e18a9e8 | ts:365 | event:SEND | to/from:project5.Node@724cb162 | msg:MsgMsg(project5.Node@1dad8678,612c383d,2) | desc:
Dec 14, 2012 11:01:06 AM project5.ActorLogger$class log
INFO: id:project5.Node@e18a9e8 | ts:366 | event:RECEIVE | to/from:project5.Node@12d3e679 | msg:MsgMsg(project5.Node@1dad8678,476ad743,1) | desc:
Dec 14, 2012 11:01:06 AM project5.ActorLogger$class log
INFO: id:project5.Node@e18a9e8 | ts:367 | event:SEND | to/from:project5.Node@724cb162 | msg:MsgMsg(project5.Node@1dad8678,476ad743,2) | desc:
Dec 14, 2012 11:01:06 AM project5.ActorLogger$class log
INFO: id:project5.Node@e18a9e8 | ts:368 | event:RECEIVE | to/from:project5.Node@12d3e679 | msg:MsgMsg(project5.Node@1dad8678,1ae700b8,1) | desc:
Dec 14, 2012 11:01:06 AM project5.ActorLogger$class log
INFO: id:project5.Node@e18a9e8 | ts:369 | event:SEND | to/from:project5.Node@724cb162 | msg:MsgMsg(project5.Node@1dad8678,1ae700b8,2) | desc:
Dec 14, 2012 11:01:06 AM project5.ActorLogger$class log
INFO: id:project5.Node@e18a9e8 | ts:370 | event:RECEIVE | to/from:project5.Node@12d3e679 | msg:MsgMsg(project5.Node@1dad8678,9cf9b1c6,1) | desc:
Dec 14, 2012 11:01:06 AM project5.ActorLogger$class log
INFO: id:project5.Node@e18a9e8 | ts:371 | event:SEND | to/from:project5.Node@2d298123 | msg:MsgMsg(project5.Node@1dad8678,9cf9b1c6,2) | desc:
Dec 14, 2012 11:01:06 AM project5.ActorLogger$class log
INFO: id:project5.Node@e18a9e8 | ts:372 | event:RECEIVE | to/from:project5.Node@12d3e679 | msg:MsgMsg(project5.Node@1dad8678,0d161fb1,1) | desc:
Dec 14, 2012 11:01:06 AM project5.ActorLogger$class log
INFO: id:project5.Node@e18a9e8 | ts:373 | event:SEND | to/from:project5.Node@724cb162 | msg:MsgMsg(project5.Node@1dad8678,0d161fb1,2) | desc:
Dec 14, 2012 11:01:06 AM project5.ActorLogger$class log
INFO: id:project5.Node@e18a9e8 | ts:374 | event:RECEIVE | to/from:project5.Node@12d3e679 | msg:MsgMsg(project5.Node@1dad8678,198a37ff,1) | desc:
Dec 14, 2012 11:01:06 AM project5.ActorLogger$class log
INFO: id:project5.Node@e18a9e8 | ts:375 | event:SEND | to/from:project5.Node@724cb162 | msg:MsgMsg(project5.Node@1dad8678,198a37ff,2) | desc:
Dec 14, 2012 11:01:06 AM project5.ActorLogger$class log
INFO: id:project5.Node@e18a9e8 | ts:376 | event:RECEIVE | to/from:project5.Node@12d3e679 | msg:MsgMsg(project5.Node@1dad8678,002b4ae7,1) | desc:
Dec 14, 2012 11:01:06 AM project5.ActorLogger$class log
INFO: id:project5.Node@e18a9e8 | ts:377 | event:SEND | to/from:project5.Node@724cb162 | msg:MsgMsg(project5.Node@1dad8678,002b4ae7,2) | desc:
Dec 14, 2012 11:01:06 AM project5.ActorLogger$class log
INFO: id:project5.Node@e18a9e8 | ts:378 | event:RECEIVE | to/from:project5.Node@12d3e679 | msg:MsgMsg(project5.Node@1dad8678,6f659840,1) | desc:
Dec 14, 2012 11:01:06 AM project5.ActorLogger$class log
INFO: id:project5.Node@e18a9e8 | ts:379 | event:SEND | to/from:project5.Node@724cb162 | msg:MsgMsg(project5.Node@1dad8678,6f659840,2) | desc:
Dec 14, 2012 11:01:06 AM project5.ActorLogger$class log
INFO: id:project5.Node@e18a9e8 | ts:382 | event:RECEIVE | to/from:project5.Node@12d3e679 | msg:MsgMsg(project5.Node@1dad8678,5e137109,1) | desc:
Dec 14, 2012 11:01:06 AM project5.ActorLogger$class log
INFO: id:project5.Node@e18a9e8 | ts:383 | event:SEND | to/from:project5.Node@1dad8678 | msg:MsgDelivered(2) | desc:
Dec 14, 2012 11:01:06 AM project5.ActorLogger$class log
INFO: id:project5.Node@e18a9e8 | ts:384 | event:RECEIVE | to/from:project5.Node@12d3e679 | msg:MsgMsg(project5.Node@6d99723f,362d36ec,3) | desc:
Dec 14, 2012 11:01:06 AM project5.ActorLogger$class log
INFO: id:project5.Node@e18a9e8 | ts:385 | event:SEND | to/from:project5.Node@724cb162 | msg:MsgMsg(project5.Node@6d99723f,362d36ec,4) | desc:
Dec 14, 2012 11:01:06 AM project5.ActorLogger$class log
INFO: id:project5.Node@e18a9e8 | ts:386 | event:RECEIVE | to/from:project5.Node@12d3e679 | msg:MsgMsg(project5.Node@6d99723f,49479b3a,3) | desc:
Dec 14, 2012 11:01:06 AM project5.ActorLogger$class log
INFO: id:project5.Node@e18a9e8 | ts:387 | event:SEND | to/from:project5.Node@724cb162 | msg:MsgMsg(project5.Node@6d99723f,49479b3a,4) | desc:
Dec 14, 2012 11:01:06 AM project5.ActorLogger$class log
INFO: id:project5.Node@e18a9e8 | ts:388 | event:RECEIVE | to/from:project5.Node@967e8c | msg:MsgDelivered(2) | desc:
Dec 14, 2012 11:01:06 AM project5.ActorLogger$class log
INFO: id:project5.Node@e18a9e8 | ts:389 | event:RECEIVE | to/from:project5.Node@12d3e679 | msg:MsgMsg(project5.Node@6d99723f,19fc9cc9,3) | desc:
Dec 14, 2012 11:01:06 AM project5.ActorLogger$class log
INFO: id:project5.Node@e18a9e8 | ts:390 | event:SEND | to/from:project5.Node@724cb162 | msg:MsgMsg(project5.Node@6d99723f,19fc9cc9,4) | desc:
Dec 14, 2012 11:01:06 AM project5.ActorLogger$class log
INFO: id:project5.Node@e18a9e8 | ts:391 | event:RECEIVE | to/from:project5.Node@12d3e679 | msg:MsgMsg(project5.Node@6d99723f,5d0320d8,3) | desc:
Dec 14, 2012 11:01:06 AM project5.ActorLogger$class log
INFO: id:project5.Node@e18a9e8 | ts:392 | event:SEND | to/from:project5.Node@6d99723f | msg:MsgDelivered(4) | desc:
Dec 14, 2012 11:01:06 AM project5.ActorLogger$class log
INFO: id:project5.Node@e18a9e8 | ts:393 | event:RECEIVE | to/from:project5.Node@12d3e679 | msg:MsgMsg(project5.Node@6d99723f,12763442,3) | desc:
Dec 14, 2012 11:01:06 AM project5.ActorLogger$class log
INFO: id:project5.Node@e18a9e8 | ts:394 | event:SEND | to/from:project5.Node@724cb162 | msg:MsgMsg(project5.Node@6d99723f,12763442,4) | desc:
Dec 14, 2012 11:01:06 AM project5.ActorLogger$class log
INFO: id:project5.Node@e18a9e8 | ts:396 | event:RECEIVE | to/from:project5.Node@3dbd83b2 | msg:MsgMsg(project5.Node@3dbd83b2,61e1bf1e,0) | desc:
Dec 14, 2012 11:01:06 AM project5.ActorLogger$class log
INFO: id:project5.Node@e18a9e8 | ts:397 | event:SEND | to/from:project5.Node@724cb162 | msg:MsgMsg(project5.Node@3dbd83b2,61e1bf1e,1) | desc:
Dec 14, 2012 11:01:06 AM project5.ActorLogger$class log
INFO: id:project5.Node@e18a9e8 | ts:398 | event:RECEIVE | to/from:project5.Node@3dbd83b2 | msg:MsgMsg(project5.Node@3dbd83b2,815bdbd7,0) | desc:
Dec 14, 2012 11:01:06 AM project5.ActorLogger$class log
INFO: id:project5.Node@e18a9e8 | ts:399 | event:SEND | to/from:project5.Node@724cb162 | msg:MsgMsg(project5.Node@3dbd83b2,815bdbd7,1) | desc:
Dec 14, 2012 11:01:06 AM project5.ActorLogger$class log
INFO: id:project5.Node@e18a9e8 | ts:400 | event:RECEIVE | to/from:project5.Node@3dbd83b2 | msg:MsgMsg(project5.Node@3dbd83b2,59adf9be,0) | desc:
Dec 14, 2012 11:01:06 AM project5.ActorLogger$class log
INFO: id:project5.Node@e18a9e8 | ts:401 | event:SEND | to/from:project5.Node@3dbd83b2 | msg:MsgDelivered(1) | desc:
Dec 14, 2012 11:01:06 AM project5.ActorLogger$class log
INFO: id:project5.Node@e18a9e8 | ts:402 | event:RECEIVE | to/from:project5.Node@3dbd83b2 | msg:MsgMsg(project5.Node@3dbd83b2,0b188226,0) | desc:
Dec 14, 2012 11:01:06 AM project5.ActorLogger$class log
INFO: id:project5.Node@e18a9e8 | ts:403 | event:SEND | to/from:project5.Node@724cb162 | msg:MsgMsg(project5.Node@3dbd83b2,0b188226,1) | desc:
Dec 14, 2012 11:01:06 AM project5.ActorLogger$class log
INFO: id:project5.Node@e18a9e8 | ts:404 | event:RECEIVE | to/from:project5.Node@3dbd83b2 | msg:MsgMsg(project5.Node@3dbd83b2,3d2941fe,0) | desc:
Dec 14, 2012 11:01:06 AM project5.ActorLogger$class log
INFO: id:project5.Node@e18a9e8 | ts:405 | event:SEND | to/from:project5.Node@724cb162 | msg:MsgMsg(project5.Node@3dbd83b2,3d2941fe,1) | desc:
Dec 14, 2012 11:01:06 AM project5.ActorLogger$class log
INFO: id:project5.Node@e18a9e8 | ts:406 | event:RECEIVE | to/from:project5.Node@3dbd83b2 | msg:MsgMsg(project5.Node@3dbd83b2,451354ef,0) | desc:
Dec 14, 2012 11:01:06 AM project5.ActorLogger$class log
INFO: id:project5.Node@e18a9e8 | ts:407 | event:SEND | to/from:project5.Node@724cb162 | msg:MsgMsg(project5.Node@3dbd83b2,451354ef,1) | desc:
Dec 14, 2012 11:01:06 AM project5.ActorLogger$class log
INFO: id:project5.Node@e18a9e8 | ts:408 | event:RECEIVE | to/from:project5.Node@3dbd83b2 | msg:MsgMsg(project5.Node@3dbd83b2,309164fc,0) | desc:
Dec 14, 2012 11:01:06 AM project5.ActorLogger$class log
INFO: id:project5.Node@e18a9e8 | ts:409 | event:SEND | to/from:project5.Node@724cb162 | msg:MsgMsg(project5.Node@3dbd83b2,309164fc,1) | desc:
Dec 14, 2012 11:01:06 AM project5.ActorLogger$class log
INFO: id:project5.Node@e18a9e8 | ts:410 | event:RECEIVE | to/from:project5.Node@3dbd83b2 | msg:MsgMsg(project5.Node@3dbd83b2,f1a9a15f,0) | desc:
Dec 14, 2012 11:01:06 AM project5.ActorLogger$class log
INFO: id:project5.Node@e18a9e8 | ts:411 | event:SEND | to/from:project5.Node@724cb162 | msg:MsgMsg(project5.Node@3dbd83b2,f1a9a15f,1) | desc:
Dec 14, 2012 11:01:06 AM project5.ActorLogger$class log
INFO: id:project5.Node@e18a9e8 | ts:412 | event:RECEIVE | to/from:project5.Node@3dbd83b2 | msg:MsgMsg(project5.Node@3dbd83b2,fd82a1a5,0) | desc:
Dec 14, 2012 11:01:06 AM project5.ActorLogger$class log
INFO: id:project5.Node@e18a9e8 | ts:413 | event:SEND | to/from:project5.Node@724cb162 | msg:MsgMsg(project5.Node@3dbd83b2,fd82a1a5,1) | desc:
Dec 14, 2012 11:01:06 AM project5.ActorLogger$class log
INFO: id:project5.Node@e18a9e8 | ts:414 | event:RECEIVE | to/from:project5.Node@3dbd83b2 | msg:MsgMsg(project5.Node@3dbd83b2,d874d041,0) | desc:
Dec 14, 2012 11:01:06 AM project5.ActorLogger$class log
INFO: id:project5.Node@e18a9e8 | ts:415 | event:SEND | to/from:project5.Node@724cb162 | msg:MsgMsg(project5.Node@3dbd83b2,d874d041,1) | desc:
Dec 14, 2012 11:01:06 AM project5.ActorLogger$class log
INFO: id:project5.Node@e18a9e8 | ts:416 | event:RECEIVE | to/from:project5.Node@73b8dc93 | msg:MsgDelivered(4) | desc:
Dec 14, 2012 11:01:06 AM project5.ActorLogger$class log
INFO: id:project5.Node@e18a9e8 | ts:417 | event:RECEIVE | to/from:project5.Node@73b8dc93 | msg:MsgDelivered(4) | desc:
Dec 14, 2012 11:01:06 AM project5.ActorLogger$class log
INFO: id:project5.Node@e18a9e8 | ts:418 | event:RECEIVE | to/from:project5.Node@73b8dc93 | msg:MsgDelivered(4) | desc:
Dec 14, 2012 11:01:06 AM project5.ActorLogger$class log
INFO: id:project5.Node@e18a9e8 | ts:430 | event:RECEIVE | to/from:project5.Node@73b8dc93 | msg:MsgDelivered(4) | desc:
Dec 14, 2012 11:01:06 AM project5.ActorLogger$class log
INFO: id:project5.Node@e18a9e8 | ts:432 | event:RECEIVE | to/from:project5.Node@73b8dc93 | msg:MsgDelivered(4) | desc:
Dec 14, 2012 11:01:06 AM project5.ActorLogger$class log
INFO: id:project5.Node@e18a9e8 | ts:434 | event:RECEIVE | to/from:project5.Node@73b8dc93 | msg:MsgDelivered(4) | desc:
Dec 14, 2012 11:01:06 AM project5.ActorLogger$class log
INFO: id:project5.Node@e18a9e8 | ts:436 | event:RECEIVE | to/from:project5.Node@73b8dc93 | msg:MsgDelivered(4) | desc:
Dec 14, 2012 11:01:06 AM project5.ActorLogger$class log
INFO: id:project5.Node@e18a9e8 | ts:438 | event:RECEIVE | to/from:project5.Node@73b8dc93 | msg:MsgDelivered(4) | desc:
