Dec 14, 2012 11:01:03 AM project5.ActorLogger$class log
INFO: id:project5.Node@73b8dc93 | ts:1 | event:SEND | to/from:project5.Node@6871729c | msg:joinNW(project5.Node@73b8dc93) | desc:
Dec 14, 2012 11:01:03 AM project5.ActorLogger$class log
INFO: id:project5.Node@73b8dc93 | ts:134 | event:RECEIVE | to/from:project5.Node@6871729c | msg:ackJoin(project5.routingTable@74a456bb) | desc:
Dec 14, 2012 11:01:03 AM project5.ActorLogger$class log
INFO: id:project5.Node@73b8dc93 | ts:135 | event:SEND | to/from:project5.Node@6871729c | msg:joinedNW | desc:
Dec 14, 2012 11:01:03 AM project5.ActorLogger$class log
INFO: id:project5.Node@73b8dc93 | ts:140 | event:RECEIVE | to/from:project5.Node@6871729c | msg:joinedNWAck | desc:
Dec 14, 2012 11:01:03 AM project5.ActorLogger$class log
INFO: id:project5.Node@73b8dc93 | ts:142 | event:RECEIVE | to/from:project5.Node@6871729c | msg:MsgMsg(project5.Node@7531f745,033fb3d7,6) | desc:
Dec 14, 2012 11:01:03 AM project5.ActorLogger$class log
INFO: id:project5.Node@73b8dc93 | ts:143 | event:SEND | to/from:project5.Node@7531f745 | msg:MsgDelivered(7) | desc:
Dec 14, 2012 11:01:03 AM project5.ActorLogger$class log
INFO: id:project5.Node@73b8dc93 | ts:144 | event:RECEIVE | to/from:project5.Node@6871729c | msg:MsgMsg(project5.Node@4f262c96,33b27691,5) | desc:
Dec 14, 2012 11:01:03 AM project5.ActorLogger$class log
INFO: id:project5.Node@73b8dc93 | ts:145 | event:SEND | to/from:project5.Node@4f262c96 | msg:MsgDelivered(6) | desc:
Dec 14, 2012 11:01:03 AM project5.ActorLogger$class log
INFO: id:project5.Node@73b8dc93 | ts:146 | event:RECEIVE | to/from:project5.Node@6871729c | msg:MsgMsg(project5.Node@1182e445,f91e188c,6) | desc:
Dec 14, 2012 11:01:03 AM project5.ActorLogger$class log
INFO: id:project5.Node@73b8dc93 | ts:147 | event:SEND | to/from:project5.Node@1182e445 | msg:MsgDelivered(7) | desc:
Dec 14, 2012 11:01:03 AM project5.ActorLogger$class log
INFO: id:project5.Node@73b8dc93 | ts:148 | event:RECEIVE | to/from:project5.Node@6871729c | msg:MsgMsg(project5.Node@1182e445,0ae92a85,6) | desc:
Dec 14, 2012 11:01:03 AM project5.ActorLogger$class log
INFO: id:project5.Node@73b8dc93 | ts:149 | event:SEND | to/from:project5.Node@1182e445 | msg:MsgDelivered(7) | desc:
Dec 14, 2012 11:01:03 AM project5.ActorLogger$class log
INFO: id:project5.Node@73b8dc93 | ts:150 | event:RECEIVE | to/from:project5.Node@6871729c | msg:MsgMsg(project5.Node@6a8bda08,e80aef15,5) | desc:
Dec 14, 2012 11:01:03 AM project5.ActorLogger$class log
INFO: id:project5.Node@73b8dc93 | ts:151 | event:SEND | to/from:project5.Node@6a8bda08 | msg:MsgDelivered(6) | desc:
Dec 14, 2012 11:01:03 AM project5.ActorLogger$class log
INFO: id:project5.Node@73b8dc93 | ts:152 | event:RECEIVE | to/from:project5.Node@6871729c | msg:MsgMsg(project5.Node@6a8bda08,d33f3e12,5) | desc:
Dec 14, 2012 11:01:04 AM project5.ActorLogger$class log
INFO: id:project5.Node@73b8dc93 | ts:153 | event:SEND | to/from:project5.Node@6a8bda08 | msg:MsgDelivered(6) | desc:
Dec 14, 2012 11:01:04 AM project5.ActorLogger$class log
INFO: id:project5.Node@73b8dc93 | ts:154 | event:RECEIVE | to/from:project5.Node@6871729c | msg:MsgMsg(project5.Node@7531f745,86bdef22,6) | desc:
Dec 14, 2012 11:01:04 AM project5.ActorLogger$class log
INFO: id:project5.Node@73b8dc93 | ts:155 | event:SEND | to/from:project5.Node@7531f745 | msg:MsgDelivered(7) | desc:
Dec 14, 2012 11:01:04 AM project5.ActorLogger$class log
INFO: id:project5.Node@73b8dc93 | ts:156 | event:RECEIVE | to/from:project5.Node@6871729c | msg:MsgMsg(project5.Node@e18a9e8,03f4170d,4) | desc:
Dec 14, 2012 11:01:04 AM project5.ActorLogger$class log
INFO: id:project5.Node@73b8dc93 | ts:157 | event:SEND | to/from:project5.Node@e18a9e8 | msg:MsgDelivered(5) | desc:
Dec 14, 2012 11:01:04 AM project5.ActorLogger$class log
INFO: id:project5.Node@73b8dc93 | ts:158 | event:RECEIVE | to/from:project5.Node@6871729c | msg:MsgMsg(project5.Node@e18a9e8,06f681d5,4) | desc:
Dec 14, 2012 11:01:04 AM project5.ActorLogger$class log
INFO: id:project5.Node@73b8dc93 | ts:159 | event:SEND | to/from:project5.Node@e18a9e8 | msg:MsgDelivered(5) | desc:
Dec 14, 2012 11:01:04 AM project5.ActorLogger$class log
INFO: id:project5.Node@73b8dc93 | ts:160 | event:RECEIVE | to/from:project5.Node@6871729c | msg:MsgMsg(project5.Node@6a8bda08,fe37c567,5) | desc:
Dec 14, 2012 11:01:04 AM project5.ActorLogger$class log
INFO: id:project5.Node@73b8dc93 | ts:161 | event:SEND | to/from:project5.Node@6a8bda08 | msg:MsgDelivered(6) | desc:
Dec 14, 2012 11:01:04 AM project5.ActorLogger$class log
INFO: id:project5.Node@73b8dc93 | ts:162 | event:RECEIVE | to/from:project5.Node@6871729c | msg:MsgMsg(project5.Node@e18a9e8,ee1232cd,4) | desc:
Dec 14, 2012 11:01:04 AM project5.ActorLogger$class log
INFO: id:project5.Node@73b8dc93 | ts:163 | event:SEND | to/from:project5.Node@e18a9e8 | msg:MsgDelivered(5) | desc:
Dec 14, 2012 11:01:04 AM project5.ActorLogger$class log
INFO: id:project5.Node@73b8dc93 | ts:164 | event:RECEIVE | to/from:project5.Node@6871729c | msg:MsgMsg(project5.Node@29b15447,100f5b6f,3) | desc:
Dec 14, 2012 11:01:04 AM project5.ActorLogger$class log
INFO: id:project5.Node@73b8dc93 | ts:165 | event:SEND | to/from:project5.Node@29b15447 | msg:MsgDelivered(4) | desc:
Dec 14, 2012 11:01:04 AM project5.ActorLogger$class log
INFO: id:project5.Node@73b8dc93 | ts:168 | event:RECEIVE | to/from:project5.Node@6871729c | msg:MsgMsg(project5.Node@29b15447,4ef6d0f9,3) | desc:
Dec 14, 2012 11:01:04 AM project5.ActorLogger$class log
INFO: id:project5.Node@73b8dc93 | ts:169 | event:SEND | to/from:project5.Node@29b15447 | msg:MsgDelivered(4) | desc:
Dec 14, 2012 11:01:04 AM project5.ActorLogger$class log
INFO: id:project5.Node@73b8dc93 | ts:172 | event:RECEIVE | to/from:project5.Node@6871729c | msg:MsgMsg(project5.Node@29b15447,caf8378b,3) | desc:
Dec 14, 2012 11:01:04 AM project5.ActorLogger$class log
INFO: id:project5.Node@73b8dc93 | ts:173 | event:SEND | to/from:project5.Node@29b15447 | msg:MsgDelivered(4) | desc:
Dec 14, 2012 11:01:04 AM project5.ActorLogger$class log
INFO: id:project5.Node@73b8dc93 | ts:176 | event:RECEIVE | to/from:project5.Node@6871729c | msg:MsgMsg(project5.Node@55de5f0b,25c21948,3) | desc:
Dec 14, 2012 11:01:04 AM project5.ActorLogger$class log
INFO: id:project5.Node@73b8dc93 | ts:177 | event:SEND | to/from:project5.Node@55de5f0b | msg:MsgDelivered(4) | desc:
Dec 14, 2012 11:01:04 AM project5.ActorLogger$class log
INFO: id:project5.Node@73b8dc93 | ts:180 | event:RECEIVE | to/from:project5.Node@6871729c | msg:MsgMsg(project5.Node@55de5f0b,3a819b52,3) | desc:
Dec 14, 2012 11:01:04 AM project5.ActorLogger$class log
INFO: id:project5.Node@73b8dc93 | ts:181 | event:SEND | to/from:project5.Node@55de5f0b | msg:MsgDelivered(4) | desc:
Dec 14, 2012 11:01:04 AM project5.ActorLogger$class log
INFO: id:project5.Node@73b8dc93 | ts:184 | event:RECEIVE | to/from:project5.Node@6871729c | msg:MsgMsg(project5.Node@e18a9e8,c39509fc,4) | desc:
Dec 14, 2012 11:01:04 AM project5.ActorLogger$class log
INFO: id:project5.Node@73b8dc93 | ts:185 | event:SEND | to/from:project5.Node@e18a9e8 | msg:MsgDelivered(5) | desc:
Dec 14, 2012 11:01:04 AM project5.ActorLogger$class log
INFO: id:project5.Node@73b8dc93 | ts:186 | event:RECEIVE | to/from:project5.Node@6871729c | msg:MsgMsg(project5.Node@55de5f0b,7439bb99,3) | desc:
Dec 14, 2012 11:01:04 AM project5.ActorLogger$class log
INFO: id:project5.Node@73b8dc93 | ts:187 | event:SEND | to/from:project5.Node@55de5f0b | msg:MsgDelivered(4) | desc:
Dec 14, 2012 11:01:04 AM project5.ActorLogger$class log
INFO: id:project5.Node@73b8dc93 | ts:190 | event:RECEIVE | to/from:project5.Node@6871729c | msg:MsgMsg(project5.Node@55de5f0b,1dc738b2,3) | desc:
Dec 14, 2012 11:01:04 AM project5.ActorLogger$class log
INFO: id:project5.Node@73b8dc93 | ts:191 | event:SEND | to/from:project5.Node@55de5f0b | msg:MsgDelivered(4) | desc:
Dec 14, 2012 11:01:04 AM project5.ActorLogger$class log
INFO: id:project5.Node@73b8dc93 | ts:194 | event:RECEIVE | to/from:project5.Node@6871729c | msg:MsgMsg(project5.Node@55de5f0b,19ac573b,3) | desc:
Dec 14, 2012 11:01:04 AM project5.ActorLogger$class log
INFO: id:project5.Node@73b8dc93 | ts:195 | event:SEND | to/from:project5.Node@55de5f0b | msg:MsgDelivered(4) | desc:
Dec 14, 2012 11:01:04 AM project5.ActorLogger$class log
INFO: id:project5.Node@73b8dc93 | ts:196 | event:RECEIVE | to/from:project5.Node@6871729c | msg:MsgMsg(project5.Node@6a8bda08,fc6ba77f,5) | desc:
Dec 14, 2012 11:01:04 AM project5.ActorLogger$class log
INFO: id:project5.Node@73b8dc93 | ts:197 | event:SEND | to/from:project5.Node@6a8bda08 | msg:MsgDelivered(6) | desc:
Dec 14, 2012 11:01:04 AM project5.ActorLogger$class log
INFO: id:project5.Node@73b8dc93 | ts:198 | event:RECEIVE | to/from:project5.Node@6871729c | msg:MsgMsg(project5.Node@106f26bb,4d1ea326,3) | desc:
Dec 14, 2012 11:01:04 AM project5.ActorLogger$class log
INFO: id:project5.Node@73b8dc93 | ts:199 | event:SEND | to/from:project5.Node@106f26bb | msg:MsgDelivered(4) | desc:
Dec 14, 2012 11:01:04 AM project5.ActorLogger$class log
INFO: id:project5.Node@73b8dc93 | ts:200 | event:RECEIVE | to/from:project5.Node@6871729c | msg:MsgMsg(project5.Node@e18a9e8,0976bfbb,4) | desc:
Dec 14, 2012 11:01:04 AM project5.ActorLogger$class log
INFO: id:project5.Node@73b8dc93 | ts:201 | event:SEND | to/from:project5.Node@e18a9e8 | msg:MsgDelivered(5) | desc:
Dec 14, 2012 11:01:04 AM project5.ActorLogger$class log
INFO: id:project5.Node@73b8dc93 | ts:202 | event:RECEIVE | to/from:project5.Node@6871729c | msg:MsgMsg(project5.Node@106f26bb,38d9bdb9,3) | desc:
Dec 14, 2012 11:01:04 AM project5.ActorLogger$class log
INFO: id:project5.Node@73b8dc93 | ts:203 | event:SEND | to/from:project5.Node@106f26bb | msg:MsgDelivered(4) | desc:
Dec 14, 2012 11:01:04 AM project5.ActorLogger$class log
INFO: id:project5.Node@73b8dc93 | ts:204 | event:RECEIVE | to/from:project5.Node@6871729c | msg:MsgMsg(project5.Node@e18a9e8,e1e7c51d,4) | desc:
Dec 14, 2012 11:01:04 AM project5.ActorLogger$class log
INFO: id:project5.Node@73b8dc93 | ts:205 | event:SEND | to/from:project5.Node@e18a9e8 | msg:MsgDelivered(5) | desc:
Dec 14, 2012 11:01:04 AM project5.ActorLogger$class log
INFO: id:project5.Node@73b8dc93 | ts:206 | event:RECEIVE | to/from:project5.Node@6871729c | msg:MsgMsg(project5.Node@6a8bda08,48a57025,5) | desc:
Dec 14, 2012 11:01:04 AM project5.ActorLogger$class log
INFO: id:project5.Node@73b8dc93 | ts:207 | event:SEND | to/from:project5.Node@6a8bda08 | msg:MsgDelivered(6) | desc:
Dec 14, 2012 11:01:04 AM project5.ActorLogger$class log
INFO: id:project5.Node@73b8dc93 | ts:208 | event:RECEIVE | to/from:project5.Node@6871729c | msg:MsgMsg(project5.Node@106f26bb,f992f412,3) | desc:
Dec 14, 2012 11:01:04 AM project5.ActorLogger$class log
INFO: id:project5.Node@73b8dc93 | ts:209 | event:SEND | to/from:project5.Node@106f26bb | msg:MsgDelivered(4) | desc:
Dec 14, 2012 11:01:04 AM project5.ActorLogger$class log
INFO: id:project5.Node@73b8dc93 | ts:210 | event:RECEIVE | to/from:project5.Node@6871729c | msg:MsgMsg(project5.Node@106f26bb,7d802d88,3) | desc:
Dec 14, 2012 11:01:04 AM project5.ActorLogger$class log
INFO: id:project5.Node@73b8dc93 | ts:211 | event:SEND | to/from:project5.Node@106f26bb | msg:MsgDelivered(4) | desc:
Dec 14, 2012 11:01:04 AM project5.ActorLogger$class log
INFO: id:project5.Node@73b8dc93 | ts:212 | event:RECEIVE | to/from:project5.Node@6871729c | msg:MsgMsg(project5.Node@106f26bb,8b46d26e,3) | desc:
Dec 14, 2012 11:01:04 AM project5.ActorLogger$class log
INFO: id:project5.Node@73b8dc93 | ts:213 | event:SEND | to/from:project5.Node@106f26bb | msg:MsgDelivered(4) | desc:
Dec 14, 2012 11:01:04 AM project5.ActorLogger$class log
INFO: id:project5.Node@73b8dc93 | ts:214 | event:RECEIVE | to/from:project5.Node@6871729c | msg:MsgMsg(project5.Node@106f26bb,b50e8dbc,3) | desc:
Dec 14, 2012 11:01:04 AM project5.ActorLogger$class log
INFO: id:project5.Node@73b8dc93 | ts:215 | event:SEND | to/from:project5.Node@106f26bb | msg:MsgDelivered(4) | desc:
Dec 14, 2012 11:01:04 AM project5.ActorLogger$class log
INFO: id:project5.Node@73b8dc93 | ts:216 | event:RECEIVE | to/from:project5.Node@6871729c | msg:MsgMsg(project5.Node@106f26bb,7847c695,3) | desc:
Dec 14, 2012 11:01:04 AM project5.ActorLogger$class log
INFO: id:project5.Node@73b8dc93 | ts:217 | event:SEND | to/from:project5.Node@106f26bb | msg:MsgDelivered(4) | desc:
Dec 14, 2012 11:01:04 AM project5.ActorLogger$class log
INFO: id:project5.Node@73b8dc93 | ts:218 | event:RECEIVE | to/from:project5.Node@6871729c | msg:MsgMsg(project5.Node@106f26bb,8b0c214d,3) | desc:
Dec 14, 2012 11:01:04 AM project5.ActorLogger$class log
INFO: id:project5.Node@73b8dc93 | ts:219 | event:SEND | to/from:project5.Node@106f26bb | msg:MsgDelivered(4) | desc:
Dec 14, 2012 11:01:04 AM project5.ActorLogger$class log
INFO: id:project5.Node@73b8dc93 | ts:220 | event:RECEIVE | to/from:project5.Node@6871729c | msg:MsgMsg(project5.Node@e18a9e8,d76e046d,4) | desc:
Dec 14, 2012 11:01:04 AM project5.ActorLogger$class log
INFO: id:project5.Node@73b8dc93 | ts:221 | event:SEND | to/from:project5.Node@e18a9e8 | msg:MsgDelivered(5) | desc:
Dec 14, 2012 11:01:04 AM project5.ActorLogger$class log
INFO: id:project5.Node@73b8dc93 | ts:222 | event:RECEIVE | to/from:project5.Node@6871729c | msg:MsgMsg(project5.Node@753ac592,887ab0ed,6) | desc:
Dec 14, 2012 11:01:04 AM project5.ActorLogger$class log
INFO: id:project5.Node@73b8dc93 | ts:223 | event:SEND | to/from:project5.Node@753ac592 | msg:MsgDelivered(7) | desc:
Dec 14, 2012 11:01:04 AM project5.ActorLogger$class log
INFO: id:project5.Node@73b8dc93 | ts:224 | event:RECEIVE | to/from:project5.Node@6871729c | msg:MsgMsg(project5.Node@106f26bb,7e88d2ab,3) | desc:
Dec 14, 2012 11:01:04 AM project5.ActorLogger$class log
INFO: id:project5.Node@73b8dc93 | ts:225 | event:SEND | to/from:project5.Node@106f26bb | msg:MsgDelivered(4) | desc:
Dec 14, 2012 11:01:04 AM project5.ActorLogger$class log
INFO: id:project5.Node@73b8dc93 | ts:226 | event:RECEIVE | to/from:project5.Node@6871729c | msg:MsgMsg(project5.Node@106f26bb,42336474,3) | desc:
Dec 14, 2012 11:01:04 AM project5.ActorLogger$class log
INFO: id:project5.Node@73b8dc93 | ts:227 | event:SEND | to/from:project5.Node@106f26bb | msg:MsgDelivered(4) | desc:
Dec 14, 2012 11:01:04 AM project5.ActorLogger$class log
INFO: id:project5.Node@73b8dc93 | ts:228 | event:RECEIVE | to/from:project5.Node@6871729c | msg:MsgMsg(project5.Node@1182e445,117636d1,6) | desc:
Dec 14, 2012 11:01:04 AM project5.ActorLogger$class log
INFO: id:project5.Node@73b8dc93 | ts:229 | event:SEND | to/from:project5.Node@1182e445 | msg:MsgDelivered(7) | desc:
Dec 14, 2012 11:01:04 AM project5.ActorLogger$class log
INFO: id:project5.Node@73b8dc93 | ts:230 | event:RECEIVE | to/from:project5.Node@6871729c | msg:MsgMsg(project5.Node@753ac592,faa4c3ee,6) | desc:
Dec 14, 2012 11:01:04 AM project5.ActorLogger$class log
INFO: id:project5.Node@73b8dc93 | ts:231 | event:SEND | to/from:project5.Node@753ac592 | msg:MsgDelivered(7) | desc:
Dec 14, 2012 11:01:04 AM project5.ActorLogger$class log
INFO: id:project5.Node@73b8dc93 | ts:234 | event:RECEIVE | to/from:project5.Node@6871729c | msg:MsgMsg(project5.Node@1182e445,1e2f5389,6) | desc:
Dec 14, 2012 11:01:04 AM project5.ActorLogger$class log
INFO: id:project5.Node@73b8dc93 | ts:235 | event:SEND | to/from:project5.Node@1182e445 | msg:MsgDelivered(7) | desc:
Dec 14, 2012 11:01:04 AM project5.ActorLogger$class log
INFO: id:project5.Node@73b8dc93 | ts:236 | event:RECEIVE | to/from:project5.Node@6871729c | msg:MsgMsg(project5.Node@753ac592,8e05ea51,6) | desc:
Dec 14, 2012 11:01:04 AM project5.ActorLogger$class log
INFO: id:project5.Node@73b8dc93 | ts:237 | event:SEND | to/from:project5.Node@753ac592 | msg:MsgDelivered(7) | desc:
Dec 14, 2012 11:01:04 AM project5.ActorLogger$class log
INFO: id:project5.Node@73b8dc93 | ts:238 | event:RECEIVE | to/from:project5.Node@6871729c | msg:MsgMsg(project5.Node@186b480a,4cd3ab9b,6) | desc:
Dec 14, 2012 11:01:04 AM project5.ActorLogger$class log
INFO: id:project5.Node@73b8dc93 | ts:239 | event:SEND | to/from:project5.Node@186b480a | msg:MsgDelivered(7) | desc:
Dec 14, 2012 11:01:04 AM project5.ActorLogger$class log
INFO: id:project5.Node@73b8dc93 | ts:240 | event:RECEIVE | to/from:project5.Node@6871729c | msg:MsgMsg(project5.Node@31b037fe,c1fa96b9,5) | desc:
Dec 14, 2012 11:01:04 AM project5.ActorLogger$class log
INFO: id:project5.Node@73b8dc93 | ts:241 | event:SEND | to/from:project5.Node@31b037fe | msg:MsgDelivered(6) | desc:
Dec 14, 2012 11:01:04 AM project5.ActorLogger$class log
INFO: id:project5.Node@73b8dc93 | ts:244 | event:RECEIVE | to/from:project5.Node@6871729c | msg:MsgMsg(project5.Node@31b037fe,338359d6,5) | desc:
Dec 14, 2012 11:01:04 AM project5.ActorLogger$class log
INFO: id:project5.Node@73b8dc93 | ts:245 | event:SEND | to/from:project5.Node@31b037fe | msg:MsgDelivered(6) | desc:
Dec 14, 2012 11:01:04 AM project5.ActorLogger$class log
INFO: id:project5.Node@73b8dc93 | ts:246 | event:RECEIVE | to/from:project5.Node@6871729c | msg:MsgMsg(project5.Node@753ac592,23c4e123,6) | desc:
Dec 14, 2012 11:01:04 AM project5.ActorLogger$class log
INFO: id:project5.Node@73b8dc93 | ts:247 | event:SEND | to/from:project5.Node@753ac592 | msg:MsgDelivered(7) | desc:
Dec 14, 2012 11:01:05 AM project5.ActorLogger$class log
INFO: id:project5.Node@73b8dc93 | ts:248 | event:RECEIVE | to/from:project5.Node@6871729c | msg:MsgMsg(project5.Node@31b037fe,0817a922,5) | desc:
Dec 14, 2012 11:01:05 AM project5.ActorLogger$class log
INFO: id:project5.Node@73b8dc93 | ts:249 | event:SEND | to/from:project5.Node@31b037fe | msg:MsgDelivered(6) | desc:
Dec 14, 2012 11:01:05 AM project5.ActorLogger$class log
INFO: id:project5.Node@73b8dc93 | ts:250 | event:RECEIVE | to/from:project5.Node@6871729c | msg:MsgMsg(project5.Node@753ac592,fa3da8d8,6) | desc:
Dec 14, 2012 11:01:05 AM project5.ActorLogger$class log
INFO: id:project5.Node@73b8dc93 | ts:251 | event:SEND | to/from:project5.Node@753ac592 | msg:MsgDelivered(7) | desc:
Dec 14, 2012 11:01:05 AM project5.ActorLogger$class log
INFO: id:project5.Node@73b8dc93 | ts:252 | event:RECEIVE | to/from:project5.Node@6871729c | msg:MsgMsg(project5.Node@31b037fe,324708e1,5) | desc:
Dec 14, 2012 11:01:05 AM project5.ActorLogger$class log
INFO: id:project5.Node@73b8dc93 | ts:253 | event:SEND | to/from:project5.Node@31b037fe | msg:MsgDelivered(6) | desc:
Dec 14, 2012 11:01:05 AM project5.ActorLogger$class log
INFO: id:project5.Node@73b8dc93 | ts:254 | event:RECEIVE | to/from:project5.Node@6871729c | msg:MsgMsg(project5.Node@753ac592,8b684681,6) | desc:
Dec 14, 2012 11:01:05 AM project5.ActorLogger$class log
INFO: id:project5.Node@73b8dc93 | ts:255 | event:SEND | to/from:project5.Node@753ac592 | msg:MsgDelivered(7) | desc:
Dec 14, 2012 11:01:05 AM project5.ActorLogger$class log
INFO: id:project5.Node@73b8dc93 | ts:256 | event:RECEIVE | to/from:project5.Node@6871729c | msg:MsgMsg(project5.Node@7531f745,f543b0dc,7) | desc:
Dec 14, 2012 11:01:05 AM project5.ActorLogger$class log
INFO: id:project5.Node@73b8dc93 | ts:257 | event:SEND | to/from:project5.Node@7531f745 | msg:MsgDelivered(8) | desc:
Dec 14, 2012 11:01:05 AM project5.ActorLogger$class log
INFO: id:project5.Node@73b8dc93 | ts:258 | event:RECEIVE | to/from:project5.Node@6871729c | msg:MsgMsg(project5.Node@31b037fe,d4e0ed06,5) | desc:
Dec 14, 2012 11:01:05 AM project5.ActorLogger$class log
INFO: id:project5.Node@73b8dc93 | ts:259 | event:SEND | to/from:project5.Node@31b037fe | msg:MsgDelivered(6) | desc:
Dec 14, 2012 11:01:05 AM project5.ActorLogger$class log
INFO: id:project5.Node@73b8dc93 | ts:260 | event:RECEIVE | to/from:project5.Node@6871729c | msg:MsgMsg(project5.Node@7531f745,ea11d768,7) | desc:
Dec 14, 2012 11:01:05 AM project5.ActorLogger$class log
INFO: id:project5.Node@73b8dc93 | ts:261 | event:SEND | to/from:project5.Node@7531f745 | msg:MsgDelivered(8) | desc:
Dec 14, 2012 11:01:05 AM project5.ActorLogger$class log
INFO: id:project5.Node@73b8dc93 | ts:264 | event:RECEIVE | to/from:project5.Node@6871729c | msg:MsgMsg(project5.Node@597c3925,123bc63e,4) | desc:
Dec 14, 2012 11:01:05 AM project5.ActorLogger$class log
INFO: id:project5.Node@73b8dc93 | ts:265 | event:SEND | to/from:project5.Node@597c3925 | msg:MsgDelivered(5) | desc:
Dec 14, 2012 11:01:05 AM project5.ActorLogger$class log
INFO: id:project5.Node@73b8dc93 | ts:266 | event:RECEIVE | to/from:project5.Node@6871729c | msg:MsgMsg(project5.Node@18f048dc,c92a3837,5) | desc:
Dec 14, 2012 11:01:05 AM project5.ActorLogger$class log
INFO: id:project5.Node@73b8dc93 | ts:267 | event:SEND | to/from:project5.Node@18f048dc | msg:MsgDelivered(6) | desc:
Dec 14, 2012 11:01:05 AM project5.ActorLogger$class log
INFO: id:project5.Node@73b8dc93 | ts:268 | event:RECEIVE | to/from:project5.Node@6871729c | msg:MsgMsg(project5.Node@18f048dc,4bb1e7c4,5) | desc:
Dec 14, 2012 11:01:05 AM project5.ActorLogger$class log
INFO: id:project5.Node@73b8dc93 | ts:269 | event:SEND | to/from:project5.Node@18f048dc | msg:MsgDelivered(6) | desc:
Dec 14, 2012 11:01:05 AM project5.ActorLogger$class log
INFO: id:project5.Node@73b8dc93 | ts:272 | event:RECEIVE | to/from:project5.Node@6871729c | msg:MsgMsg(project5.Node@597c3925,07376cd7,4) | desc:
Dec 14, 2012 11:01:05 AM project5.ActorLogger$class log
INFO: id:project5.Node@73b8dc93 | ts:273 | event:SEND | to/from:project5.Node@597c3925 | msg:MsgDelivered(5) | desc:
Dec 14, 2012 11:01:05 AM project5.ActorLogger$class log
INFO: id:project5.Node@73b8dc93 | ts:276 | event:RECEIVE | to/from:project5.Node@6871729c | msg:MsgMsg(project5.Node@18f048dc,f83815e5,5) | desc:
Dec 14, 2012 11:01:05 AM project5.ActorLogger$class log
INFO: id:project5.Node@73b8dc93 | ts:277 | event:SEND | to/from:project5.Node@18f048dc | msg:MsgDelivered(6) | desc:
Dec 14, 2012 11:01:05 AM project5.ActorLogger$class log
INFO: id:project5.Node@73b8dc93 | ts:278 | event:RECEIVE | to/from:project5.Node@6871729c | msg:MsgMsg(project5.Node@597c3925,41cf8ca1,4) | desc:
Dec 14, 2012 11:01:05 AM project5.ActorLogger$class log
INFO: id:project5.Node@73b8dc93 | ts:279 | event:SEND | to/from:project5.Node@597c3925 | msg:MsgDelivered(5) | desc:
Dec 14, 2012 11:01:05 AM project5.ActorLogger$class log
INFO: id:project5.Node@73b8dc93 | ts:280 | event:RECEIVE | to/from:project5.Node@6871729c | msg:MsgMsg(project5.Node@18f048dc,4466f581,5) | desc:
Dec 14, 2012 11:01:05 AM project5.ActorLogger$class log
INFO: id:project5.Node@73b8dc93 | ts:281 | event:SEND | to/from:project5.Node@18f048dc | msg:MsgDelivered(6) | desc:
Dec 14, 2012 11:01:05 AM project5.ActorLogger$class log
INFO: id:project5.Node@73b8dc93 | ts:282 | event:RECEIVE | to/from:project5.Node@6871729c | msg:MsgMsg(project5.Node@597c3925,3f9978e6,4) | desc:
Dec 14, 2012 11:01:05 AM project5.ActorLogger$class log
INFO: id:project5.Node@73b8dc93 | ts:283 | event:SEND | to/from:project5.Node@597c3925 | msg:MsgDelivered(5) | desc:
Dec 14, 2012 11:01:05 AM project5.ActorLogger$class log
INFO: id:project5.Node@73b8dc93 | ts:284 | event:RECEIVE | to/from:project5.Node@6871729c | msg:MsgMsg(project5.Node@18f048dc,162eae3b,5) | desc:
Dec 14, 2012 11:01:05 AM project5.ActorLogger$class log
INFO: id:project5.Node@73b8dc93 | ts:285 | event:SEND | to/from:project5.Node@18f048dc | msg:MsgDelivered(6) | desc:
Dec 14, 2012 11:01:05 AM project5.ActorLogger$class log
INFO: id:project5.Node@73b8dc93 | ts:286 | event:RECEIVE | to/from:project5.Node@6871729c | msg:MsgMsg(project5.Node@18f048dc,0647ec3a,5) | desc:
Dec 14, 2012 11:01:05 AM project5.ActorLogger$class log
INFO: id:project5.Node@73b8dc93 | ts:287 | event:SEND | to/from:project5.Node@18f048dc | msg:MsgDelivered(6) | desc:
Dec 14, 2012 11:01:05 AM project5.ActorLogger$class log
INFO: id:project5.Node@73b8dc93 | ts:288 | event:RECEIVE | to/from:project5.Node@6871729c | msg:MsgMsg(project5.Node@597c3925,2b84b54d,4) | desc:
Dec 14, 2012 11:01:05 AM project5.ActorLogger$class log
INFO: id:project5.Node@73b8dc93 | ts:289 | event:SEND | to/from:project5.Node@597c3925 | msg:MsgDelivered(5) | desc:
Dec 14, 2012 11:01:05 AM project5.ActorLogger$class log
INFO: id:project5.Node@73b8dc93 | ts:290 | event:RECEIVE | to/from:project5.Node@6871729c | msg:MsgMsg(project5.Node@18f048dc,4ace172d,5) | desc:
Dec 14, 2012 11:01:05 AM project5.ActorLogger$class log
INFO: id:project5.Node@73b8dc93 | ts:291 | event:SEND | to/from:project5.Node@18f048dc | msg:MsgDelivered(6) | desc:
Dec 14, 2012 11:01:05 AM project5.ActorLogger$class log
INFO: id:project5.Node@73b8dc93 | ts:292 | event:RECEIVE | to/from:project5.Node@6871729c | msg:MsgMsg(project5.Node@18f048dc,371f1fcf,5) | desc:
Dec 14, 2012 11:01:05 AM project5.ActorLogger$class log
INFO: id:project5.Node@73b8dc93 | ts:293 | event:SEND | to/from:project5.Node@18f048dc | msg:MsgDelivered(6) | desc:
Dec 14, 2012 11:01:05 AM project5.ActorLogger$class log
INFO: id:project5.Node@73b8dc93 | ts:294 | event:RECEIVE | to/from:project5.Node@6871729c | msg:MsgMsg(project5.Node@68d5c08f,c5edcd71,5) | desc:
Dec 14, 2012 11:01:05 AM project5.ActorLogger$class log
INFO: id:project5.Node@73b8dc93 | ts:295 | event:SEND | to/from:project5.Node@68d5c08f | msg:MsgDelivered(6) | desc:
Dec 14, 2012 11:01:05 AM project5.ActorLogger$class log
INFO: id:project5.Node@73b8dc93 | ts:296 | event:RECEIVE | to/from:project5.Node@6871729c | msg:MsgMsg(project5.Node@1182e445,3f3dc8e7,7) | desc:
Dec 14, 2012 11:01:05 AM project5.ActorLogger$class log
INFO: id:project5.Node@73b8dc93 | ts:297 | event:SEND | to/from:project5.Node@1182e445 | msg:MsgDelivered(8) | desc:
Dec 14, 2012 11:01:05 AM project5.ActorLogger$class log
INFO: id:project5.Node@73b8dc93 | ts:298 | event:RECEIVE | to/from:project5.Node@6871729c | msg:MsgMsg(project5.Node@1182e445,0ca47936,7) | desc:
Dec 14, 2012 11:01:05 AM project5.ActorLogger$class log
INFO: id:project5.Node@73b8dc93 | ts:299 | event:SEND | to/from:project5.Node@1182e445 | msg:MsgDelivered(8) | desc:
Dec 14, 2012 11:01:05 AM project5.ActorLogger$class log
INFO: id:project5.Node@73b8dc93 | ts:300 | event:RECEIVE | to/from:project5.Node@6871729c | msg:MsgMsg(project5.Node@1182e445,2d4d29f6,7) | desc:
Dec 14, 2012 11:01:05 AM project5.ActorLogger$class log
INFO: id:project5.Node@73b8dc93 | ts:301 | event:SEND | to/from:project5.Node@1182e445 | msg:MsgDelivered(8) | desc:
Dec 14, 2012 11:01:05 AM project5.ActorLogger$class log
INFO: id:project5.Node@73b8dc93 | ts:302 | event:RECEIVE | to/from:project5.Node@6871729c | msg:MsgMsg(project5.Node@15e6356d,2e3e4278,4) | desc:
Dec 14, 2012 11:01:05 AM project5.ActorLogger$class log
INFO: id:project5.Node@73b8dc93 | ts:303 | event:SEND | to/from:project5.Node@15e6356d | msg:MsgDelivered(5) | desc:
Dec 14, 2012 11:01:05 AM project5.ActorLogger$class log
INFO: id:project5.Node@73b8dc93 | ts:304 | event:RECEIVE | to/from:project5.Node@6871729c | msg:MsgMsg(project5.Node@15e6356d,fd8100fd,4) | desc:
Dec 14, 2012 11:01:05 AM project5.ActorLogger$class log
INFO: id:project5.Node@73b8dc93 | ts:305 | event:SEND | to/from:project5.Node@15e6356d | msg:MsgDelivered(5) | desc:
Dec 14, 2012 11:01:05 AM project5.ActorLogger$class log
INFO: id:project5.Node@73b8dc93 | ts:306 | event:RECEIVE | to/from:project5.Node@6871729c | msg:MsgMsg(project5.Node@15e6356d,f8131b0e,4) | desc:
Dec 14, 2012 11:01:05 AM project5.ActorLogger$class log
INFO: id:project5.Node@73b8dc93 | ts:307 | event:SEND | to/from:project5.Node@15e6356d | msg:MsgDelivered(5) | desc:
Dec 14, 2012 11:01:05 AM project5.ActorLogger$class log
INFO: id:project5.Node@73b8dc93 | ts:308 | event:RECEIVE | to/from:project5.Node@6871729c | msg:MsgMsg(project5.Node@15e6356d,d783dc88,4) | desc:
Dec 14, 2012 11:01:05 AM project5.ActorLogger$class log
INFO: id:project5.Node@73b8dc93 | ts:309 | event:SEND | to/from:project5.Node@15e6356d | msg:MsgDelivered(5) | desc:
Dec 14, 2012 11:01:05 AM project5.ActorLogger$class log
INFO: id:project5.Node@73b8dc93 | ts:310 | event:RECEIVE | to/from:project5.Node@6871729c | msg:MsgMsg(project5.Node@15e6356d,1d76a7fb,4) | desc:
Dec 14, 2012 11:01:05 AM project5.ActorLogger$class log
INFO: id:project5.Node@73b8dc93 | ts:311 | event:SEND | to/from:project5.Node@15e6356d | msg:MsgDelivered(5) | desc:
Dec 14, 2012 11:01:05 AM project5.ActorLogger$class log
INFO: id:project5.Node@73b8dc93 | ts:312 | event:RECEIVE | to/from:project5.Node@6871729c | msg:MsgMsg(project5.Node@15e6356d,0d57d1bf,4) | desc:
Dec 14, 2012 11:01:05 AM project5.ActorLogger$class log
INFO: id:project5.Node@73b8dc93 | ts:313 | event:SEND | to/from:project5.Node@15e6356d | msg:MsgDelivered(5) | desc:
Dec 14, 2012 11:01:05 AM project5.ActorLogger$class log
INFO: id:project5.Node@73b8dc93 | ts:314 | event:RECEIVE | to/from:project5.Node@6871729c | msg:MsgMsg(project5.Node@15e6356d,d0ebb67d,4) | desc:
Dec 14, 2012 11:01:05 AM project5.ActorLogger$class log
INFO: id:project5.Node@73b8dc93 | ts:315 | event:SEND | to/from:project5.Node@15e6356d | msg:MsgDelivered(5) | desc:
Dec 14, 2012 11:01:05 AM project5.ActorLogger$class log
INFO: id:project5.Node@73b8dc93 | ts:316 | event:RECEIVE | to/from:project5.Node@6871729c | msg:MsgMsg(project5.Node@15e6356d,318d0890,4) | desc:
Dec 14, 2012 11:01:05 AM project5.ActorLogger$class log
INFO: id:project5.Node@73b8dc93 | ts:317 | event:SEND | to/from:project5.Node@15e6356d | msg:MsgDelivered(5) | desc:
Dec 14, 2012 11:01:05 AM project5.ActorLogger$class log
INFO: id:project5.Node@73b8dc93 | ts:320 | event:RECEIVE | to/from:project5.Node@6871729c | msg:MsgMsg(project5.Node@640eac4a,41f51164,4) | desc:
Dec 14, 2012 11:01:05 AM project5.ActorLogger$class log
INFO: id:project5.Node@73b8dc93 | ts:321 | event:SEND | to/from:project5.Node@640eac4a | msg:MsgDelivered(5) | desc:
Dec 14, 2012 11:01:05 AM project5.ActorLogger$class log
INFO: id:project5.Node@73b8dc93 | ts:322 | event:RECEIVE | to/from:project5.Node@6871729c | msg:MsgMsg(project5.Node@640eac4a,caea9cb4,4) | desc:
Dec 14, 2012 11:01:05 AM project5.ActorLogger$class log
INFO: id:project5.Node@73b8dc93 | ts:323 | event:SEND | to/from:project5.Node@640eac4a | msg:MsgDelivered(5) | desc:
Dec 14, 2012 11:01:05 AM project5.ActorLogger$class log
INFO: id:project5.Node@73b8dc93 | ts:324 | event:RECEIVE | to/from:project5.Node@6871729c | msg:MsgMsg(project5.Node@640eac4a,e1d06a5a,4) | desc:
Dec 14, 2012 11:01:05 AM project5.ActorLogger$class log
INFO: id:project5.Node@73b8dc93 | ts:325 | event:SEND | to/from:project5.Node@640eac4a | msg:MsgDelivered(5) | desc:
Dec 14, 2012 11:01:05 AM project5.ActorLogger$class log
INFO: id:project5.Node@73b8dc93 | ts:328 | event:RECEIVE | to/from:project5.Node@6871729c | msg:MsgMsg(project5.Node@640eac4a,461a4c46,4) | desc:
Dec 14, 2012 11:01:05 AM project5.ActorLogger$class log
INFO: id:project5.Node@73b8dc93 | ts:329 | event:SEND | to/from:project5.Node@640eac4a | msg:MsgDelivered(5) | desc:
Dec 14, 2012 11:01:05 AM project5.ActorLogger$class log
INFO: id:project5.Node@73b8dc93 | ts:330 | event:RECEIVE | to/from:project5.Node@6871729c | msg:MsgMsg(project5.Node@640eac4a,f1d25b19,4) | desc:
Dec 14, 2012 11:01:05 AM project5.ActorLogger$class log
INFO: id:project5.Node@73b8dc93 | ts:331 | event:SEND | to/from:project5.Node@640eac4a | msg:MsgDelivered(5) | desc:
Dec 14, 2012 11:01:05 AM project5.ActorLogger$class log
INFO: id:project5.Node@73b8dc93 | ts:332 | event:RECEIVE | to/from:project5.Node@6871729c | msg:MsgMsg(project5.Node@61d22f35,e60105fa,4) | desc:
Dec 14, 2012 11:01:05 AM project5.ActorLogger$class log
INFO: id:project5.Node@73b8dc93 | ts:333 | event:SEND | to/from:project5.Node@61d22f35 | msg:MsgDelivered(5) | desc:
Dec 14, 2012 11:01:05 AM project5.ActorLogger$class log
INFO: id:project5.Node@73b8dc93 | ts:334 | event:RECEIVE | to/from:project5.Node@6871729c | msg:MsgMsg(project5.Node@61d22f35,409d2a63,4) | desc:
Dec 14, 2012 11:01:05 AM project5.ActorLogger$class log
INFO: id:project5.Node@73b8dc93 | ts:335 | event:SEND | to/from:project5.Node@61d22f35 | msg:MsgDelivered(5) | desc:
Dec 14, 2012 11:01:05 AM project5.ActorLogger$class log
INFO: id:project5.Node@73b8dc93 | ts:336 | event:RECEIVE | to/from:project5.Node@6871729c | msg:MsgMsg(project5.Node@61d22f35,36d4e4e4,4) | desc:
Dec 14, 2012 11:01:05 AM project5.ActorLogger$class log
INFO: id:project5.Node@73b8dc93 | ts:337 | event:SEND | to/from:project5.Node@61d22f35 | msg:MsgDelivered(5) | desc:
Dec 14, 2012 11:01:05 AM project5.ActorLogger$class log
INFO: id:project5.Node@73b8dc93 | ts:338 | event:RECEIVE | to/from:project5.Node@6871729c | msg:MsgMsg(project5.Node@61d22f35,2cb16e44,4) | desc:
Dec 14, 2012 11:01:05 AM project5.ActorLogger$class log
INFO: id:project5.Node@73b8dc93 | ts:339 | event:SEND | to/from:project5.Node@61d22f35 | msg:MsgDelivered(5) | desc:
Dec 14, 2012 11:01:05 AM project5.ActorLogger$class log
INFO: id:project5.Node@73b8dc93 | ts:340 | event:RECEIVE | to/from:project5.Node@6871729c | msg:MsgMsg(project5.Node@61d22f35,e15933e5,4) | desc:
Dec 14, 2012 11:01:05 AM project5.ActorLogger$class log
INFO: id:project5.Node@73b8dc93 | ts:341 | event:SEND | to/from:project5.Node@61d22f35 | msg:MsgDelivered(5) | desc:
Dec 14, 2012 11:01:05 AM project5.ActorLogger$class log
INFO: id:project5.Node@73b8dc93 | ts:342 | event:RECEIVE | to/from:project5.Node@6871729c | msg:MsgMsg(project5.Node@61d22f35,c7ec5147,4) | desc:
Dec 14, 2012 11:01:05 AM project5.ActorLogger$class log
INFO: id:project5.Node@73b8dc93 | ts:343 | event:SEND | to/from:project5.Node@61d22f35 | msg:MsgDelivered(5) | desc:
Dec 14, 2012 11:01:05 AM project5.ActorLogger$class log
INFO: id:project5.Node@73b8dc93 | ts:344 | event:RECEIVE | to/from:project5.Node@6871729c | msg:MsgMsg(project5.Node@61d22f35,852d4516,4) | desc:
Dec 14, 2012 11:01:05 AM project5.ActorLogger$class log
INFO: id:project5.Node@73b8dc93 | ts:345 | event:SEND | to/from:project5.Node@61d22f35 | msg:MsgDelivered(5) | desc:
Dec 14, 2012 11:01:05 AM project5.ActorLogger$class log
INFO: id:project5.Node@73b8dc93 | ts:348 | event:RECEIVE | to/from:project5.Node@6871729c | msg:MsgMsg(project5.Node@61d22f35,11bcc99d,4) | desc:
Dec 14, 2012 11:01:05 AM project5.ActorLogger$class log
INFO: id:project5.Node@73b8dc93 | ts:349 | event:SEND | to/from:project5.Node@61d22f35 | msg:MsgDelivered(5) | desc:
Dec 14, 2012 11:01:05 AM project5.ActorLogger$class log
INFO: id:project5.Node@73b8dc93 | ts:350 | event:RECEIVE | to/from:project5.Node@6871729c | msg:MsgMsg(project5.Node@2fcdbaf7,e2c67c93,4) | desc:
Dec 14, 2012 11:01:05 AM project5.ActorLogger$class log
INFO: id:project5.Node@73b8dc93 | ts:351 | event:SEND | to/from:project5.Node@2fcdbaf7 | msg:MsgDelivered(5) | desc:
Dec 14, 2012 11:01:05 AM project5.ActorLogger$class log
INFO: id:project5.Node@73b8dc93 | ts:352 | event:RECEIVE | to/from:project5.Node@6871729c | msg:MsgMsg(project5.Node@2fcdbaf7,d92d9fa6,4) | desc:
Dec 14, 2012 11:01:05 AM project5.ActorLogger$class log
INFO: id:project5.Node@73b8dc93 | ts:353 | event:SEND | to/from:project5.Node@2fcdbaf7 | msg:MsgDelivered(5) | desc:
Dec 14, 2012 11:01:05 AM project5.ActorLogger$class log
INFO: id:project5.Node@73b8dc93 | ts:354 | event:RECEIVE | to/from:project5.Node@6871729c | msg:MsgMsg(project5.Node@2fcdbaf7,3886727f,4) | desc:
Dec 14, 2012 11:01:05 AM project5.ActorLogger$class log
INFO: id:project5.Node@73b8dc93 | ts:355 | event:SEND | to/from:project5.Node@2fcdbaf7 | msg:MsgDelivered(5) | desc:
Dec 14, 2012 11:01:05 AM project5.ActorLogger$class log
INFO: id:project5.Node@73b8dc93 | ts:356 | event:RECEIVE | to/from:project5.Node@6871729c | msg:MsgMsg(project5.Node@2fcdbaf7,d512a1aa,4) | desc:
Dec 14, 2012 11:01:05 AM project5.ActorLogger$class log
INFO: id:project5.Node@73b8dc93 | ts:357 | event:SEND | to/from:project5.Node@2fcdbaf7 | msg:MsgDelivered(5) | desc:
Dec 14, 2012 11:01:05 AM project5.ActorLogger$class log
INFO: id:project5.Node@73b8dc93 | ts:358 | event:RECEIVE | to/from:project5.Node@6871729c | msg:MsgMsg(project5.Node@2fcdbaf7,d22430e2,4) | desc:
Dec 14, 2012 11:01:05 AM project5.ActorLogger$class log
INFO: id:project5.Node@73b8dc93 | ts:359 | event:SEND | to/from:project5.Node@2fcdbaf7 | msg:MsgDelivered(5) | desc:
Dec 14, 2012 11:01:06 AM project5.ActorLogger$class log
INFO: id:project5.Node@73b8dc93 | ts:360 | event:RECEIVE | to/from:project5.Node@6871729c | msg:MsgMsg(project5.Node@2fcdbaf7,e4ab4be9,4) | desc:
Dec 14, 2012 11:01:06 AM project5.ActorLogger$class log
INFO: id:project5.Node@73b8dc93 | ts:361 | event:SEND | to/from:project5.Node@2fcdbaf7 | msg:MsgDelivered(5) | desc:
Dec 14, 2012 11:01:06 AM project5.ActorLogger$class log
INFO: id:project5.Node@73b8dc93 | ts:364 | event:RECEIVE | to/from:project5.Node@6871729c | msg:MsgMsg(project5.Node@2fcdbaf7,0f18b25e,4) | desc:
Dec 14, 2012 11:01:06 AM project5.ActorLogger$class log
INFO: id:project5.Node@73b8dc93 | ts:365 | event:SEND | to/from:project5.Node@2fcdbaf7 | msg:MsgDelivered(5) | desc:
Dec 14, 2012 11:01:06 AM project5.ActorLogger$class log
INFO: id:project5.Node@73b8dc93 | ts:366 | event:RECEIVE | to/from:project5.Node@6871729c | msg:MsgMsg(project5.Node@e18a9e8,d9500fb6,3) | desc:
Dec 14, 2012 11:01:06 AM project5.ActorLogger$class log
INFO: id:project5.Node@73b8dc93 | ts:367 | event:SEND | to/from:project5.Node@e18a9e8 | msg:MsgDelivered(4) | desc:
Dec 14, 2012 11:01:06 AM project5.ActorLogger$class log
INFO: id:project5.Node@73b8dc93 | ts:368 | event:RECEIVE | to/from:project5.Node@6871729c | msg:MsgMsg(project5.Node@2fcdbaf7,147494d5,4) | desc:
Dec 14, 2012 11:01:06 AM project5.ActorLogger$class log
INFO: id:project5.Node@73b8dc93 | ts:369 | event:SEND | to/from:project5.Node@2fcdbaf7 | msg:MsgDelivered(5) | desc:
Dec 14, 2012 11:01:06 AM project5.ActorLogger$class log
INFO: id:project5.Node@73b8dc93 | ts:372 | event:RECEIVE | to/from:project5.Node@6871729c | msg:MsgMsg(project5.Node@513a4ad0,d93b999a,4) | desc:
Dec 14, 2012 11:01:06 AM project5.ActorLogger$class log
INFO: id:project5.Node@73b8dc93 | ts:373 | event:SEND | to/from:project5.Node@513a4ad0 | msg:MsgDelivered(5) | desc:
Dec 14, 2012 11:01:06 AM project5.ActorLogger$class log
INFO: id:project5.Node@73b8dc93 | ts:374 | event:RECEIVE | to/from:project5.Node@6871729c | msg:MsgMsg(project5.Node@e18a9e8,1d73bb31,3) | desc:
Dec 14, 2012 11:01:06 AM project5.ActorLogger$class log
INFO: id:project5.Node@73b8dc93 | ts:375 | event:SEND | to/from:project5.Node@e18a9e8 | msg:MsgDelivered(4) | desc:
Dec 14, 2012 11:01:06 AM project5.ActorLogger$class log
INFO: id:project5.Node@73b8dc93 | ts:376 | event:RECEIVE | to/from:project5.Node@6871729c | msg:MsgMsg(project5.Node@513a4ad0,080e89ea,4) | desc:
Dec 14, 2012 11:01:06 AM project5.ActorLogger$class log
INFO: id:project5.Node@73b8dc93 | ts:377 | event:SEND | to/from:project5.Node@513a4ad0 | msg:MsgDelivered(5) | desc:
Dec 14, 2012 11:01:06 AM project5.ActorLogger$class log
INFO: id:project5.Node@73b8dc93 | ts:378 | event:RECEIVE | to/from:project5.Node@6871729c | msg:MsgMsg(project5.Node@e18a9e8,0540af81,3) | desc:
Dec 14, 2012 11:01:06 AM project5.ActorLogger$class log
INFO: id:project5.Node@73b8dc93 | ts:379 | event:SEND | to/from:project5.Node@e18a9e8 | msg:MsgDelivered(4) | desc:
Dec 14, 2012 11:01:06 AM project5.ActorLogger$class log
INFO: id:project5.Node@73b8dc93 | ts:380 | event:RECEIVE | to/from:project5.Node@6871729c | msg:MsgMsg(project5.Node@513a4ad0,ee39c897,4) | desc:
Dec 14, 2012 11:01:06 AM project5.ActorLogger$class log
INFO: id:project5.Node@73b8dc93 | ts:381 | event:SEND | to/from:project5.Node@513a4ad0 | msg:MsgDelivered(5) | desc:
Dec 14, 2012 11:01:06 AM project5.ActorLogger$class log
INFO: id:project5.Node@73b8dc93 | ts:384 | event:RECEIVE | to/from:project5.Node@6871729c | msg:MsgMsg(project5.Node@513a4ad0,3ba7645a,4) | desc:
Dec 14, 2012 11:01:06 AM project5.ActorLogger$class log
INFO: id:project5.Node@73b8dc93 | ts:385 | event:SEND | to/from:project5.Node@513a4ad0 | msg:MsgDelivered(5) | desc:
Dec 14, 2012 11:01:06 AM project5.ActorLogger$class log
INFO: id:project5.Node@73b8dc93 | ts:386 | event:RECEIVE | to/from:project5.Node@6871729c | msg:MsgMsg(project5.Node@513a4ad0,3285de5f,4) | desc:
Dec 14, 2012 11:01:06 AM project5.ActorLogger$class log
INFO: id:project5.Node@73b8dc93 | ts:387 | event:SEND | to/from:project5.Node@513a4ad0 | msg:MsgDelivered(5) | desc:
Dec 14, 2012 11:01:06 AM project5.ActorLogger$class log
INFO: id:project5.Node@73b8dc93 | ts:396 | event:RECEIVE | to/from:project5.Node@6871729c | msg:MsgMsg(project5.Node@520a4ee7,c66f8cc7,3) | desc:
Dec 14, 2012 11:01:06 AM project5.ActorLogger$class log
INFO: id:project5.Node@73b8dc93 | ts:397 | event:SEND | to/from:project5.Node@520a4ee7 | msg:MsgDelivered(4) | desc:
Dec 14, 2012 11:01:06 AM project5.ActorLogger$class log
INFO: id:project5.Node@73b8dc93 | ts:398 | event:RECEIVE | to/from:project5.Node@6871729c | msg:MsgMsg(project5.Node@520a4ee7,ca65c44b,3) | desc:
Dec 14, 2012 11:01:06 AM project5.ActorLogger$class log
INFO: id:project5.Node@73b8dc93 | ts:399 | event:SEND | to/from:project5.Node@520a4ee7 | msg:MsgDelivered(4) | desc:
Dec 14, 2012 11:01:06 AM project5.ActorLogger$class log
INFO: id:project5.Node@73b8dc93 | ts:402 | event:RECEIVE | to/from:project5.Node@6871729c | msg:MsgMsg(project5.Node@520a4ee7,bde428f8,3) | desc:
Dec 14, 2012 11:01:06 AM project5.ActorLogger$class log
INFO: id:project5.Node@73b8dc93 | ts:403 | event:SEND | to/from:project5.Node@520a4ee7 | msg:MsgDelivered(4) | desc:
Dec 14, 2012 11:01:06 AM project5.ActorLogger$class log
INFO: id:project5.Node@73b8dc93 | ts:404 | event:RECEIVE | to/from:project5.Node@6871729c | msg:MsgMsg(project5.Node@520a4ee7,48fcbb1a,3) | desc:
Dec 14, 2012 11:01:06 AM project5.ActorLogger$class log
INFO: id:project5.Node@73b8dc93 | ts:405 | event:SEND | to/from:project5.Node@520a4ee7 | msg:MsgDelivered(4) | desc:
Dec 14, 2012 11:01:06 AM project5.ActorLogger$class log
INFO: id:project5.Node@73b8dc93 | ts:408 | event:RECEIVE | to/from:project5.Node@6871729c | msg:MsgMsg(project5.Node@701b9555,1d7371a7,3) | desc:
Dec 14, 2012 11:01:06 AM project5.ActorLogger$class log
INFO: id:project5.Node@73b8dc93 | ts:409 | event:SEND | to/from:project5.Node@701b9555 | msg:MsgDelivered(4) | desc:
Dec 14, 2012 11:01:06 AM project5.ActorLogger$class log
INFO: id:project5.Node@73b8dc93 | ts:410 | event:RECEIVE | to/from:project5.Node@6871729c | msg:MsgMsg(project5.Node@701b9555,b0911334,3) | desc:
Dec 14, 2012 11:01:06 AM project5.ActorLogger$class log
INFO: id:project5.Node@73b8dc93 | ts:411 | event:SEND | to/from:project5.Node@701b9555 | msg:MsgDelivered(4) | desc:
Dec 14, 2012 11:01:06 AM project5.ActorLogger$class log
INFO: id:project5.Node@73b8dc93 | ts:412 | event:RECEIVE | to/from:project5.Node@6871729c | msg:MsgMsg(project5.Node@701b9555,1a4f1c3d,3) | desc:
Dec 14, 2012 11:01:06 AM project5.ActorLogger$class log
INFO: id:project5.Node@73b8dc93 | ts:413 | event:SEND | to/from:project5.Node@701b9555 | msg:MsgDelivered(4) | desc:
Dec 14, 2012 11:01:06 AM project5.ActorLogger$class log
INFO: id:project5.Node@73b8dc93 | ts:414 | event:RECEIVE | to/from:project5.Node@6871729c | msg:MsgMsg(project5.Node@701b9555,324f9c82,3) | desc:
Dec 14, 2012 11:01:06 AM project5.ActorLogger$class log
INFO: id:project5.Node@73b8dc93 | ts:415 | event:SEND | to/from:project5.Node@701b9555 | msg:MsgDelivered(4) | desc:
Dec 14, 2012 11:01:06 AM project5.ActorLogger$class log
INFO: id:project5.Node@73b8dc93 | ts:416 | event:RECEIVE | to/from:project5.Node@6871729c | msg:MsgMsg(project5.Node@701b9555,781c8c81,3) | desc:
Dec 14, 2012 11:01:06 AM project5.ActorLogger$class log
INFO: id:project5.Node@73b8dc93 | ts:417 | event:SEND | to/from:project5.Node@701b9555 | msg:MsgDelivered(4) | desc:
Dec 14, 2012 11:01:06 AM project5.ActorLogger$class log
INFO: id:project5.Node@73b8dc93 | ts:418 | event:RECEIVE | to/from:project5.Node@6871729c | msg:MsgMsg(project5.Node@701b9555,0afff5b3,3) | desc:
Dec 14, 2012 11:01:06 AM project5.ActorLogger$class log
INFO: id:project5.Node@73b8dc93 | ts:419 | event:SEND | to/from:project5.Node@701b9555 | msg:MsgDelivered(4) | desc:
Dec 14, 2012 11:01:06 AM project5.ActorLogger$class log
INFO: id:project5.Node@73b8dc93 | ts:420 | event:RECEIVE | to/from:project5.Node@6871729c | msg:MsgMsg(project5.Node@701b9555,7cc53a4c,3) | desc:
Dec 14, 2012 11:01:06 AM project5.ActorLogger$class log
INFO: id:project5.Node@73b8dc93 | ts:421 | event:SEND | to/from:project5.Node@701b9555 | msg:MsgDelivered(4) | desc:
Dec 14, 2012 11:01:06 AM project5.ActorLogger$class log
INFO: id:project5.Node@73b8dc93 | ts:422 | event:RECEIVE | to/from:project5.Node@6871729c | msg:MsgMsg(project5.Node@701b9555,db446a6c,3) | desc:
Dec 14, 2012 11:01:06 AM project5.ActorLogger$class log
INFO: id:project5.Node@73b8dc93 | ts:423 | event:SEND | to/from:project5.Node@701b9555 | msg:MsgDelivered(4) | desc:
Dec 14, 2012 11:01:06 AM project5.ActorLogger$class log
INFO: id:project5.Node@73b8dc93 | ts:424 | event:RECEIVE | to/from:project5.Node@6871729c | msg:MsgMsg(project5.Node@701b9555,ed176b64,3) | desc:
Dec 14, 2012 11:01:06 AM project5.ActorLogger$class log
INFO: id:project5.Node@73b8dc93 | ts:425 | event:SEND | to/from:project5.Node@701b9555 | msg:MsgDelivered(4) | desc:
Dec 14, 2012 11:01:06 AM project5.ActorLogger$class log
INFO: id:project5.Node@73b8dc93 | ts:426 | event:RECEIVE | to/from:project5.Node@6871729c | msg:MsgMsg(project5.Node@701b9555,128ea565,3) | desc:
Dec 14, 2012 11:01:06 AM project5.ActorLogger$class log
INFO: id:project5.Node@73b8dc93 | ts:427 | event:SEND | to/from:project5.Node@701b9555 | msg:MsgDelivered(4) | desc:
Dec 14, 2012 11:01:06 AM project5.ActorLogger$class log
INFO: id:project5.Node@73b8dc93 | ts:428 | event:RECEIVE | to/from:project5.Node@6871729c | msg:MsgMsg(project5.Node@e18a9e8,8174727c,3) | desc:
Dec 14, 2012 11:01:06 AM project5.ActorLogger$class log
INFO: id:project5.Node@73b8dc93 | ts:429 | event:SEND | to/from:project5.Node@e18a9e8 | msg:MsgDelivered(4) | desc:
Dec 14, 2012 11:01:06 AM project5.ActorLogger$class log
INFO: id:project5.Node@73b8dc93 | ts:430 | event:RECEIVE | to/from:project5.Node@6871729c | msg:MsgMsg(project5.Node@e18a9e8,d2e8f636,3) | desc:
Dec 14, 2012 11:01:06 AM project5.ActorLogger$class log
INFO: id:project5.Node@73b8dc93 | ts:431 | event:SEND | to/from:project5.Node@e18a9e8 | msg:MsgDelivered(4) | desc:
Dec 14, 2012 11:01:06 AM project5.ActorLogger$class log
INFO: id:project5.Node@73b8dc93 | ts:432 | event:RECEIVE | to/from:project5.Node@6871729c | msg:MsgMsg(project5.Node@e18a9e8,c0bb48bc,3) | desc:
Dec 14, 2012 11:01:06 AM project5.ActorLogger$class log
INFO: id:project5.Node@73b8dc93 | ts:433 | event:SEND | to/from:project5.Node@e18a9e8 | msg:MsgDelivered(4) | desc:
Dec 14, 2012 11:01:06 AM project5.ActorLogger$class log
INFO: id:project5.Node@73b8dc93 | ts:434 | event:RECEIVE | to/from:project5.Node@6871729c | msg:MsgMsg(project5.Node@e18a9e8,d71d3f2c,3) | desc:
Dec 14, 2012 11:01:06 AM project5.ActorLogger$class log
INFO: id:project5.Node@73b8dc93 | ts:435 | event:SEND | to/from:project5.Node@e18a9e8 | msg:MsgDelivered(4) | desc:
Dec 14, 2012 11:01:06 AM project5.ActorLogger$class log
INFO: id:project5.Node@73b8dc93 | ts:436 | event:RECEIVE | to/from:project5.Node@6871729c | msg:MsgMsg(project5.Node@e18a9e8,b6754d8f,3) | desc:
Dec 14, 2012 11:01:06 AM project5.ActorLogger$class log
INFO: id:project5.Node@73b8dc93 | ts:437 | event:SEND | to/from:project5.Node@e18a9e8 | msg:MsgDelivered(4) | desc:
Dec 14, 2012 11:01:06 AM project5.ActorLogger$class log
INFO: id:project5.Node@73b8dc93 | ts:438 | event:RECEIVE | to/from:project5.Node@6871729c | msg:MsgMsg(project5.Node@68d5c08f,3f8dfdbc,5) | desc:
Dec 14, 2012 11:01:06 AM project5.ActorLogger$class log
INFO: id:project5.Node@73b8dc93 | ts:439 | event:SEND | to/from:project5.Node@68d5c08f | msg:MsgDelivered(6) | desc:
Dec 14, 2012 11:01:06 AM project5.ActorLogger$class log
INFO: id:project5.Node@73b8dc93 | ts:440 | event:RECEIVE | to/from:project5.Node@6871729c | msg:MsgMsg(project5.Node@68d5c08f,d8c303a3,5) | desc:
Dec 14, 2012 11:01:06 AM project5.ActorLogger$class log
INFO: id:project5.Node@73b8dc93 | ts:441 | event:SEND | to/from:project5.Node@68d5c08f | msg:MsgDelivered(6) | desc:
Dec 14, 2012 11:01:06 AM project5.ActorLogger$class log
INFO: id:project5.Node@73b8dc93 | ts:442 | event:RECEIVE | to/from:project5.Node@6871729c | msg:MsgMsg(project5.Node@68d5c08f,49599db2,5) | desc:
Dec 14, 2012 11:01:06 AM project5.ActorLogger$class log
INFO: id:project5.Node@73b8dc93 | ts:443 | event:SEND | to/from:project5.Node@68d5c08f | msg:MsgDelivered(6) | desc:
Dec 14, 2012 11:01:06 AM project5.ActorLogger$class log
INFO: id:project5.Node@73b8dc93 | ts:444 | event:RECEIVE | to/from:project5.Node@6871729c | msg:MsgMsg(project5.Node@186b480a,0da588fd,7) | desc:
Dec 14, 2012 11:01:06 AM project5.ActorLogger$class log
INFO: id:project5.Node@73b8dc93 | ts:445 | event:SEND | to/from:project5.Node@186b480a | msg:MsgDelivered(8) | desc:
Dec 14, 2012 11:01:06 AM project5.ActorLogger$class log
INFO: id:project5.Node@73b8dc93 | ts:446 | event:RECEIVE | to/from:project5.Node@6871729c | msg:MsgMsg(project5.Node@61ec56c9,3edc3623,5) | desc:
Dec 14, 2012 11:01:06 AM project5.ActorLogger$class log
INFO: id:project5.Node@73b8dc93 | ts:447 | event:SEND | to/from:project5.Node@61ec56c9 | msg:MsgDelivered(6) | desc:
Dec 14, 2012 11:01:06 AM project5.ActorLogger$class log
INFO: id:project5.Node@73b8dc93 | ts:448 | event:RECEIVE | to/from:project5.Node@6871729c | msg:MsgMsg(project5.Node@61ec56c9,c3bb0846,5) | desc:
Dec 14, 2012 11:01:06 AM project5.ActorLogger$class log
INFO: id:project5.Node@73b8dc93 | ts:449 | event:SEND | to/from:project5.Node@61ec56c9 | msg:MsgDelivered(6) | desc:
Dec 14, 2012 11:01:06 AM project5.ActorLogger$class log
INFO: id:project5.Node@73b8dc93 | ts:450 | event:RECEIVE | to/from:project5.Node@6871729c | msg:MsgMsg(project5.Node@186b480a,d5009460,7) | desc:
Dec 14, 2012 11:01:06 AM project5.ActorLogger$class log
INFO: id:project5.Node@73b8dc93 | ts:451 | event:SEND | to/from:project5.Node@186b480a | msg:MsgDelivered(8) | desc:
Dec 14, 2012 11:01:06 AM project5.ActorLogger$class log
INFO: id:project5.Node@73b8dc93 | ts:452 | event:RECEIVE | to/from:project5.Node@6871729c | msg:MsgMsg(project5.Node@61ec56c9,19dbaada,5) | desc:
Dec 14, 2012 11:01:06 AM project5.ActorLogger$class log
INFO: id:project5.Node@73b8dc93 | ts:453 | event:SEND | to/from:project5.Node@61ec56c9 | msg:MsgDelivered(6) | desc:
Dec 14, 2012 11:01:06 AM project5.ActorLogger$class log
INFO: id:project5.Node@73b8dc93 | ts:454 | event:RECEIVE | to/from:project5.Node@6871729c | msg:MsgMsg(project5.Node@61ec56c9,d6b702bd,5) | desc:
Dec 14, 2012 11:01:06 AM project5.ActorLogger$class log
INFO: id:project5.Node@73b8dc93 | ts:455 | event:SEND | to/from:project5.Node@61ec56c9 | msg:MsgDelivered(6) | desc:
Dec 14, 2012 11:01:06 AM project5.ActorLogger$class log
INFO: id:project5.Node@73b8dc93 | ts:456 | event:RECEIVE | to/from:project5.Node@6871729c | msg:MsgMsg(project5.Node@61ec56c9,b4273ee3,5) | desc:
Dec 14, 2012 11:01:06 AM project5.ActorLogger$class log
INFO: id:project5.Node@73b8dc93 | ts:457 | event:SEND | to/from:project5.Node@61ec56c9 | msg:MsgDelivered(6) | desc:
Dec 14, 2012 11:01:06 AM project5.ActorLogger$class log
INFO: id:project5.Node@73b8dc93 | ts:458 | event:RECEIVE | to/from:project5.Node@6871729c | msg:MsgMsg(project5.Node@186b480a,cebc9ab4,7) | desc:
Dec 14, 2012 11:01:06 AM project5.ActorLogger$class log
INFO: id:project5.Node@73b8dc93 | ts:459 | event:SEND | to/from:project5.Node@186b480a | msg:MsgDelivered(8) | desc:
Dec 14, 2012 11:01:06 AM project5.ActorLogger$class log
INFO: id:project5.Node@73b8dc93 | ts:460 | event:RECEIVE | to/from:project5.Node@6871729c | msg:MsgMsg(project5.Node@4e2a544e,89bb63e0,5) | desc:
Dec 14, 2012 11:01:06 AM project5.ActorLogger$class log
INFO: id:project5.Node@73b8dc93 | ts:461 | event:SEND | to/from:project5.Node@4e2a544e | msg:MsgDelivered(6) | desc:
Dec 14, 2012 11:01:06 AM project5.ActorLogger$class log
INFO: id:project5.Node@73b8dc93 | ts:462 | event:RECEIVE | to/from:project5.Node@6871729c | msg:MsgMsg(project5.Node@4e2a544e,4860eec6,5) | desc:
Dec 14, 2012 11:01:06 AM project5.ActorLogger$class log
INFO: id:project5.Node@73b8dc93 | ts:463 | event:SEND | to/from:project5.Node@4e2a544e | msg:MsgDelivered(6) | desc:
Dec 14, 2012 11:01:06 AM project5.ActorLogger$class log
INFO: id:project5.Node@73b8dc93 | ts:466 | event:RECEIVE | to/from:project5.Node@6871729c | msg:MsgMsg(project5.Node@4e2a544e,cdc2323c,5) | desc:
Dec 14, 2012 11:01:06 AM project5.ActorLogger$class log
INFO: id:project5.Node@73b8dc93 | ts:467 | event:SEND | to/from:project5.Node@4e2a544e | msg:MsgDelivered(6) | desc:
Dec 14, 2012 11:01:06 AM project5.ActorLogger$class log
INFO: id:project5.Node@73b8dc93 | ts:468 | event:RECEIVE | to/from:project5.Node@6871729c | msg:MsgMsg(project5.Node@4e2a544e,d1c83945,5) | desc:
Dec 14, 2012 11:01:06 AM project5.ActorLogger$class log
INFO: id:project5.Node@73b8dc93 | ts:469 | event:SEND | to/from:project5.Node@4e2a544e | msg:MsgDelivered(6) | desc:
Dec 14, 2012 11:01:06 AM project5.ActorLogger$class log
INFO: id:project5.Node@73b8dc93 | ts:470 | event:RECEIVE | to/from:project5.Node@6871729c | msg:MsgMsg(project5.Node@4e2a544e,f6afd770,5) | desc:
Dec 14, 2012 11:01:06 AM project5.ActorLogger$class log
INFO: id:project5.Node@73b8dc93 | ts:471 | event:SEND | to/from:project5.Node@4e2a544e | msg:MsgDelivered(6) | desc:
Dec 14, 2012 11:01:06 AM project5.ActorLogger$class log
INFO: id:project5.Node@73b8dc93 | ts:472 | event:RECEIVE | to/from:project5.Node@6871729c | msg:MsgMsg(project5.Node@4e2a544e,f8055ac8,5) | desc:
Dec 14, 2012 11:01:06 AM project5.ActorLogger$class log
INFO: id:project5.Node@73b8dc93 | ts:473 | event:SEND | to/from:project5.Node@4e2a544e | msg:MsgDelivered(6) | desc:
Dec 14, 2012 11:01:06 AM project5.ActorLogger$class log
INFO: id:project5.Node@73b8dc93 | ts:474 | event:RECEIVE | to/from:project5.Node@6871729c | msg:MsgMsg(project5.Node@186b480a,d8ccd268,7) | desc:
Dec 14, 2012 11:01:06 AM project5.ActorLogger$class log
INFO: id:project5.Node@73b8dc93 | ts:475 | event:SEND | to/from:project5.Node@186b480a | msg:MsgDelivered(8) | desc:
Dec 14, 2012 11:01:06 AM project5.ActorLogger$class log
INFO: id:project5.Node@73b8dc93 | ts:480 | event:RECEIVE | to/from:project5.Node@6871729c | msg:MsgMsg(project5.Node@473f704e,198899f1,5) | desc:
Dec 14, 2012 11:01:06 AM project5.ActorLogger$class log
INFO: id:project5.Node@73b8dc93 | ts:481 | event:SEND | to/from:project5.Node@473f704e | msg:MsgDelivered(6) | desc:
Dec 14, 2012 11:01:06 AM project5.ActorLogger$class log
INFO: id:project5.Node@73b8dc93 | ts:482 | event:RECEIVE | to/from:project5.Node@6871729c | msg:MsgMsg(project5.Node@473f704e,fb09dfc6,5) | desc:
Dec 14, 2012 11:01:06 AM project5.ActorLogger$class log
INFO: id:project5.Node@73b8dc93 | ts:483 | event:SEND | to/from:project5.Node@473f704e | msg:MsgDelivered(6) | desc:
Dec 14, 2012 11:01:06 AM project5.ActorLogger$class log
INFO: id:project5.Node@73b8dc93 | ts:484 | event:RECEIVE | to/from:project5.Node@6871729c | msg:MsgMsg(project5.Node@473f704e,c2b196cd,5) | desc:
Dec 14, 2012 11:01:06 AM project5.ActorLogger$class log
INFO: id:project5.Node@73b8dc93 | ts:485 | event:SEND | to/from:project5.Node@473f704e | msg:MsgDelivered(6) | desc:
Dec 14, 2012 11:01:06 AM project5.ActorLogger$class log
INFO: id:project5.Node@73b8dc93 | ts:486 | event:RECEIVE | to/from:project5.Node@6871729c | msg:MsgMsg(project5.Node@473f704e,ba34ec68,5) | desc:
Dec 14, 2012 11:01:06 AM project5.ActorLogger$class log
INFO: id:project5.Node@73b8dc93 | ts:487 | event:SEND | to/from:project5.Node@473f704e | msg:MsgDelivered(6) | desc:
Dec 14, 2012 11:01:06 AM project5.ActorLogger$class log
INFO: id:project5.Node@73b8dc93 | ts:488 | event:RECEIVE | to/from:project5.Node@6871729c | msg:MsgMsg(project5.Node@78556aa9,31a38415,5) | desc:
Dec 14, 2012 11:01:06 AM project5.ActorLogger$class log
INFO: id:project5.Node@73b8dc93 | ts:489 | event:SEND | to/from:project5.Node@78556aa9 | msg:MsgDelivered(6) | desc:
Dec 14, 2012 11:01:06 AM project5.ActorLogger$class log
INFO: id:project5.Node@73b8dc93 | ts:492 | event:RECEIVE | to/from:project5.Node@6871729c | msg:MsgMsg(project5.Node@78556aa9,3b26b57f,5) | desc:
Dec 14, 2012 11:01:06 AM project5.ActorLogger$class log
INFO: id:project5.Node@73b8dc93 | ts:493 | event:SEND | to/from:project5.Node@78556aa9 | msg:MsgDelivered(6) | desc:
Dec 14, 2012 11:01:06 AM project5.ActorLogger$class log
INFO: id:project5.Node@73b8dc93 | ts:494 | event:RECEIVE | to/from:project5.Node@6871729c | msg:MsgMsg(project5.Node@78556aa9,c33f7938,5) | desc:
Dec 14, 2012 11:01:06 AM project5.ActorLogger$class log
INFO: id:project5.Node@73b8dc93 | ts:495 | event:SEND | to/from:project5.Node@78556aa9 | msg:MsgDelivered(6) | desc:
Dec 14, 2012 11:01:06 AM project5.ActorLogger$class log
INFO: id:project5.Node@73b8dc93 | ts:496 | event:RECEIVE | to/from:project5.Node@6871729c | msg:MsgMsg(project5.Node@78556aa9,cd879e00,5) | desc:
Dec 14, 2012 11:01:06 AM project5.ActorLogger$class log
INFO: id:project5.Node@73b8dc93 | ts:497 | event:SEND | to/from:project5.Node@78556aa9 | msg:MsgDelivered(6) | desc:
Dec 14, 2012 11:01:06 AM project5.ActorLogger$class log
INFO: id:project5.Node@73b8dc93 | ts:498 | event:RECEIVE | to/from:project5.Node@6871729c | msg:MsgMsg(project5.Node@5bb79d4f,e5b1a67f,5) | desc:
Dec 14, 2012 11:01:06 AM project5.ActorLogger$class log
INFO: id:project5.Node@73b8dc93 | ts:499 | event:SEND | to/from:project5.Node@5bb79d4f | msg:MsgDelivered(6) | desc:
Dec 14, 2012 11:01:06 AM project5.ActorLogger$class log
INFO: id:project5.Node@73b8dc93 | ts:500 | event:RECEIVE | to/from:project5.Node@6871729c | msg:MsgMsg(project5.Node@5bb79d4f,8d449d93,5) | desc:
Dec 14, 2012 11:01:06 AM project5.ActorLogger$class log
INFO: id:project5.Node@73b8dc93 | ts:501 | event:SEND | to/from:project5.Node@5bb79d4f | msg:MsgDelivered(6) | desc:
Dec 14, 2012 11:01:06 AM project5.ActorLogger$class log
INFO: id:project5.Node@73b8dc93 | ts:502 | event:RECEIVE | to/from:project5.Node@6871729c | msg:MsgMsg(project5.Node@5bb79d4f,436baf02,5) | desc:
Dec 14, 2012 11:01:06 AM project5.ActorLogger$class log
INFO: id:project5.Node@73b8dc93 | ts:503 | event:SEND | to/from:project5.Node@5bb79d4f | msg:MsgDelivered(6) | desc:
Dec 14, 2012 11:01:06 AM project5.ActorLogger$class log
INFO: id:project5.Node@73b8dc93 | ts:506 | event:RECEIVE | to/from:project5.Node@6871729c | msg:MsgMsg(project5.Node@5bb79d4f,8a4e25ce,5) | desc:
Dec 14, 2012 11:01:06 AM project5.ActorLogger$class log
INFO: id:project5.Node@73b8dc93 | ts:507 | event:SEND | to/from:project5.Node@5bb79d4f | msg:MsgDelivered(6) | desc:
Dec 14, 2012 11:01:06 AM project5.ActorLogger$class log
INFO: id:project5.Node@73b8dc93 | ts:508 | event:RECEIVE | to/from:project5.Node@6871729c | msg:MsgMsg(project5.Node@5bb79d4f,06ef38b4,5) | desc:
Dec 14, 2012 11:01:06 AM project5.ActorLogger$class log
INFO: id:project5.Node@73b8dc93 | ts:509 | event:SEND | to/from:project5.Node@5bb79d4f | msg:MsgDelivered(6) | desc:
Dec 14, 2012 11:01:06 AM project5.ActorLogger$class log
INFO: id:project5.Node@73b8dc93 | ts:510 | event:RECEIVE | to/from:project5.Node@6871729c | msg:MsgMsg(project5.Node@5bb79d4f,d5d3f2ab,5) | desc:
Dec 14, 2012 11:01:06 AM project5.ActorLogger$class log
INFO: id:project5.Node@73b8dc93 | ts:511 | event:SEND | to/from:project5.Node@5bb79d4f | msg:MsgDelivered(6) | desc:
Dec 14, 2012 11:01:06 AM project5.ActorLogger$class log
INFO: id:project5.Node@73b8dc93 | ts:512 | event:RECEIVE | to/from:project5.Node@6871729c | msg:MsgMsg(project5.Node@5bb79d4f,8435a93a,5) | desc:
Dec 14, 2012 11:01:06 AM project5.ActorLogger$class log
INFO: id:project5.Node@73b8dc93 | ts:513 | event:SEND | to/from:project5.Node@5bb79d4f | msg:MsgDelivered(6) | desc:
Dec 14, 2012 11:01:06 AM project5.ActorLogger$class log
INFO: id:project5.Node@73b8dc93 | ts:514 | event:RECEIVE | to/from:project5.Node@6871729c | msg:MsgMsg(project5.Node@5bb79d4f,df30546d,5) | desc:
Dec 14, 2012 11:01:06 AM project5.ActorLogger$class log
INFO: id:project5.Node@73b8dc93 | ts:515 | event:SEND | to/from:project5.Node@5bb79d4f | msg:MsgDelivered(6) | desc:
Dec 14, 2012 11:01:06 AM project5.ActorLogger$class log
INFO: id:project5.Node@73b8dc93 | ts:516 | event:RECEIVE | to/from:project5.Node@6871729c | msg:MsgMsg(project5.Node@6d99723f,f2c556fc,7) | desc:
Dec 14, 2012 11:01:06 AM project5.ActorLogger$class log
INFO: id:project5.Node@73b8dc93 | ts:517 | event:SEND | to/from:project5.Node@6d99723f | msg:MsgDelivered(8) | desc:
Dec 14, 2012 11:01:06 AM project5.ActorLogger$class log
INFO: id:project5.Node@73b8dc93 | ts:518 | event:RECEIVE | to/from:project5.Node@6871729c | msg:MsgMsg(project5.Node@7a31f737,bde66192,5) | desc:
Dec 14, 2012 11:01:06 AM project5.ActorLogger$class log
INFO: id:project5.Node@73b8dc93 | ts:519 | event:SEND | to/from:project5.Node@7a31f737 | msg:MsgDelivered(6) | desc:
Dec 14, 2012 11:01:06 AM project5.ActorLogger$class log
INFO: id:project5.Node@73b8dc93 | ts:520 | event:RECEIVE | to/from:project5.Node@6871729c | msg:MsgMsg(project5.Node@7a31f737,dbcfbaad,5) | desc:
Dec 14, 2012 11:01:06 AM project5.ActorLogger$class log
INFO: id:project5.Node@73b8dc93 | ts:521 | event:SEND | to/from:project5.Node@7a31f737 | msg:MsgDelivered(6) | desc:
Dec 14, 2012 11:01:06 AM project5.ActorLogger$class log
INFO: id:project5.Node@73b8dc93 | ts:522 | event:RECEIVE | to/from:project5.Node@6871729c | msg:MsgMsg(project5.Node@7a31f737,86ec2fb2,5) | desc:
Dec 14, 2012 11:01:06 AM project5.ActorLogger$class log
INFO: id:project5.Node@73b8dc93 | ts:523 | event:SEND | to/from:project5.Node@7a31f737 | msg:MsgDelivered(6) | desc:
Dec 14, 2012 11:01:06 AM project5.ActorLogger$class log
INFO: id:project5.Node@73b8dc93 | ts:524 | event:RECEIVE | to/from:project5.Node@6871729c | msg:MsgMsg(project5.Node@7a31f737,3e753030,5) | desc:
Dec 14, 2012 11:01:06 AM project5.ActorLogger$class log
INFO: id:project5.Node@73b8dc93 | ts:525 | event:SEND | to/from:project5.Node@7a31f737 | msg:MsgDelivered(6) | desc:
Dec 14, 2012 11:01:06 AM project5.ActorLogger$class log
INFO: id:project5.Node@73b8dc93 | ts:526 | event:RECEIVE | to/from:project5.Node@6871729c | msg:MsgMsg(project5.Node@7a31f737,f05f1cfe,5) | desc:
Dec 14, 2012 11:01:06 AM project5.ActorLogger$class log
INFO: id:project5.Node@73b8dc93 | ts:527 | event:SEND | to/from:project5.Node@7a31f737 | msg:MsgDelivered(6) | desc:
Dec 14, 2012 11:01:06 AM project5.ActorLogger$class log
INFO: id:project5.Node@73b8dc93 | ts:528 | event:RECEIVE | to/from:project5.Node@6871729c | msg:MsgMsg(project5.Node@7a31f737,b6388a0f,5) | desc:
Dec 14, 2012 11:01:06 AM project5.ActorLogger$class log
INFO: id:project5.Node@73b8dc93 | ts:529 | event:SEND | to/from:project5.Node@7a31f737 | msg:MsgDelivered(6) | desc:
Dec 14, 2012 11:01:06 AM project5.ActorLogger$class log
INFO: id:project5.Node@73b8dc93 | ts:530 | event:RECEIVE | to/from:project5.Node@6871729c | msg:MsgMsg(project5.Node@3963542c,c3a3eabc,5) | desc:
Dec 14, 2012 11:01:06 AM project5.ActorLogger$class log
INFO: id:project5.Node@73b8dc93 | ts:531 | event:SEND | to/from:project5.Node@3963542c | msg:MsgDelivered(6) | desc:
Dec 14, 2012 11:01:06 AM project5.ActorLogger$class log
INFO: id:project5.Node@73b8dc93 | ts:532 | event:RECEIVE | to/from:project5.Node@6871729c | msg:MsgMsg(project5.Node@3963542c,deefa626,5) | desc:
Dec 14, 2012 11:01:06 AM project5.ActorLogger$class log
INFO: id:project5.Node@73b8dc93 | ts:533 | event:SEND | to/from:project5.Node@3963542c | msg:MsgDelivered(6) | desc:
Dec 14, 2012 11:01:06 AM project5.ActorLogger$class log
INFO: id:project5.Node@73b8dc93 | ts:534 | event:RECEIVE | to/from:project5.Node@6871729c | msg:MsgMsg(project5.Node@3963542c,dccf5528,5) | desc:
Dec 14, 2012 11:01:06 AM project5.ActorLogger$class log
INFO: id:project5.Node@73b8dc93 | ts:535 | event:SEND | to/from:project5.Node@3963542c | msg:MsgDelivered(6) | desc:
Dec 14, 2012 11:01:06 AM project5.ActorLogger$class log
INFO: id:project5.Node@73b8dc93 | ts:536 | event:RECEIVE | to/from:project5.Node@6871729c | msg:MsgMsg(project5.Node@3963542c,f145ed19,5) | desc:
Dec 14, 2012 11:01:06 AM project5.ActorLogger$class log
INFO: id:project5.Node@73b8dc93 | ts:537 | event:SEND | to/from:project5.Node@3963542c | msg:MsgDelivered(6) | desc:
Dec 14, 2012 11:01:06 AM project5.ActorLogger$class log
INFO: id:project5.Node@73b8dc93 | ts:538 | event:RECEIVE | to/from:project5.Node@6871729c | msg:MsgMsg(project5.Node@3963542c,3a53e11b,5) | desc:
Dec 14, 2012 11:01:06 AM project5.ActorLogger$class log
INFO: id:project5.Node@73b8dc93 | ts:539 | event:SEND | to/from:project5.Node@3963542c | msg:MsgDelivered(6) | desc:
Dec 14, 2012 11:01:06 AM project5.ActorLogger$class log
INFO: id:project5.Node@73b8dc93 | ts:540 | event:RECEIVE | to/from:project5.Node@6871729c | msg:MsgMsg(project5.Node@3963542c,bb2ac6a3,5) | desc:
Dec 14, 2012 11:01:06 AM project5.ActorLogger$class log
INFO: id:project5.Node@73b8dc93 | ts:541 | event:SEND | to/from:project5.Node@3963542c | msg:MsgDelivered(6) | desc:
Dec 14, 2012 11:01:06 AM project5.ActorLogger$class log
INFO: id:project5.Node@73b8dc93 | ts:542 | event:RECEIVE | to/from:project5.Node@6871729c | msg:MsgMsg(project5.Node@3963542c,17e8018d,5) | desc:
Dec 14, 2012 11:01:06 AM project5.ActorLogger$class log
INFO: id:project5.Node@73b8dc93 | ts:543 | event:SEND | to/from:project5.Node@3963542c | msg:MsgDelivered(6) | desc:
Dec 14, 2012 11:01:06 AM project5.ActorLogger$class log
INFO: id:project5.Node@73b8dc93 | ts:544 | event:RECEIVE | to/from:project5.Node@6871729c | msg:MsgMsg(project5.Node@6d99723f,0ed455a3,7) | desc:
Dec 14, 2012 11:01:06 AM project5.ActorLogger$class log
INFO: id:project5.Node@73b8dc93 | ts:545 | event:SEND | to/from:project5.Node@6d99723f | msg:MsgDelivered(8) | desc:
Dec 14, 2012 11:01:06 AM project5.ActorLogger$class log
INFO: id:project5.Node@73b8dc93 | ts:548 | event:RECEIVE | to/from:project5.Node@6871729c | msg:MsgMsg(project5.Node@1dad8678,476ad743,5) | desc:
Dec 14, 2012 11:01:06 AM project5.ActorLogger$class log
INFO: id:project5.Node@73b8dc93 | ts:549 | event:SEND | to/from:project5.Node@1dad8678 | msg:MsgDelivered(6) | desc:
Dec 14, 2012 11:01:06 AM project5.ActorLogger$class log
INFO: id:project5.Node@73b8dc93 | ts:550 | event:RECEIVE | to/from:project5.Node@6871729c | msg:MsgMsg(project5.Node@1dad8678,1ae700b8,5) | desc:
Dec 14, 2012 11:01:06 AM project5.ActorLogger$class log
INFO: id:project5.Node@73b8dc93 | ts:551 | event:SEND | to/from:project5.Node@1dad8678 | msg:MsgDelivered(6) | desc:
Dec 14, 2012 11:01:06 AM project5.ActorLogger$class log
INFO: id:project5.Node@73b8dc93 | ts:552 | event:RECEIVE | to/from:project5.Node@6871729c | msg:MsgMsg(project5.Node@1dad8678,0d161fb1,5) | desc:
Dec 14, 2012 11:01:06 AM project5.ActorLogger$class log
INFO: id:project5.Node@73b8dc93 | ts:553 | event:SEND | to/from:project5.Node@1dad8678 | msg:MsgDelivered(6) | desc:
Dec 14, 2012 11:01:06 AM project5.ActorLogger$class log
INFO: id:project5.Node@73b8dc93 | ts:554 | event:RECEIVE | to/from:project5.Node@6871729c | msg:MsgMsg(project5.Node@1dad8678,198a37ff,5) | desc:
Dec 14, 2012 11:01:06 AM project5.ActorLogger$class log
INFO: id:project5.Node@73b8dc93 | ts:555 | event:SEND | to/from:project5.Node@1dad8678 | msg:MsgDelivered(6) | desc:
Dec 14, 2012 11:01:06 AM project5.ActorLogger$class log
INFO: id:project5.Node@73b8dc93 | ts:556 | event:RECEIVE | to/from:project5.Node@6871729c | msg:MsgMsg(project5.Node@1dad8678,002b4ae7,5) | desc:
Dec 14, 2012 11:01:06 AM project5.ActorLogger$class log
INFO: id:project5.Node@73b8dc93 | ts:557 | event:SEND | to/from:project5.Node@1dad8678 | msg:MsgDelivered(6) | desc:
Dec 14, 2012 11:01:06 AM project5.ActorLogger$class log
INFO: id:project5.Node@73b8dc93 | ts:560 | event:RECEIVE | to/from:project5.Node@6871729c | msg:MsgMsg(project5.Node@6d99723f,362d36ec,7) | desc:
Dec 14, 2012 11:01:06 AM project5.ActorLogger$class log
INFO: id:project5.Node@73b8dc93 | ts:561 | event:SEND | to/from:project5.Node@6d99723f | msg:MsgDelivered(8) | desc:
Dec 14, 2012 11:01:06 AM project5.ActorLogger$class log
INFO: id:project5.Node@73b8dc93 | ts:562 | event:RECEIVE | to/from:project5.Node@6871729c | msg:MsgMsg(project5.Node@6d99723f,49479b3a,7) | desc:
Dec 14, 2012 11:01:06 AM project5.ActorLogger$class log
INFO: id:project5.Node@73b8dc93 | ts:563 | event:SEND | to/from:project5.Node@6d99723f | msg:MsgDelivered(8) | desc:
Dec 14, 2012 11:01:06 AM project5.ActorLogger$class log
INFO: id:project5.Node@73b8dc93 | ts:564 | event:RECEIVE | to/from:project5.Node@6871729c | msg:MsgMsg(project5.Node@6d99723f,19fc9cc9,7) | desc:
Dec 14, 2012 11:01:06 AM project5.ActorLogger$class log
INFO: id:project5.Node@73b8dc93 | ts:565 | event:SEND | to/from:project5.Node@6d99723f | msg:MsgDelivered(8) | desc:
Dec 14, 2012 11:01:06 AM project5.ActorLogger$class log
INFO: id:project5.Node@73b8dc93 | ts:566 | event:RECEIVE | to/from:project5.Node@6871729c | msg:MsgMsg(project5.Node@6d99723f,12763442,7) | desc:
Dec 14, 2012 11:01:06 AM project5.ActorLogger$class log
INFO: id:project5.Node@73b8dc93 | ts:567 | event:SEND | to/from:project5.Node@6d99723f | msg:MsgDelivered(8) | desc:
Dec 14, 2012 11:01:06 AM project5.ActorLogger$class log
INFO: id:project5.Node@73b8dc93 | ts:570 | event:RECEIVE | to/from:project5.Node@6871729c | msg:MsgMsg(project5.Node@3dbd83b2,815bdbd7,4) | desc:
Dec 14, 2012 11:01:06 AM project5.ActorLogger$class log
INFO: id:project5.Node@73b8dc93 | ts:571 | event:SEND | to/from:project5.Node@3dbd83b2 | msg:MsgDelivered(5) | desc:
Dec 14, 2012 11:01:06 AM project5.ActorLogger$class log
INFO: id:project5.Node@73b8dc93 | ts:572 | event:RECEIVE | to/from:project5.Node@6871729c | msg:MsgMsg(project5.Node@3dbd83b2,0b188226,4) | desc:
Dec 14, 2012 11:01:06 AM project5.ActorLogger$class log
INFO: id:project5.Node@73b8dc93 | ts:573 | event:SEND | to/from:project5.Node@3dbd83b2 | msg:MsgDelivered(5) | desc:
Dec 14, 2012 11:01:06 AM project5.ActorLogger$class log
INFO: id:project5.Node@73b8dc93 | ts:574 | event:RECEIVE | to/from:project5.Node@6871729c | msg:MsgMsg(project5.Node@3dbd83b2,3d2941fe,4) | desc:
Dec 14, 2012 11:01:06 AM project5.ActorLogger$class log
INFO: id:project5.Node@73b8dc93 | ts:575 | event:SEND | to/from:project5.Node@3dbd83b2 | msg:MsgDelivered(5) | desc:
Dec 14, 2012 11:01:06 AM project5.ActorLogger$class log
INFO: id:project5.Node@73b8dc93 | ts:576 | event:RECEIVE | to/from:project5.Node@6871729c | msg:MsgMsg(project5.Node@3dbd83b2,451354ef,4) | desc:
Dec 14, 2012 11:01:06 AM project5.ActorLogger$class log
INFO: id:project5.Node@73b8dc93 | ts:577 | event:SEND | to/from:project5.Node@3dbd83b2 | msg:MsgDelivered(5) | desc:
Dec 14, 2012 11:01:06 AM project5.ActorLogger$class log
INFO: id:project5.Node@73b8dc93 | ts:578 | event:RECEIVE | to/from:project5.Node@6871729c | msg:MsgMsg(project5.Node@3dbd83b2,309164fc,4) | desc:
Dec 14, 2012 11:01:06 AM project5.ActorLogger$class log
INFO: id:project5.Node@73b8dc93 | ts:579 | event:SEND | to/from:project5.Node@3dbd83b2 | msg:MsgDelivered(5) | desc:
Dec 14, 2012 11:01:06 AM project5.ActorLogger$class log
INFO: id:project5.Node@73b8dc93 | ts:580 | event:RECEIVE | to/from:project5.Node@6871729c | msg:MsgMsg(project5.Node@3dbd83b2,f1a9a15f,4) | desc:
Dec 14, 2012 11:01:06 AM project5.ActorLogger$class log
INFO: id:project5.Node@73b8dc93 | ts:581 | event:SEND | to/from:project5.Node@3dbd83b2 | msg:MsgDelivered(5) | desc:
Dec 14, 2012 11:01:06 AM project5.ActorLogger$class log
INFO: id:project5.Node@73b8dc93 | ts:582 | event:RECEIVE | to/from:project5.Node@6871729c | msg:MsgMsg(project5.Node@3dbd83b2,fd82a1a5,4) | desc:
Dec 14, 2012 11:01:06 AM project5.ActorLogger$class log
INFO: id:project5.Node@73b8dc93 | ts:583 | event:SEND | to/from:project5.Node@3dbd83b2 | msg:MsgDelivered(5) | desc:
Dec 14, 2012 11:01:06 AM project5.ActorLogger$class log
INFO: id:project5.Node@73b8dc93 | ts:584 | event:RECEIVE | to/from:project5.Node@6871729c | msg:MsgMsg(project5.Node@3dbd83b2,d874d041,4) | desc:
Dec 14, 2012 11:01:06 AM project5.ActorLogger$class log
INFO: id:project5.Node@73b8dc93 | ts:585 | event:SEND | to/from:project5.Node@3dbd83b2 | msg:MsgDelivered(5) | desc:
